NEW ENVIRONMENT SET.
cori

SOLVING FOR 1000 desi lrg
SOLVING FOR 2000 desi lrg
SOLVING FOR 3000 desi lrg
SOLVING FOR 4000 desi lrg
SOLVING FOR 5000 desi lrg
SOLVING FOR 6000 desi lrg
SOLVING FOR 7000 desi lrg
SOLVING FOR 8000 desi lrg
SOLVING FOR 9000 desi lrg
SOLVING FOR 10000 desi lrg
Running with 24 processes
Loading targets...
Running with 24 processes
Loading targets...
Running with 24 processes
Loading targets...
Running with 24 processes
Loading targets...
Running with 24 processes
Loading targets...
Running with 24 processes
Loading targets...
['/global/cscratch1/sd/mjwilson/desi/simspec/lrg-desi-spectra-exp-7000.fits']
Read and distribution of 200 targets: 1.9 seconds
['/global/cscratch1/sd/mjwilson/desi/simspec/lrg-desi-spectra-exp-8000.fits']
Read and distribution of 200 targets: 1.8 seconds
Running with 24 processes
Loading targets...
Running with 24 processes
Loading targets...
DEBUG: Read templates from /global/homes/m/mjwilson/desi/BEAST/desihub/redrock/py/redrock/templates
DEBUG: Using default redshift range 1.5000-3.9997 for rrtemplate-LBG.fits
DEBUG: Using default redshift range -0.0050-1.6997 for rrtemplate-galaxy.fits
DEBUG: Using default redshift range 0.0500-5.9934 for rrtemplate-qso.fits
DEBUG: Using default redshift range -0.0020-0.0020 for rrtemplate-star-A.fits
DEBUG: Using default redshift range -0.0020-0.0020 for rrtemplate-star-B.fits
DEBUG: Using default redshift range -0.0020-0.0020 for rrtemplate-star-F.fits
DEBUG: Using default redshift range -0.0020-0.0020 for rrtemplate-star-K.fits
DEBUG: Using default redshift range -0.0020-0.0020 for rrtemplate-star-M.fits
Read and broadcast of 8 templates: 1.0 seconds
DEBUG: Read templates from /global/homes/m/mjwilson/desi/BEAST/desihub/redrock/py/redrock/templates
DEBUG: Using default redshift range 1.5000-3.9997 for rrtemplate-LBG.fits
DEBUG: Using default redshift range -0.0050-1.6997 for rrtemplate-galaxy.fits
DEBUG: Using default redshift range 0.0500-5.9934 for rrtemplate-qso.fits
DEBUG: Using default redshift range -0.0020-0.0020 for rrtemplate-star-A.fits
DEBUG: Using default redshift range -0.0020-0.0020 for rrtemplate-star-B.fits
DEBUG: Using default redshift range -0.0020-0.0020 for rrtemplate-star-F.fits
DEBUG: Using default redshift range -0.0020-0.0020 for rrtemplate-star-K.fits
DEBUG: Using default redshift range -0.0020-0.0020 for rrtemplate-star-M.fits
Read and broadcast of 8 templates: 0.5 seconds
['/global/cscratch1/sd/mjwilson/desi/simspec/lrg-desi-spectra-exp-9000.fits']
Read and distribution of 200 targets: 2.1 seconds
['/global/cscratch1/sd/mjwilson/desi/simspec/lrg-desi-spectra-exp-10000.fits']
Read and distribution of 200 targets: 2.5 seconds
['/global/cscratch1/sd/mjwilson/desi/simspec/lrg-desi-spectra-exp-2000.fits']
Read and distribution of 200 targets: 1.7 seconds
Running with 24 processes
Loading targets...
DEBUG: Read templates from /global/homes/m/mjwilson/desi/BEAST/desihub/redrock/py/redrock/templates
DEBUG: Using default redshift range 1.5000-3.9997 for rrtemplate-LBG.fits
DEBUG: Using default redshift range -0.0050-1.6997 for rrtemplate-galaxy.fits
DEBUG: Using default redshift range 0.0500-5.9934 for rrtemplate-qso.fits
DEBUG: Using default redshift range -0.0020-0.0020 for rrtemplate-star-A.fits
DEBUG: Using default redshift range -0.0020-0.0020 for rrtemplate-star-B.fits
DEBUG: Using default redshift range -0.0020-0.0020 for rrtemplate-star-F.fits
DEBUG: Using default redshift range -0.0020-0.0020 for rrtemplate-star-K.fits
DEBUG: Using default redshift range -0.0020-0.0020 for rrtemplate-star-M.fits
Read and broadcast of 8 templates: 0.4 seconds
['/global/cscratch1/sd/mjwilson/desi/simspec/lrg-desi-spectra-exp-4000.fits']
Read and distribution of 200 targets: 1.9 seconds
DEBUG: Read templates from /global/homes/m/mjwilson/desi/BEAST/desihub/redrock/py/redrock/templates
DEBUG: Using default redshift range 1.5000-3.9997 for rrtemplate-LBG.fits
DEBUG: Using default redshift range -0.0050-1.6997 for rrtemplate-galaxy.fits
DEBUG: Using default redshift range 0.0500-5.9934 for rrtemplate-qso.fits
DEBUG: Using default redshift range -0.0020-0.0020 for rrtemplate-star-A.fits
DEBUG: Using default redshift range -0.0020-0.0020 for rrtemplate-star-B.fits
DEBUG: Using default redshift range -0.0020-0.0020 for rrtemplate-star-F.fits
DEBUG: Using default redshift range -0.0020-0.0020 for rrtemplate-star-K.fits
DEBUG: Using default redshift range -0.0020-0.0020 for rrtemplate-star-M.fits
Read and broadcast of 8 templates: 0.5 seconds
DEBUG: Read templates from /global/homes/m/mjwilson/desi/BEAST/desihub/redrock/py/redrock/templates
DEBUG: Using default redshift range 1.5000-3.9997 for rrtemplate-LBG.fits
DEBUG: Using default redshift range -0.0050-1.6997 for rrtemplate-galaxy.fits
DEBUG: Using default redshift range 0.0500-5.9934 for rrtemplate-qso.fits
DEBUG: Using default redshift range -0.0020-0.0020 for rrtemplate-star-A.fits
DEBUG: Using default redshift range -0.0020-0.0020 for rrtemplate-star-B.fits
DEBUG: Using default redshift range -0.0020-0.0020 for rrtemplate-star-F.fits
DEBUG: Using default redshift range -0.0020-0.0020 for rrtemplate-star-K.fits
DEBUG: Using default redshift range -0.0020-0.0020 for rrtemplate-star-M.fits
Read and broadcast of 8 templates: 0.5 seconds
DEBUG: Read templates from /global/homes/m/mjwilson/desi/BEAST/desihub/redrock/py/redrock/templates
DEBUG: Using default redshift range 1.5000-3.9997 for rrtemplate-LBG.fits
DEBUG: Using default redshift range -0.0050-1.6997 for rrtemplate-galaxy.fits
DEBUG: Using default redshift range 0.0500-5.9934 for rrtemplate-qso.fits
DEBUG: Using default redshift range -0.0020-0.0020 for rrtemplate-star-A.fits
DEBUG: Using default redshift range -0.0020-0.0020 for rrtemplate-star-B.fits
DEBUG: Using default redshift range -0.0020-0.0020 for rrtemplate-star-F.fits
DEBUG: Using default redshift range -0.0020-0.0020 for rrtemplate-star-K.fits
DEBUG: Using default redshift range -0.0020-0.0020 for rrtemplate-star-M.fits
Read and broadcast of 8 templates: 0.4 seconds
['/global/cscratch1/sd/mjwilson/desi/simspec/lrg-desi-spectra-exp-5000.fits']
Read and distribution of 200 targets: 1.8 seconds
['/global/cscratch1/sd/mjwilson/desi/simspec/lrg-desi-spectra-exp-6000.fits']
Read and distribution of 200 targets: 2.0 seconds
DEBUG: Read templates from /global/homes/m/mjwilson/desi/BEAST/desihub/redrock/py/redrock/templates
DEBUG: Using default redshift range 1.5000-3.9997 for rrtemplate-LBG.fits
DEBUG: Using default redshift range -0.0050-1.6997 for rrtemplate-galaxy.fits
DEBUG: Using default redshift range 0.0500-5.9934 for rrtemplate-qso.fits
DEBUG: Using default redshift range -0.0020-0.0020 for rrtemplate-star-A.fits
DEBUG: Using default redshift range -0.0020-0.0020 for rrtemplate-star-B.fits
DEBUG: Using default redshift range -0.0020-0.0020 for rrtemplate-star-F.fits
DEBUG: Using default redshift range -0.0020-0.0020 for rrtemplate-star-K.fits
DEBUG: Using default redshift range -0.0020-0.0020 for rrtemplate-star-M.fits
Read and broadcast of 8 templates: 0.4 seconds
Rebinning templates: 2.3 seconds
Computing redshifts
  Scanning redshifts for template LBG
    Progress:   0 %
Rebinning templates: 1.6 seconds
Computing redshifts
  Scanning redshifts for template LBG
    Progress:   0 %
['/global/cscratch1/sd/mjwilson/desi/simspec/lrg-desi-spectra-exp-3000.fits']
Read and distribution of 200 targets: 1.9 seconds
DEBUG: Read templates from /global/homes/m/mjwilson/desi/BEAST/desihub/redrock/py/redrock/templates
DEBUG: Using default redshift range 1.5000-3.9997 for rrtemplate-LBG.fits
DEBUG: Using default redshift range -0.0050-1.6997 for rrtemplate-galaxy.fits
DEBUG: Using default redshift range 0.0500-5.9934 for rrtemplate-qso.fits
DEBUG: Using default redshift range -0.0020-0.0020 for rrtemplate-star-A.fits
DEBUG: Using default redshift range -0.0020-0.0020 for rrtemplate-star-B.fits
DEBUG: Using default redshift range -0.0020-0.0020 for rrtemplate-star-F.fits
DEBUG: Using default redshift range -0.0020-0.0020 for rrtemplate-star-K.fits
DEBUG: Using default redshift range -0.0020-0.0020 for rrtemplate-star-M.fits
Read and broadcast of 8 templates: 0.7 seconds
Rebinning templates: 2.6 seconds
Computing redshifts
  Scanning redshifts for template LBG
    Progress:   0 %
Running with 24 processes
Loading targets...
DEBUG: Read templates from /global/homes/m/mjwilson/desi/BEAST/desihub/redrock/py/redrock/templates
DEBUG: Using default redshift range 1.5000-3.9997 for rrtemplate-LBG.fits
DEBUG: Using default redshift range -0.0050-1.6997 for rrtemplate-galaxy.fits
DEBUG: Using default redshift range 0.0500-5.9934 for rrtemplate-qso.fits
DEBUG: Using default redshift range -0.0020-0.0020 for rrtemplate-star-A.fits
DEBUG: Using default redshift range -0.0020-0.0020 for rrtemplate-star-B.fits
DEBUG: Using default redshift range -0.0020-0.0020 for rrtemplate-star-F.fits
DEBUG: Using default redshift range -0.0020-0.0020 for rrtemplate-star-K.fits
DEBUG: Using default redshift range -0.0020-0.0020 for rrtemplate-star-M.fits
Read and broadcast of 8 templates: 0.4 seconds
Rebinning templates: 2.3 seconds
Computing redshifts
  Scanning redshifts for template LBG
    Progress:   0 %
Rebinning templates: 2.3 seconds
Computing redshifts
  Scanning redshifts for template LBG
    Progress:   0 %
Rebinning templates: 2.1 seconds
Computing redshifts
  Scanning redshifts for template LBG
    Progress:   0 %
    Progress:  10 %
    Progress:  10 %
    Progress:  10 %
    Progress:  10 %
    Progress:  10 %
    Progress:  20 %
    Progress:  20 %
Rebinning templates: 2.2 seconds
Computing redshifts
  Scanning redshifts for template LBG
    Progress:   0 %
    Progress:  10 %
    Progress:  20 %
    Progress:  20 %
    Progress:  20 %
Rebinning templates: 2.3 seconds
Computing redshifts
  Scanning redshifts for template LBG
    Progress:   0 %
    Progress:  30 %
    Progress:  30 %
Rebinning templates: 2.3 seconds
Computing redshifts
  Scanning redshifts for template LBG
    Progress:   0 %
    Progress:  20 %
    Progress:  30 %
    Progress:  10 %
    Progress:  40 %
    Progress:  30 %
    Progress:  30 %
    Progress:  40 %
    Progress:  40 %
    Progress:  50 %
['/global/cscratch1/sd/mjwilson/desi/simspec/lrg-desi-spectra-exp-1000.fits']
Read and distribution of 200 targets: 3.0 seconds
    Progress:  40 %
    Progress:  20 %
    Progress:  40 %
    Progress:  10 %
    Progress:  50 %
    Progress:  30 %
    Progress:  50 %
DEBUG: Read templates from /global/homes/m/mjwilson/desi/BEAST/desihub/redrock/py/redrock/templates
DEBUG: Using default redshift range 1.5000-3.9997 for rrtemplate-LBG.fits
DEBUG: Using default redshift range -0.0050-1.6997 for rrtemplate-galaxy.fits
DEBUG: Using default redshift range 0.0500-5.9934 for rrtemplate-qso.fits
DEBUG: Using default redshift range -0.0020-0.0020 for rrtemplate-star-A.fits
DEBUG: Using default redshift range -0.0020-0.0020 for rrtemplate-star-B.fits
DEBUG: Using default redshift range -0.0020-0.0020 for rrtemplate-star-F.fits
DEBUG: Using default redshift range -0.0020-0.0020 for rrtemplate-star-K.fits
DEBUG: Using default redshift range -0.0020-0.0020 for rrtemplate-star-M.fits
Read and broadcast of 8 templates: 0.4 seconds
    Progress:  50 %
    Progress:  10 %
    Progress:  60 %
    Progress:  50 %
    Progress:  40 %
    Progress:  60 %
    Progress:  60 %
    Progress:  20 %
    Progress:  60 %
    Progress:  30 %
    Progress:  70 %
    Progress:  20 %
    Progress:  50 %
    Progress:  70 %
    Progress:  70 %
    Progress:  60 %
    Progress:  70 %
    Progress:  40 %
    Progress:  80 %
    Progress:  30 %
    Progress:  60 %
    Progress:  70 %
    Progress:  30 %
    Progress:  80 %
    Progress:  80 %
    Progress:  50 %
    Progress:  80 %
    Progress:  40 %
    Progress:  90 %
    Progress:  70 %
    Progress:  90 %
    Progress:  90 %
Rebinning templates: 2.2 seconds
Computing redshifts
  Scanning redshifts for template LBG
    Progress:   0 %
    Progress:  80 %
    Progress:  90 %
    Progress:  40 %
    Progress:  50 %
    Progress: 100 %
    Progress:  60 %
    Progress: 100 %
    Finished in: 6.5 seconds
  Scanning redshifts for template GALAXY
    Progress:   0 %
    Progress: 100 %
    Progress:  90 %
    Finished in: 5.6 seconds
  Scanning redshifts for template GALAXY
    Progress:   0 %
    Progress: 100 %
    Finished in: 6.5 seconds
  Scanning redshifts for template GALAXY
    Progress:  80 %
    Progress:   0 %
    Progress:  50 %
    Finished in: 6.5 seconds
  Scanning redshifts for template GALAXY
    Progress:   0 %
    Progress:  70 %
    Progress:  60 %
    Progress: 100 %
    Finished in: 6.5 seconds
  Scanning redshifts for template GALAXY
    Progress:   0 %
    Progress:  90 %
    Progress:  10 %
    Progress:  70 %
    Progress:  60 %
    Progress: 100 %
    Progress:  80 %
    Finished in: 6.8 seconds
  Scanning redshifts for template GALAXY
    Progress:   0 %
    Progress:  70 %
    Progress:  90 %
    Progress:  20 %
    Progress:  80 %
    Progress:  90 %
    Progress: 100 %
    Finished in: 6.5 seconds
  Scanning redshifts for template GALAXY
    Progress:   0 %
    Progress:  80 %
    Progress:  30 %
    Progress: 100 %
    Finished in: 6.5 seconds
  Scanning redshifts for template GALAXY
    Progress:   0 %
    Progress:  90 %
    Progress:  40 %
    Progress:  10 %
    Progress:  10 %
    Progress: 100 %
    Finished in: 6.7 seconds
  Scanning redshifts for template GALAXY
    Progress:   0 %
    Progress:  10 %
    Progress:  50 %
    Progress:  10 %
    Progress:  10 %
    Progress:  60 %
    Progress:  10 %
    Progress:  70 %
    Progress:  80 %
    Progress:  20 %
    Progress:  20 %
    Progress:  20 %
    Progress:  10 %
    Progress:  20 %
    Progress:  90 %
    Progress:  10 %
    Progress:  20 %
    Progress: 100 %
    Progress:  10 %
    Progress:  20 %
    Finished in: 6.6 seconds
  Scanning redshifts for template GALAXY
    Progress:   0 %
    Progress:  20 %
    Progress:  20 %
    Progress:  30 %
    Progress:  20 %
    Progress:  30 %
    Progress:  30 %
    Progress:  30 %
    Progress:  30 %
    Progress:  30 %
    Progress:  10 %
    Progress:  40 %
    Progress:  40 %
    Progress:  40 %
    Progress:  30 %
    Progress:  40 %
    Progress:  30 %
    Progress:  40 %
    Progress:  30 %
    Progress:  40 %
    Progress:  20 %
    Progress:  50 %
    Progress:  50 %
    Progress:  50 %
    Progress:  40 %
    Progress:  50 %
    Progress:  40 %
    Progress:  50 %
    Progress:  40 %
    Progress:  50 %
    Progress:  30 %
    Progress:  50 %
    Progress:  50 %
    Progress:  60 %
    Progress:  60 %
    Progress:  50 %
    Progress:  60 %
    Progress:  60 %
    Progress:  60 %
    Progress:  60 %
    Progress:  40 %
    Progress:  70 %
    Progress:  70 %
    Progress:  70 %
    Progress:  70 %
    Progress:  60 %
    Progress:  60 %
    Progress:  70 %
    Progress:  60 %
    Progress:  70 %
    Progress:  50 %
    Progress:  70 %
    Progress:  70 %
    Progress:  70 %
    Progress:  80 %
    Progress:  80 %
    Progress:  80 %
    Progress:  80 %
    Progress:  80 %
    Progress:  80 %
    Progress:  60 %
    Progress:  90 %
    Progress:  90 %
    Progress:  90 %
    Progress:  90 %
    Progress:  80 %
    Progress:  80 %
    Progress:  80 %
    Progress:  90 %
    Progress:  90 %
    Progress:  70 %
    Progress: 100 %
    Progress: 100 %
    Progress: 100 %
    Progress: 100 %
    Finished in: 24.5 seconds
  Scanning redshifts for template QSO
    Progress:   0 %
    Progress:  90 %
    Finished in: 24.5 seconds
  Scanning redshifts for template QSO
    Progress:   0 %
    Finished in: 24.6 seconds
  Scanning redshifts for template QSO
    Progress:   0 %
    Progress:  90 %
    Progress: 100 %
    Progress:  90 %
    Progress: 100 %
    Finished in: 24.8 seconds
  Scanning redshifts for template QSO
    Progress:   0 %
    Finished in: 24.6 seconds
  Scanning redshifts for template QSO
    Progress:   0 %
    Finished in: 24.4 seconds
  Scanning redshifts for template QSO
    Progress:   0 %
    Progress:  10 %
    Progress:  80 %
    Progress:  10 %
    Progress:  10 %
    Progress: 100 %
    Finished in: 24.6 seconds
  Scanning redshifts for template QSO
    Progress:   0 %
    Progress:  10 %
    Progress:  10 %
    Progress: 100 %
    Progress:  20 %
    Progress:  10 %
    Progress: 100 %
    Progress:  20 %
    Progress:  20 %
    Finished in: 24.9 seconds
  Scanning redshifts for template QSO
    Progress:   0 %
    Finished in: 24.6 seconds
  Scanning redshifts for template QSO
    Progress:   0 %
    Progress:  20 %
    Progress:  20 %
    Progress:  20 %
    Progress:  90 %
    Progress:  10 %
    Progress:  30 %
    Progress:  30 %
    Progress:  30 %
    Progress:  10 %
    Progress:  10 %
    Progress:  30 %
    Progress:  20 %
    Progress:  30 %
    Progress:  30 %
    Progress:  40 %
    Progress:  40 %
    Progress:  40 %
    Progress:  20 %
    Progress: 100 %
    Progress:  20 %
    Progress:  40 %
    Finished in: 24.4 seconds
  Scanning redshifts for template QSO
    Progress:   0 %
    Progress:  40 %
    Progress:  40 %
    Progress:  50 %
    Progress:  50 %
    Progress:  50 %
    Progress:  30 %
    Progress:  50 %
    Progress:  30 %
    Progress:  50 %
    Progress:  50 %
    Progress:  30 %
    Progress:  40 %
    Progress:  10 %
    Progress:  60 %
    Progress:  60 %
    Progress:  60 %
    Progress:  40 %
    Progress:  40 %
    Progress:  60 %
    Progress:  50 %
    Progress:  20 %
    Progress:  70 %
    Progress:  60 %
    Progress:  60 %
    Progress:  70 %
    Progress:  70 %
    Progress:  50 %
    Progress:  50 %
    Progress:  70 %
    Progress:  70 %
    Progress:  70 %
    Progress:  60 %
    Progress:  30 %
    Progress:  80 %
    Progress:  80 %
    Progress:  80 %
    Progress:  60 %
    Progress:  80 %
    Progress:  60 %
    Progress:  90 %
    Progress:  40 %
    Progress:  80 %
    Progress:  70 %
    Progress:  80 %
    Progress:  90 %
    Progress:  90 %
    Progress:  70 %
    Progress:  90 %
    Progress:  70 %
    Progress: 100 %
    Progress:  90 %
    Progress:  50 %
    Progress:  90 %
    Progress: 100 %
    Progress: 100 %
    Finished in: 12.8 seconds
  Scanning redshifts for template STAR:::A
    Progress:   0 %
    Finished in: 12.8 seconds
  Scanning redshifts for template STAR:::A
    Progress:   0 %
    Progress:  10 %
    Progress:  80 %
    Finished in: 12.7 seconds
  Scanning redshifts for template STAR:::A
    Progress:   0 %
    Progress:  10 %
    Progress:  20 %
    Progress: 100 %
    Progress:  10 %
    Progress:  20 %
    Progress:  30 %
    Progress:  20 %
    Progress:  40 %
    Progress:  30 %
    Finished in: 12.6 seconds
  Scanning redshifts for template STAR:::A
    Progress:   0 %
    Progress:  30 %
    Progress:  50 %
    Progress:  40 %
    Progress:  40 %
    Progress:  10 %
    Progress:  50 %
    Progress: 100 %
    Progress:  60 %
    Progress:  50 %
    Progress:  20 %
    Progress:  70 %
    Progress:  60 %
    Progress:  80 %
    Progress:  60 %
    Progress:  70 %
    Progress:  30 %
    Progress:  80 %
    Progress: 100 %
    Progress:  70 %
    Finished in: 12.9 seconds
  Scanning redshifts for template STAR:::A
    Progress:   0 %
    Progress:  40 %
    Progress:  80 %
    Progress:  80 %
    Finished in: 12.6 seconds
  Scanning redshifts for template STAR:::A
    Progress:   0 %
    Progress:  50 %
    Progress:  80 %
    Progress:  10 %
    Progress:  90 %
    Progress:  10 %
    Progress:  60 %
    Progress:  90 %
    Progress:  20 %
    Progress: 100 %
    Finished in: 1.0 seconds
  Scanning redshifts for template STAR:::B
    Progress:   0 %
    Progress:  20 %
    Progress:  90 %
    Progress:  70 %
    Progress: 100 %
    Finished in: 1.0 seconds
  Scanning redshifts for template STAR:::B
    Progress:   0 %
    Progress:  30 %
    Progress:  60 %
    Progress:  10 %
    Progress: 100 %
    Finished in: 1.0 seconds
  Scanning redshifts for template STAR:::B
    Progress:   0 %
    Progress:  30 %
    Progress:  80 %
    Progress:  40 %
    Progress:  10 %
    Progress:  90 %
    Progress:  20 %
    Progress:  40 %
    Progress:  50 %
    Progress:  10 %
    Progress:  20 %
    Progress:  50 %
    Progress:  30 %
    Progress:  90 %
    Progress:  20 %
    Progress:  60 %
    Progress:  30 %
    Progress:  40 %
    Progress:  60 %
    Progress: 100 %
    Finished in: 1.0 seconds
  Scanning redshifts for template STAR:::B
    Progress:   0 %
    Progress:  70 %
    Progress:  30 %
    Progress:  50 %
    Progress:  40 %
    Progress:  70 %
    Progress:  40 %
    Progress:  10 %
    Progress:  50 %
    Progress:  80 %
    Progress:  60 %
    Progress:  80 %
    Progress:  50 %
    Progress:  20 %
    Progress:  70 %
    Progress:  60 %
    Progress:  90 %
    Progress:  60 %
    Progress:  70 %
    Progress:  30 %
    Progress:  90 %
    Progress:  90 %
    Progress:  80 %
    Progress:  70 %
    Progress: 100 %
    Finished in: 1.0 seconds
  Scanning redshifts for template STAR:::B
    Progress:   0 %
    Progress:  40 %
    Progress:  80 %
    Progress: 100 %
    Finished in: 1.0 seconds
  Scanning redshifts for template STAR:::B
    Progress:   0 %
    Progress:  50 %
    Progress:  90 %
    Progress:  80 %
    Progress:  90 %
    Progress:  10 %
    Progress:  10 %
    Progress:  90 %
    Progress:  60 %
    Progress:  20 %
    Progress: 100 %
    Finished in: 1.0 seconds
  Scanning redshifts for template STAR:::F
    Progress:   0 %
    Progress:  20 %
    Progress:  90 %
    Progress:  70 %
    Progress: 100 %
    Finished in: 1.0 seconds
  Scanning redshifts for template STAR:::F
    Progress:   0 %
    Progress:  30 %
    Progress:  10 %
    Progress: 100 %
    Finished in: 1.0 seconds
  Scanning redshifts for template STAR:::F
    Progress:   0 %
    Progress:  70 %
    Progress:  30 %
    Progress:  80 %
    Progress:  40 %
    Progress:  10 %
    Progress:  20 %
    Progress:  40 %
    Progress:  10 %
    Progress:  50 %
    Progress: 100 %
    Progress:  20 %
    Finished in: 12.9 seconds
  Scanning redshifts for template STAR:::A
    Progress:   0 %
    Progress:  50 %
    Progress:  30 %
    Progress:  90 %
    Progress:  20 %
    Progress:  60 %
    Progress:  30 %
    Progress:  40 %
    Progress:  10 %
    Progress: 100 %
    Finished in: 1.0 seconds
  Scanning redshifts for template STAR:::F
    Progress:   0 %
    Progress:  60 %
    Progress:  70 %
    Progress:  30 %
    Progress:  50 %
    Progress:  40 %
    Progress:  20 %
    Progress:  70 %
    Progress:  40 %
    Progress:  10 %
    Progress:  50 %
    Progress:  80 %
    Progress:  60 %
    Progress:  30 %
    Progress:  80 %
    Progress:  50 %
    Progress:  20 %
    Progress:  70 %
    Progress:  60 %
    Progress:  40 %
    Progress:  90 %
    Progress:  60 %
    Progress:  30 %
    Progress:  70 %
    Progress:  50 %
    Progress:  90 %
    Progress:  80 %
    Progress: 100 %
    Progress:  70 %
    Progress:  40 %
    Progress: 100 %
    Finished in: 1.0 seconds
  Scanning redshifts for template STAR:::F
    Progress:   0 %
    Progress: 100 %
    Progress:  80 %
    Finished in: 1.0 seconds
  Scanning redshifts for template STAR:::F
    Progress:   0 %
    Progress:  60 %
    Progress:  50 %
    Progress:  80 %
    Progress:  90 %
    Progress:  10 %
    Progress: 100 %
    Progress:  70 %
    Finished in: 12.8 seconds
  Scanning redshifts for template STAR:::A
    Progress:   0 %
    Finished in: 12.6 seconds
  Scanning redshifts for template STAR:::A
    Progress:   0 %
    Progress:  10 %
    Progress:  60 %
    Progress:  90 %
    Progress:  20 %
    Progress: 100 %
    Finished in: 1.0 seconds
  Scanning redshifts for template STAR:::K
    Progress:   0 %
    Progress:  20 %
    Progress:  80 %
    Progress:  90 %
    Progress:  70 %
    Progress:  10 %
    Progress: 100 %
    Progress:  10 %
    Finished in: 1.0 seconds
  Scanning redshifts for template STAR:::K
    Progress:   0 %
    Progress:  30 %
    Progress:  10 %
    Progress:  20 %
    Progress: 100 %
    Finished in: 1.0 seconds
  Scanning redshifts for template STAR:::K
    Progress:   0 %
    Progress:  30 %
    Progress:  20 %
    Progress:  80 %
    Progress:  10 %
    Progress:  40 %
    Progress:  90 %
    Progress:  20 %
    Progress:  40 %
    Progress:  30 %
    Progress:  10 %
    Progress:  50 %
    Progress:  30 %
    Progress:  20 %
    Progress: 100 %
    Finished in: 1.0 seconds
  Scanning redshifts for template STAR:::B
    Progress:   0 %
    Progress:  50 %
    Progress:  30 %
    Progress:  90 %
    Progress:  40 %
    Progress:  20 %
    Progress:  40 %
    Progress:  60 %
    Progress:  30 %
    Progress:  40 %
    Progress:  50 %
    Progress:  10 %
    Progress: 100 %
    Finished in: 1.0 seconds
  Scanning redshifts for template STAR:::K
    Progress:   0 %
    Progress:  60 %
    Progress:  50 %
    Progress:  70 %
    Progress:  30 %
    Progress:  50 %
    Progress:  40 %
    Progress:  20 %
    Progress:  70 %
    Progress:  60 %
    Progress:  40 %
    Progress:  10 %
    Progress:  60 %
    Progress:  50 %
    Progress:  80 %
    Progress:  60 %
    Progress:  70 %
    Progress:  80 %
    Progress:  30 %
    Progress:  50 %
    Progress:  70 %
    Progress:  20 %
    Progress:  70 %
    Progress:  60 %
    Progress:  40 %
    Progress:  80 %
    Progress:  80 %
    Progress:  80 %
    Progress:  90 %
    Progress:  60 %
    Progress:  30 %
    Progress:  70 %
    Progress:  50 %
    Progress:  90 %
    Progress:  80 %
    Progress:  70 %
    Progress:  40 %
    Progress: 100 %
    Finished in: 1.0 seconds
  Scanning redshifts for template STAR:::K
    Progress:   0 %
    Progress: 100 %
    Finished in: 1.0 seconds
  Scanning redshifts for template STAR:::K
    Progress:   0 %
    Progress:  80 %
    Progress:  60 %
    Progress:  90 %
    Progress:  90 %
    Progress:  50 %
    Progress:  80 %
    Progress:  90 %
    Progress:  10 %
    Progress:  70 %
    Progress: 100 %
    Finished in: 1.0 seconds
  Scanning redshifts for template STAR:::B
    Progress:   0 %
    Progress: 100 %
    Finished in: 1.0 seconds
  Scanning redshifts for template STAR:::B
    Progress:   0 %
    Progress:  10 %
    Progress:  60 %
    Progress:  90 %
    Progress:  20 %
    Progress: 100 %
    Finished in: 1.0 seconds
  Scanning redshifts for template STAR:::M
    Progress:   0 %
    Progress:  20 %
    Progress:  80 %
    Progress:  70 %
    Progress:  90 %
    Progress:  10 %
    Progress: 100 %
    Progress:  10 %
    Finished in: 1.0 seconds
  Scanning redshifts for template STAR:::M
    Progress:   0 %
    Progress:  30 %
    Progress:  10 %
    Progress: 100 %
    Finished in: 1.0 seconds
  Scanning redshifts for template STAR:::M
    Progress:   0 %
    Progress:  20 %
    Progress:  30 %
    Progress:  20 %
    Progress:  80 %
    Progress:  10 %
    Progress:  90 %
    Progress:  40 %
    Progress:  20 %
    Progress:  40 %
    Progress:  10 %
    Progress:  30 %
    Progress:  30 %
    Progress:  50 %
    Progress:  20 %
    Progress: 100 %
    Finished in: 1.0 seconds
  Scanning redshifts for template STAR:::F
    Progress:   0 %
    Progress:  50 %
    Progress:  90 %
    Progress:  30 %
    Progress:  20 %
    Progress:  40 %
    Progress:  40 %
    Progress:  60 %
    Progress:  30 %
    Progress:  40 %
    Progress: 100 %
    Finished in: 1.0 seconds
  Scanning redshifts for template STAR:::M
    Progress:   0 %
    Progress:  50 %
    Progress:  10 %
    Progress:  60 %
    Progress:  50 %
    Progress:  30 %
    Progress:  70 %
    Progress:  40 %
    Progress:  50 %
    Progress:  20 %
    Progress:  70 %
    Progress:  60 %
    Progress:  10 %
    Progress:  60 %
    Progress:  40 %
    Progress:  50 %
    Progress:  80 %
    Progress:  60 %
    Progress:  80 %
    Progress:  70 %
    Progress:  30 %
    Progress:  70 %
    Progress:  50 %
    Progress:  20 %
    Progress:  60 %
    Progress:  70 %
    Progress:  40 %
    Progress:  80 %
    Progress:  80 %
    Progress:  30 %
    Progress:  90 %
    Progress:  60 %
    Progress:  70 %
    Progress:  90 %
    Progress:  50 %
    Progress:  90 %
    Progress:  80 %
    Progress:  70 %
    Progress:  40 %
    Progress: 100 %
    Finished in: 1.0 seconds
  Scanning redshifts for template STAR:::M
    Progress:   0 %
    Progress: 100 %
    Finished in: 1.0 seconds
  Scanning redshifts for template STAR:::M
    Progress:   0 %
    Progress:  80 %
    Progress:  90 %
    Progress:  60 %
    Progress:  50 %
    Progress:  90 %
    Progress:  80 %
    Progress:  90 %
    Progress:  10 %
    Progress:  70 %
    Progress: 100 %
    Finished in: 1.0 seconds
  Scanning redshifts for template STAR:::F
    Progress:   0 %
    Progress: 100 %
    Progress:  10 %
    Finished in: 1.0 seconds
  Scanning redshifts for template STAR:::F
    Progress:   0 %
    Progress:  60 %
    Progress:  90 %
    Progress:  20 %
    Progress: 100 %
    Finished in: 1.0 seconds
  Finding best fits for template GALAXY
    Progress:  20 %
    Progress:  70 %
    Progress:  80 %
    Progress:  90 %
    Progress:  10 %
    Progress:  10 %
    Progress: 100 %
    Finished in: 1.0 seconds
  Finding best fits for template GALAXY
    Progress:  30 %
    Progress: 100 %
    Finished in: 1.0 seconds
  Finding best fits for template GALAXY
    Progress:  30 %
    Progress:  20 %
    Progress:  20 %
    Progress:  80 %
    Progress:  90 %
    Progress:  40 %
    Progress:  40 %
    Progress:  30 %
    Progress:  30 %
    Progress:  50 %
    Progress: 100 %
    Finished in: 1.0 seconds
  Scanning redshifts for template STAR:::K
    Progress:   0 %
    Progress:  50 %
    Progress:  90 %
    Progress:  40 %
    Progress:  40 %
    Progress:  60 %
    Progress: 100 %
    Finished in: 1.0 seconds
  Finding best fits for template GALAXY
    Progress:  60 %
    Progress:  50 %
    Progress:  50 %
    Progress:  10 %
    Progress:  70 %
    Progress:  70 %
    Progress:  20 %
    Progress:  60 %
    Progress:  60 %
    Progress:  80 %
    Progress:  80 %
    Progress:  70 %
    Progress:  70 %
    Progress:  30 %
    Progress:  40 %
    Progress:  80 %
    Progress:  80 %
    Progress:  90 %
    Progress:  90 %
    Progress:  50 %
    Progress: 100 %
    Progress: 100 %
    Finished in: 1.0 seconds
  Finding best fits for template GALAXY
    Progress: 100 %
    Finished in: 1.0 seconds
  Finding best fits for template GALAXY
    Progress:  90 %
    Progress:  60 %
    Progress:  90 %
    Finished in: 12.5 seconds
  Scanning redshifts for template STAR:::A
    Progress:   0 %
    Progress:  70 %
    Progress: 100 %
    Progress: 100 %
    Finished in: 1.0 seconds
  Scanning redshifts for template STAR:::K
    Progress:   0 %
    Finished in: 1.0 seconds
  Scanning redshifts for template STAR:::K
    Progress:   0 %
    Progress:  10 %
    Progress:  80 %
    Progress:  20 %
    Progress:  10 %
    Progress:  10 %
    Progress:  20 %
    Progress:  20 %
    Progress:  30 %
    Progress:  90 %
    Progress:  40 %
    Progress:  30 %
    Progress:  30 %
    Progress: 100 %
    Finished in: 1.0 seconds
  Scanning redshifts for template STAR:::M
    Progress:   0 %
    Progress:  50 %
    Progress:  40 %
    Progress:  40 %
    Progress:  50 %
    Progress:  50 %
    Progress:  10 %
    Progress:  60 %
    Progress:  20 %
    Progress:  70 %
    Progress:  60 %
    Progress:  60 %
    Progress:  70 %
    Progress:  70 %
    Progress:  30 %
    Progress:  80 %
    Progress:  40 %
    Progress:  80 %
    Progress:  80 %
    Progress:  50 %
    Progress:  90 %
    Progress:  90 %
    Progress:  90 %
    Progress:  60 %
    Progress: 100 %
    Finished in: 1.0 seconds
  Scanning redshifts for template STAR:::B
    Progress:   0 %
    Progress:  70 %
    Progress: 100 %
    Finished in: 1.0 seconds
  Scanning redshifts for template STAR:::M
    Progress:   0 %
    Progress: 100 %
    Finished in: 1.0 seconds
  Scanning redshifts for template STAR:::M
    Progress:   0 %
    Progress:  10 %
    Progress:  80 %
    Progress:  10 %
    Progress:  20 %
    Progress:  10 %
    Progress:  20 %
    Progress:  20 %
    Progress:  30 %
    Progress:  90 %
    Progress:  30 %
    Progress:  40 %
    Progress:  30 %
    Progress: 100 %
    Finished in: 1.0 seconds
  Finding best fits for template GALAXY
    Progress:  50 %
    Progress:  40 %
    Progress:  40 %
    Progress:  50 %
    Progress:  50 %
    Progress:  60 %
    Progress:  70 %
    Progress:  60 %
    Progress:  60 %
    Progress:  70 %
    Progress:  70 %
    Progress:  80 %
    Progress:  80 %
    Progress:  80 %
    Progress:  90 %
    Progress:  90 %
    Progress:  90 %
    Progress: 100 %
    Finished in: 1.0 seconds
  Scanning redshifts for template STAR:::F
    Progress:   0 %
    Progress: 100 %
    Finished in: 1.0 seconds
  Finding best fits for template GALAXY
    Progress: 100 %
    Finished in: 1.0 seconds
  Finding best fits for template GALAXY
    Progress:  10 %
    Progress:  20 %
    Progress:  30 %
    Progress:  40 %
    Progress:  50 %
    Progress:  60 %
    Progress:  70 %
    Progress:  80 %
    Progress:  90 %
    Progress: 100 %
    Finished in: 1.0 seconds
  Scanning redshifts for template STAR:::K
    Progress:   0 %
    Progress:  10 %
    Progress:  20 %
    Progress:  30 %
    Progress:  40 %
    Progress:  50 %
    Progress:  60 %
    Finished in: 4.5 seconds
  Finding best fits for template LBG
    Progress:  70 %
    Progress:  80 %
    Finished in: 4.5 seconds
  Finding best fits for template LBG
    Progress:  90 %
    Progress: 100 %
    Finished in: 1.0 seconds
  Scanning redshifts for template STAR:::M
    Progress:   0 %
    Progress:  10 %
    Progress:  20 %
    Progress:  30 %
    Finished in: 4.8 seconds
  Finding best fits for template LBG
    Progress:  40 %
    Finished in: 5.1 seconds
  Finding best fits for template LBG
    Progress:  50 %
    Finished in: 4.6 seconds
  Finding best fits for template LBG
    Progress:  60 %
    Progress:  70 %
    Progress:  80 %
    Finished in: 4.9 seconds
  Finding best fits for template LBG
    Progress:  90 %
    Progress: 100 %
    Finished in: 1.0 seconds
  Finding best fits for template GALAXY
    Finished in: 4.4 seconds
  Finding best fits for template LBG
    Finished in: 2.3 seconds
  Finding best fits for template QSO
    Finished in: 2.4 seconds
  Finding best fits for template QSO
    Finished in: 4.5 seconds
  Finding best fits for template LBG
    Finished in: 2.4 seconds
  Finding best fits for template QSO
    Finished in: 2.4 seconds
  Finding best fits for template QSO
    Finished in: 2.4 seconds
  Finding best fits for template QSO
    Finished in: 1.1 seconds
  Finding best fits for template STAR:::A
    Finished in: 2.3 seconds
  Finding best fits for template QSO
    Finished in: 1.2 seconds
  Finding best fits for template STAR:::A
    Finished in: 5.2 seconds
  Finding best fits for template LBG
    Finished in: 1.1 seconds
  Finding best fits for template STAR:::A
    Finished in: 1.2 seconds
  Finding best fits for template STAR:::A
    Finished in: 1.1 seconds
  Finding best fits for template STAR:::A
    Finished in: 2.4 seconds
  Finding best fits for template QSO
    Finished in: 1.1 seconds
  Finding best fits for template STAR:::A
    Finished in: 1.6 seconds
  Finding best fits for template STAR:::B
    Finished in: 1.6 seconds
  Finding best fits for template STAR:::B
    Finished in: 2.4 seconds
  Finding best fits for template QSO
    Finished in: 1.2 seconds
  Finding best fits for template STAR:::A
    Finished in: 1.6 seconds
  Finding best fits for template STAR:::B
    Finished in: 1.6 seconds
  Finding best fits for template STAR:::B
    Finished in: 1.6 seconds
  Finding best fits for template STAR:::B
    Finished in: 2.3 seconds
  Finding best fits for template QSO
    Finished in: 1.6 seconds
  Finding best fits for template STAR:::B
    Finished in: 4.9 seconds
  Finding best fits for template LBG
    Finished in: 1.1 seconds
  Finding best fits for template STAR:::A
    Finished in: 1.6 seconds
  Finding best fits for template STAR:::F
    Finished in: 1.6 seconds
  Finding best fits for template STAR:::F
    Finished in: 1.2 seconds
  Finding best fits for template STAR:::A
    Finished in: 1.6 seconds
  Finding best fits for template STAR:::B
    Finished in: 1.6 seconds
  Finding best fits for template STAR:::F
    Finished in: 1.6 seconds
  Finding best fits for template STAR:::F
    Finished in: 1.6 seconds
  Finding best fits for template STAR:::F
    Finished in: 1.6 seconds
  Finding best fits for template STAR:::F
    Finished in: 1.7 seconds
  Finding best fits for template STAR:::B
    Finished in: 1.6 seconds
  Finding best fits for template STAR:::K
    Finished in: 1.6 seconds
  Finding best fits for template STAR:::K
    Finished in: 2.3 seconds
  Finding best fits for template QSO
    Finished in: 1.6 seconds
  Finding best fits for template STAR:::B
    Finished in: 1.6 seconds
  Finding best fits for template STAR:::F
    Finished in: 1.6 seconds
  Finding best fits for template STAR:::K
    Finished in: 1.6 seconds
  Finding best fits for template STAR:::K
    Finished in: 1.6 seconds
  Finding best fits for template STAR:::K
    Finished in: 1.6 seconds
  Finding best fits for template STAR:::K
    Finished in: 1.5 seconds
  Finding best fits for template STAR:::M
    Finished in: 1.6 seconds
  Finding best fits for template STAR:::F
    Finished in: 1.2 seconds
  Finding best fits for template STAR:::A
    Finished in: 1.5 seconds
  Finding best fits for template STAR:::M
    Finished in: 1.6 seconds
  Finding best fits for template STAR:::F
    Finished in: 1.6 seconds
  Finding best fits for template STAR:::K
    Finished in: 1.5 seconds
  Finding best fits for template STAR:::M
    Finished in: 1.5 seconds
  Finding best fits for template STAR:::M
    Finished in: 1.6 seconds
  Finding best fits for template STAR:::M
    Finished in: 1.5 seconds
  Finding best fits for template STAR:::M
    Finished in: 1.4 seconds
    Finished in: 1.4 seconds
    Finished in: 1.6 seconds
  Finding best fits for template STAR:::K
    Finished in: 1.6 seconds
  Finding best fits for template STAR:::B
    Finished in: 1.4 seconds
    Finished in: 1.6 seconds
  Finding best fits for template STAR:::K
    Finished in: 1.5 seconds
    Finished in: 1.4 seconds
    Finished in: 1.6 seconds
  Finding best fits for template STAR:::M
    Finished in: 1.4 seconds
    Finished in: 1.5 seconds
  Finding best fits for template STAR:::M
    Finished in: 1.6 seconds
  Finding best fits for template STAR:::F
    Finished in: 1.4 seconds
    Finished in: 1.5 seconds
  Finding best fits for template STAR:::M
    Finished in: 1.4 seconds
    Finished in: 1.5 seconds
  Finding best fits for template STAR:::K
    Finished in: 1.4 seconds
    Finished in: 1.5 seconds
  Finding best fits for template STAR:::M
    Finished in: 1.4 seconds
Computing redshifts took: 72.9 seconds
Computing redshifts took: 73.9 seconds
Computing redshifts took: 74.4 seconds
Computing redshifts took: 74.2 seconds
Computing redshifts took: 73.7 seconds
Writing zscan data took: 0.8 seconds
Writing zscan data took: 0.9 seconds
Writing zbest data took: 0.1 seconds
Total run time: 78.3 seconds
['/global/cscratch1/sd/mjwilson/desi/simspec/lrg-desi-spectra-exp-4000.fits']
['/global/cscratch1/sd/mjwilson/desi/simspec/lrg-desi-spectra-exp-4000.fits']
['/global/cscratch1/sd/mjwilson/desi/simspec/lrg-desi-spectra-exp-4000.fits']
['/global/cscratch1/sd/mjwilson/desi/simspec/lrg-desi-spectra-exp-4000.fits']
['/global/cscratch1/sd/mjwilson/desi/simspec/lrg-desi-spectra-exp-4000.fits']
['/global/cscratch1/sd/mjwilson/desi/simspec/lrg-desi-spectra-exp-4000.fits']
['/global/cscratch1/sd/mjwilson/desi/simspec/lrg-desi-spectra-exp-4000.fits']
['/global/cscratch1/sd/mjwilson/desi/simspec/lrg-desi-spectra-exp-4000.fits']
['/global/cscratch1/sd/mjwilson/desi/simspec/lrg-desi-spectra-exp-4000.fits']
['/global/cscratch1/sd/mjwilson/desi/simspec/lrg-desi-spectra-exp-4000.fits']
['/global/cscratch1/sd/mjwilson/desi/simspec/lrg-desi-spectra-exp-4000.fits']
['/global/cscratch1/sd/mjwilson/desi/simspec/lrg-desi-spectra-exp-4000.fits']
['/global/cscratch1/sd/mjwilson/desi/simspec/lrg-desi-spectra-exp-4000.fits']
['/global/cscratch1/sd/mjwilson/desi/simspec/lrg-desi-spectra-exp-4000.fits']
['/global/cscratch1/sd/mjwilson/desi/simspec/lrg-desi-spectra-exp-4000.fits']
['/global/cscratch1/sd/mjwilson/desi/simspec/lrg-desi-spectra-exp-4000.fits']
['/global/cscratch1/sd/mjwilson/desi/simspec/lrg-desi-spectra-exp-4000.fits']
['/global/cscratch1/sd/mjwilson/desi/simspec/lrg-desi-spectra-exp-4000.fits']
['/global/cscratch1/sd/mjwilson/desi/simspec/lrg-desi-spectra-exp-4000.fits']
['/global/cscratch1/sd/mjwilson/desi/simspec/lrg-desi-spectra-exp-4000.fits']
['/global/cscratch1/sd/mjwilson/desi/simspec/lrg-desi-spectra-exp-4000.fits']
['/global/cscratch1/sd/mjwilson/desi/simspec/lrg-desi-spectra-exp-4000.fits']
['/global/cscratch1/sd/mjwilson/desi/simspec/lrg-desi-spectra-exp-4000.fits']
Writing zbest data took: 0.1 seconds
Total run time: 80.1 seconds
['/global/cscratch1/sd/mjwilson/desi/simspec/lrg-desi-spectra-exp-7000.fits']
['/global/cscratch1/sd/mjwilson/desi/simspec/lrg-desi-spectra-exp-7000.fits']
['/global/cscratch1/sd/mjwilson/desi/simspec/lrg-desi-spectra-exp-7000.fits']
['/global/cscratch1/sd/mjwilson/desi/simspec/lrg-desi-spectra-exp-7000.fits']
['/global/cscratch1/sd/mjwilson/desi/simspec/lrg-desi-spectra-exp-7000.fits']
['/global/cscratch1/sd/mjwilson/desi/simspec/lrg-desi-spectra-exp-7000.fits']
['/global/cscratch1/sd/mjwilson/desi/simspec/lrg-desi-spectra-exp-7000.fits']
['/global/cscratch1/sd/mjwilson/desi/simspec/lrg-desi-spectra-exp-7000.fits']
['/global/cscratch1/sd/mjwilson/desi/simspec/lrg-desi-spectra-exp-7000.fits']
['/global/cscratch1/sd/mjwilson/desi/simspec/lrg-desi-spectra-exp-7000.fits']
['/global/cscratch1/sd/mjwilson/desi/simspec/lrg-desi-spectra-exp-7000.fits']
['/global/cscratch1/sd/mjwilson/desi/simspec/lrg-desi-spectra-exp-7000.fits']
['/global/cscratch1/sd/mjwilson/desi/simspec/lrg-desi-spectra-exp-7000.fits']
['/global/cscratch1/sd/mjwilson/desi/simspec/lrg-desi-spectra-exp-7000.fits']
['/global/cscratch1/sd/mjwilson/desi/simspec/lrg-desi-spectra-exp-7000.fits']
['/global/cscratch1/sd/mjwilson/desi/simspec/lrg-desi-spectra-exp-7000.fits']
['/global/cscratch1/sd/mjwilson/desi/simspec/lrg-desi-spectra-exp-7000.fits']
['/global/cscratch1/sd/mjwilson/desi/simspec/lrg-desi-spectra-exp-7000.fits']
['/global/cscratch1/sd/mjwilson/desi/simspec/lrg-desi-spectra-exp-7000.fits']
['/global/cscratch1/sd/mjwilson/desi/simspec/lrg-desi-spectra-exp-7000.fits']
['/global/cscratch1/sd/mjwilson/desi/simspec/lrg-desi-spectra-exp-7000.fits']
['/global/cscratch1/sd/mjwilson/desi/simspec/lrg-desi-spectra-exp-7000.fits']
['/global/cscratch1/sd/mjwilson/desi/simspec/lrg-desi-spectra-exp-7000.fits']
Computing redshifts took: 74.4 seconds
Writing zscan data took: 0.8 seconds
Writing zscan data took: 0.8 seconds
Writing zscan data took: 0.8 seconds
Writing zbest data took: 0.1 seconds
Total run time: 79.8 seconds
['/global/cscratch1/sd/mjwilson/desi/simspec/lrg-desi-spectra-exp-10000.fits']
['/global/cscratch1/sd/mjwilson/desi/simspec/lrg-desi-spectra-exp-10000.fits']
['/global/cscratch1/sd/mjwilson/desi/simspec/lrg-desi-spectra-exp-10000.fits']
['/global/cscratch1/sd/mjwilson/desi/simspec/lrg-desi-spectra-exp-10000.fits']
['/global/cscratch1/sd/mjwilson/desi/simspec/lrg-desi-spectra-exp-10000.fits']
['/global/cscratch1/sd/mjwilson/desi/simspec/lrg-desi-spectra-exp-10000.fits']
['/global/cscratch1/sd/mjwilson/desi/simspec/lrg-desi-spectra-exp-10000.fits']
['/global/cscratch1/sd/mjwilson/desi/simspec/lrg-desi-spectra-exp-10000.fits']
['/global/cscratch1/sd/mjwilson/desi/simspec/lrg-desi-spectra-exp-10000.fits']
['/global/cscratch1/sd/mjwilson/desi/simspec/lrg-desi-spectra-exp-10000.fits']
['/global/cscratch1/sd/mjwilson/desi/simspec/lrg-desi-spectra-exp-10000.fits']
['/global/cscratch1/sd/mjwilson/desi/simspec/lrg-desi-spectra-exp-10000.fits']
['/global/cscratch1/sd/mjwilson/desi/simspec/lrg-desi-spectra-exp-10000.fits']
['/global/cscratch1/sd/mjwilson/desi/simspec/lrg-desi-spectra-exp-10000.fits']
['/global/cscratch1/sd/mjwilson/desi/simspec/lrg-desi-spectra-exp-10000.fits']
['/global/cscratch1/sd/mjwilson/desi/simspec/lrg-desi-spectra-exp-10000.fits']
['/global/cscratch1/sd/mjwilson/desi/simspec/lrg-desi-spectra-exp-10000.fits']
['/global/cscratch1/sd/mjwilson/desi/simspec/lrg-desi-spectra-exp-10000.fits']
['/global/cscratch1/sd/mjwilson/desi/simspec/lrg-desi-spectra-exp-10000.fits']
['/global/cscratch1/sd/mjwilson/desi/simspec/lrg-desi-spectra-exp-10000.fits']
['/global/cscratch1/sd/mjwilson/desi/simspec/lrg-desi-spectra-exp-10000.fits']
['/global/cscratch1/sd/mjwilson/desi/simspec/lrg-desi-spectra-exp-10000.fits']
['/global/cscratch1/sd/mjwilson/desi/simspec/lrg-desi-spectra-exp-10000.fits']
Writing zbest data took: 0.1 seconds
Total run time: 80.1 seconds
['/global/cscratch1/sd/mjwilson/desi/simspec/lrg-desi-spectra-exp-8000.fits']
['/global/cscratch1/sd/mjwilson/desi/simspec/lrg-desi-spectra-exp-8000.fits']
['/global/cscratch1/sd/mjwilson/desi/simspec/lrg-desi-spectra-exp-8000.fits']
['/global/cscratch1/sd/mjwilson/desi/simspec/lrg-desi-spectra-exp-8000.fits']
['/global/cscratch1/sd/mjwilson/desi/simspec/lrg-desi-spectra-exp-8000.fits']
['/global/cscratch1/sd/mjwilson/desi/simspec/lrg-desi-spectra-exp-8000.fits']
['/global/cscratch1/sd/mjwilson/desi/simspec/lrg-desi-spectra-exp-8000.fits']
['/global/cscratch1/sd/mjwilson/desi/simspec/lrg-desi-spectra-exp-8000.fits']
['/global/cscratch1/sd/mjwilson/desi/simspec/lrg-desi-spectra-exp-8000.fits']
['/global/cscratch1/sd/mjwilson/desi/simspec/lrg-desi-spectra-exp-8000.fits']
['/global/cscratch1/sd/mjwilson/desi/simspec/lrg-desi-spectra-exp-8000.fits']
['/global/cscratch1/sd/mjwilson/desi/simspec/lrg-desi-spectra-exp-8000.fits']
['/global/cscratch1/sd/mjwilson/desi/simspec/lrg-desi-spectra-exp-8000.fits']
['/global/cscratch1/sd/mjwilson/desi/simspec/lrg-desi-spectra-exp-8000.fits']
['/global/cscratch1/sd/mjwilson/desi/simspec/lrg-desi-spectra-exp-8000.fits']
['/global/cscratch1/sd/mjwilson/desi/simspec/lrg-desi-spectra-exp-8000.fits']
['/global/cscratch1/sd/mjwilson/desi/simspec/lrg-desi-spectra-exp-8000.fits']
['/global/cscratch1/sd/mjwilson/desi/simspec/lrg-desi-spectra-exp-8000.fits']
['/global/cscratch1/sd/mjwilson/desi/simspec/lrg-desi-spectra-exp-8000.fits']
['/global/cscratch1/sd/mjwilson/desi/simspec/lrg-desi-spectra-exp-8000.fits']
['/global/cscratch1/sd/mjwilson/desi/simspec/lrg-desi-spectra-exp-8000.fits']
['/global/cscratch1/sd/mjwilson/desi/simspec/lrg-desi-spectra-exp-8000.fits']
['/global/cscratch1/sd/mjwilson/desi/simspec/lrg-desi-spectra-exp-8000.fits']
Writing zbest data took: 0.1 seconds
Total run time: 79.0 seconds
['/global/cscratch1/sd/mjwilson/desi/simspec/lrg-desi-spectra-exp-2000.fits']
['/global/cscratch1/sd/mjwilson/desi/simspec/lrg-desi-spectra-exp-2000.fits']
['/global/cscratch1/sd/mjwilson/desi/simspec/lrg-desi-spectra-exp-2000.fits']
['/global/cscratch1/sd/mjwilson/desi/simspec/lrg-desi-spectra-exp-2000.fits']
['/global/cscratch1/sd/mjwilson/desi/simspec/lrg-desi-spectra-exp-2000.fits']
['/global/cscratch1/sd/mjwilson/desi/simspec/lrg-desi-spectra-exp-2000.fits']
['/global/cscratch1/sd/mjwilson/desi/simspec/lrg-desi-spectra-exp-2000.fits']
['/global/cscratch1/sd/mjwilson/desi/simspec/lrg-desi-spectra-exp-2000.fits']
['/global/cscratch1/sd/mjwilson/desi/simspec/lrg-desi-spectra-exp-2000.fits']
['/global/cscratch1/sd/mjwilson/desi/simspec/lrg-desi-spectra-exp-2000.fits']
['/global/cscratch1/sd/mjwilson/desi/simspec/lrg-desi-spectra-exp-2000.fits']
['/global/cscratch1/sd/mjwilson/desi/simspec/lrg-desi-spectra-exp-2000.fits']
['/global/cscratch1/sd/mjwilson/desi/simspec/lrg-desi-spectra-exp-2000.fits']
['/global/cscratch1/sd/mjwilson/desi/simspec/lrg-desi-spectra-exp-2000.fits']
['/global/cscratch1/sd/mjwilson/desi/simspec/lrg-desi-spectra-exp-2000.fits']
['/global/cscratch1/sd/mjwilson/desi/simspec/lrg-desi-spectra-exp-2000.fits']
['/global/cscratch1/sd/mjwilson/desi/simspec/lrg-desi-spectra-exp-2000.fits']
['/global/cscratch1/sd/mjwilson/desi/simspec/lrg-desi-spectra-exp-2000.fits']
['/global/cscratch1/sd/mjwilson/desi/simspec/lrg-desi-spectra-exp-2000.fits']
['/global/cscratch1/sd/mjwilson/desi/simspec/lrg-desi-spectra-exp-2000.fits']
['/global/cscratch1/sd/mjwilson/desi/simspec/lrg-desi-spectra-exp-2000.fits']
['/global/cscratch1/sd/mjwilson/desi/simspec/lrg-desi-spectra-exp-2000.fits']
['/global/cscratch1/sd/mjwilson/desi/simspec/lrg-desi-spectra-exp-2000.fits']
Writing zscan data took: 0.8 seconds
Writing zbest data took: 0.1 seconds
Total run time: 80.1 seconds
['/global/cscratch1/sd/mjwilson/desi/simspec/lrg-desi-spectra-exp-9000.fits']
['/global/cscratch1/sd/mjwilson/desi/simspec/lrg-desi-spectra-exp-9000.fits']
['/global/cscratch1/sd/mjwilson/desi/simspec/lrg-desi-spectra-exp-9000.fits']
['/global/cscratch1/sd/mjwilson/desi/simspec/lrg-desi-spectra-exp-9000.fits']
['/global/cscratch1/sd/mjwilson/desi/simspec/lrg-desi-spectra-exp-9000.fits']
['/global/cscratch1/sd/mjwilson/desi/simspec/lrg-desi-spectra-exp-9000.fits']
['/global/cscratch1/sd/mjwilson/desi/simspec/lrg-desi-spectra-exp-9000.fits']
['/global/cscratch1/sd/mjwilson/desi/simspec/lrg-desi-spectra-exp-9000.fits']
['/global/cscratch1/sd/mjwilson/desi/simspec/lrg-desi-spectra-exp-9000.fits']
['/global/cscratch1/sd/mjwilson/desi/simspec/lrg-desi-spectra-exp-9000.fits']
['/global/cscratch1/sd/mjwilson/desi/simspec/lrg-desi-spectra-exp-9000.fits']
['/global/cscratch1/sd/mjwilson/desi/simspec/lrg-desi-spectra-exp-9000.fits']
['/global/cscratch1/sd/mjwilson/desi/simspec/lrg-desi-spectra-exp-9000.fits']
['/global/cscratch1/sd/mjwilson/desi/simspec/lrg-desi-spectra-exp-9000.fits']
['/global/cscratch1/sd/mjwilson/desi/simspec/lrg-desi-spectra-exp-9000.fits']
['/global/cscratch1/sd/mjwilson/desi/simspec/lrg-desi-spectra-exp-9000.fits']
['/global/cscratch1/sd/mjwilson/desi/simspec/lrg-desi-spectra-exp-9000.fits']
['/global/cscratch1/sd/mjwilson/desi/simspec/lrg-desi-spectra-exp-9000.fits']
['/global/cscratch1/sd/mjwilson/desi/simspec/lrg-desi-spectra-exp-9000.fits']
['/global/cscratch1/sd/mjwilson/desi/simspec/lrg-desi-spectra-exp-9000.fits']
['/global/cscratch1/sd/mjwilson/desi/simspec/lrg-desi-spectra-exp-9000.fits']
['/global/cscratch1/sd/mjwilson/desi/simspec/lrg-desi-spectra-exp-9000.fits']
['/global/cscratch1/sd/mjwilson/desi/simspec/lrg-desi-spectra-exp-9000.fits']
Computing redshifts took: 74.0 seconds
Writing zscan data took: 0.8 seconds
Writing zbest data took: 0.1 seconds
Total run time: 79.4 seconds
['/global/cscratch1/sd/mjwilson/desi/simspec/lrg-desi-spectra-exp-5000.fits']
['/global/cscratch1/sd/mjwilson/desi/simspec/lrg-desi-spectra-exp-5000.fits']
['/global/cscratch1/sd/mjwilson/desi/simspec/lrg-desi-spectra-exp-5000.fits']
['/global/cscratch1/sd/mjwilson/desi/simspec/lrg-desi-spectra-exp-5000.fits']
['/global/cscratch1/sd/mjwilson/desi/simspec/lrg-desi-spectra-exp-5000.fits']
['/global/cscratch1/sd/mjwilson/desi/simspec/lrg-desi-spectra-exp-5000.fits']
['/global/cscratch1/sd/mjwilson/desi/simspec/lrg-desi-spectra-exp-5000.fits']
['/global/cscratch1/sd/mjwilson/desi/simspec/lrg-desi-spectra-exp-5000.fits']
['/global/cscratch1/sd/mjwilson/desi/simspec/lrg-desi-spectra-exp-5000.fits']
['/global/cscratch1/sd/mjwilson/desi/simspec/lrg-desi-spectra-exp-5000.fits']
['/global/cscratch1/sd/mjwilson/desi/simspec/lrg-desi-spectra-exp-5000.fits']
['/global/cscratch1/sd/mjwilson/desi/simspec/lrg-desi-spectra-exp-5000.fits']
['/global/cscratch1/sd/mjwilson/desi/simspec/lrg-desi-spectra-exp-5000.fits']
['/global/cscratch1/sd/mjwilson/desi/simspec/lrg-desi-spectra-exp-5000.fits']
['/global/cscratch1/sd/mjwilson/desi/simspec/lrg-desi-spectra-exp-5000.fits']
['/global/cscratch1/sd/mjwilson/desi/simspec/lrg-desi-spectra-exp-5000.fits']
['/global/cscratch1/sd/mjwilson/desi/simspec/lrg-desi-spectra-exp-5000.fits']
['/global/cscratch1/sd/mjwilson/desi/simspec/lrg-desi-spectra-exp-5000.fits']
['/global/cscratch1/sd/mjwilson/desi/simspec/lrg-desi-spectra-exp-5000.fits']
['/global/cscratch1/sd/mjwilson/desi/simspec/lrg-desi-spectra-exp-5000.fits']
['/global/cscratch1/sd/mjwilson/desi/simspec/lrg-desi-spectra-exp-5000.fits']
['/global/cscratch1/sd/mjwilson/desi/simspec/lrg-desi-spectra-exp-5000.fits']
['/global/cscratch1/sd/mjwilson/desi/simspec/lrg-desi-spectra-exp-5000.fits']
Computing redshifts took: 74.1 seconds
Computing redshifts took: 75.1 seconds
Writing zscan data took: 0.8 seconds
Writing zbest data took: 0.1 seconds
Total run time: 79.8 seconds
['/global/cscratch1/sd/mjwilson/desi/simspec/lrg-desi-spectra-exp-3000.fits']
['/global/cscratch1/sd/mjwilson/desi/simspec/lrg-desi-spectra-exp-3000.fits']
['/global/cscratch1/sd/mjwilson/desi/simspec/lrg-desi-spectra-exp-3000.fits']
['/global/cscratch1/sd/mjwilson/desi/simspec/lrg-desi-spectra-exp-3000.fits']
['/global/cscratch1/sd/mjwilson/desi/simspec/lrg-desi-spectra-exp-3000.fits']
['/global/cscratch1/sd/mjwilson/desi/simspec/lrg-desi-spectra-exp-3000.fits']
['/global/cscratch1/sd/mjwilson/desi/simspec/lrg-desi-spectra-exp-3000.fits']
['/global/cscratch1/sd/mjwilson/desi/simspec/lrg-desi-spectra-exp-3000.fits']
['/global/cscratch1/sd/mjwilson/desi/simspec/lrg-desi-spectra-exp-3000.fits']
['/global/cscratch1/sd/mjwilson/desi/simspec/lrg-desi-spectra-exp-3000.fits']
['/global/cscratch1/sd/mjwilson/desi/simspec/lrg-desi-spectra-exp-3000.fits']
['/global/cscratch1/sd/mjwilson/desi/simspec/lrg-desi-spectra-exp-3000.fits']
['/global/cscratch1/sd/mjwilson/desi/simspec/lrg-desi-spectra-exp-3000.fits']
['/global/cscratch1/sd/mjwilson/desi/simspec/lrg-desi-spectra-exp-3000.fits']
['/global/cscratch1/sd/mjwilson/desi/simspec/lrg-desi-spectra-exp-3000.fits']
['/global/cscratch1/sd/mjwilson/desi/simspec/lrg-desi-spectra-exp-3000.fits']
['/global/cscratch1/sd/mjwilson/desi/simspec/lrg-desi-spectra-exp-3000.fits']
['/global/cscratch1/sd/mjwilson/desi/simspec/lrg-desi-spectra-exp-3000.fits']
['/global/cscratch1/sd/mjwilson/desi/simspec/lrg-desi-spectra-exp-3000.fits']
['/global/cscratch1/sd/mjwilson/desi/simspec/lrg-desi-spectra-exp-3000.fits']
['/global/cscratch1/sd/mjwilson/desi/simspec/lrg-desi-spectra-exp-3000.fits']
['/global/cscratch1/sd/mjwilson/desi/simspec/lrg-desi-spectra-exp-3000.fits']
['/global/cscratch1/sd/mjwilson/desi/simspec/lrg-desi-spectra-exp-3000.fits']
Writing zscan data took: 0.8 seconds
Writing zbest data took: 0.1 seconds
Total run time: 81.0 seconds
['/global/cscratch1/sd/mjwilson/desi/simspec/lrg-desi-spectra-exp-6000.fits']
['/global/cscratch1/sd/mjwilson/desi/simspec/lrg-desi-spectra-exp-6000.fits']
['/global/cscratch1/sd/mjwilson/desi/simspec/lrg-desi-spectra-exp-6000.fits']
['/global/cscratch1/sd/mjwilson/desi/simspec/lrg-desi-spectra-exp-6000.fits']
['/global/cscratch1/sd/mjwilson/desi/simspec/lrg-desi-spectra-exp-6000.fits']
['/global/cscratch1/sd/mjwilson/desi/simspec/lrg-desi-spectra-exp-6000.fits']
['/global/cscratch1/sd/mjwilson/desi/simspec/lrg-desi-spectra-exp-6000.fits']
['/global/cscratch1/sd/mjwilson/desi/simspec/lrg-desi-spectra-exp-6000.fits']
['/global/cscratch1/sd/mjwilson/desi/simspec/lrg-desi-spectra-exp-6000.fits']
['/global/cscratch1/sd/mjwilson/desi/simspec/lrg-desi-spectra-exp-6000.fits']
['/global/cscratch1/sd/mjwilson/desi/simspec/lrg-desi-spectra-exp-6000.fits']
['/global/cscratch1/sd/mjwilson/desi/simspec/lrg-desi-spectra-exp-6000.fits']
['/global/cscratch1/sd/mjwilson/desi/simspec/lrg-desi-spectra-exp-6000.fits']
['/global/cscratch1/sd/mjwilson/desi/simspec/lrg-desi-spectra-exp-6000.fits']
['/global/cscratch1/sd/mjwilson/desi/simspec/lrg-desi-spectra-exp-6000.fits']
['/global/cscratch1/sd/mjwilson/desi/simspec/lrg-desi-spectra-exp-6000.fits']
['/global/cscratch1/sd/mjwilson/desi/simspec/lrg-desi-spectra-exp-6000.fits']
['/global/cscratch1/sd/mjwilson/desi/simspec/lrg-desi-spectra-exp-6000.fits']
['/global/cscratch1/sd/mjwilson/desi/simspec/lrg-desi-spectra-exp-6000.fits']
['/global/cscratch1/sd/mjwilson/desi/simspec/lrg-desi-spectra-exp-6000.fits']
['/global/cscratch1/sd/mjwilson/desi/simspec/lrg-desi-spectra-exp-6000.fits']
['/global/cscratch1/sd/mjwilson/desi/simspec/lrg-desi-spectra-exp-6000.fits']
['/global/cscratch1/sd/mjwilson/desi/simspec/lrg-desi-spectra-exp-6000.fits']
Computing redshifts took: 73.7 seconds
Writing zscan data took: 0.8 seconds
Writing zbest data took: 0.1 seconds
Total run time: 80.2 seconds
['/global/cscratch1/sd/mjwilson/desi/simspec/lrg-desi-spectra-exp-1000.fits']
['/global/cscratch1/sd/mjwilson/desi/simspec/lrg-desi-spectra-exp-1000.fits']
['/global/cscratch1/sd/mjwilson/desi/simspec/lrg-desi-spectra-exp-1000.fits']
['/global/cscratch1/sd/mjwilson/desi/simspec/lrg-desi-spectra-exp-1000.fits']
['/global/cscratch1/sd/mjwilson/desi/simspec/lrg-desi-spectra-exp-1000.fits']
['/global/cscratch1/sd/mjwilson/desi/simspec/lrg-desi-spectra-exp-1000.fits']
['/global/cscratch1/sd/mjwilson/desi/simspec/lrg-desi-spectra-exp-1000.fits']
['/global/cscratch1/sd/mjwilson/desi/simspec/lrg-desi-spectra-exp-1000.fits']
['/global/cscratch1/sd/mjwilson/desi/simspec/lrg-desi-spectra-exp-1000.fits']
['/global/cscratch1/sd/mjwilson/desi/simspec/lrg-desi-spectra-exp-1000.fits']
['/global/cscratch1/sd/mjwilson/desi/simspec/lrg-desi-spectra-exp-1000.fits']
['/global/cscratch1/sd/mjwilson/desi/simspec/lrg-desi-spectra-exp-1000.fits']
['/global/cscratch1/sd/mjwilson/desi/simspec/lrg-desi-spectra-exp-1000.fits']
['/global/cscratch1/sd/mjwilson/desi/simspec/lrg-desi-spectra-exp-1000.fits']
['/global/cscratch1/sd/mjwilson/desi/simspec/lrg-desi-spectra-exp-1000.fits']
['/global/cscratch1/sd/mjwilson/desi/simspec/lrg-desi-spectra-exp-1000.fits']
['/global/cscratch1/sd/mjwilson/desi/simspec/lrg-desi-spectra-exp-1000.fits']
['/global/cscratch1/sd/mjwilson/desi/simspec/lrg-desi-spectra-exp-1000.fits']
['/global/cscratch1/sd/mjwilson/desi/simspec/lrg-desi-spectra-exp-1000.fits']
['/global/cscratch1/sd/mjwilson/desi/simspec/lrg-desi-spectra-exp-1000.fits']
['/global/cscratch1/sd/mjwilson/desi/simspec/lrg-desi-spectra-exp-1000.fits']
['/global/cscratch1/sd/mjwilson/desi/simspec/lrg-desi-spectra-exp-1000.fits']
['/global/cscratch1/sd/mjwilson/desi/simspec/lrg-desi-spectra-exp-1000.fits']
