NEW ENVIRONMENT SET.
cori

SOLVING FOR 1500 desi qso
Running with 1 processes
Loading targets...
['/global/cscratch1/sd/mjwilson/desi/runs/one//qso-desi-spectra-exp-1500.fits']
Read and distribution of 200 targets: 2.0 seconds
DEBUG: Read templates from /global/homes/m/mjwilson/desi/BEAST/desihub/redrock/py/redrock/templates
DEBUG: Using default redshift range 1.5000-4.8944 for rrtemplate-BC03.fits
DEBUG: Using default redshift range 1.5000-4.8944 for rrtemplate-LBG.fits
DEBUG: Using default redshift range -0.0050-1.6997 for rrtemplate-galaxy.fits
DEBUG: Using default redshift range 0.0500-5.9934 for rrtemplate-qso.fits
DEBUG: Using default redshift range -0.0020-0.0020 for rrtemplate-star-A.fits
DEBUG: Using default redshift range -0.0020-0.0020 for rrtemplate-star-B.fits
DEBUG: Using default redshift range -0.0020-0.0020 for rrtemplate-star-F.fits
DEBUG: Using default redshift range -0.0020-0.0020 for rrtemplate-star-K.fits
DEBUG: Using default redshift range -0.0020-0.0020 for rrtemplate-star-M.fits
Read and broadcast of 9 templates: 0.2 seconds
Rebinning templates: 28.5 seconds
Computing redshifts
  Scanning redshifts for template BC03
    Progress:   0 %
    Progress:  10 %
    Progress:  20 %
    Progress:  30 %
    Progress:  40 %
    Progress:  50 %
    Progress:  60 %
    Progress:  70 %
    Progress:  80 %
    Progress:  90 %
    Progress: 100 %
    Finished in: 118.9 seconds
  Scanning redshifts for template LBG
    Progress:   0 %
    Progress:  10 %
    Progress:  20 %
    Progress:  30 %
    Progress:  40 %
    Progress:  50 %
    Progress:  60 %
    Progress:  70 %
    Progress:  80 %
    Progress:  90 %
    Progress: 100 %
    Finished in: 109.8 seconds
  Scanning redshifts for template GALAXY
    Progress:   0 %
    Progress:  10 %
    Progress:  20 %
    Progress:  30 %
    Progress:  40 %
    Progress:  50 %
    Progress:  60 %
    Progress:  70 %
    Progress:  80 %
    Progress:  90 %
    Progress: 100 %
    Finished in: 332.3 seconds
  Scanning redshifts for template QSO
    Progress:   0 %
    Progress:  10 %
    Progress:  20 %
    Progress:  30 %
    Progress:  40 %
    Progress:  50 %
    Progress:  60 %
    Progress:  70 %
    Progress:  80 %
    Progress:  90 %
    Progress: 100 %
    Finished in: 207.4 seconds
  Scanning redshifts for template STAR:::A
    Progress:   0 %
    Progress:  10 %
    Progress:  20 %
    Progress:  30 %
    Progress:  40 %
    Progress:  50 %
    Progress:  60 %
    Progress:  70 %
    Progress:  80 %
    Progress:  90 %
    Progress: 100 %
    Finished in: 14.9 seconds
  Scanning redshifts for template STAR:::B
    Progress:   0 %
    Progress:  10 %
    Progress:  20 %
    Progress:  30 %
    Progress:  40 %
    Progress:  50 %
    Progress:  60 %
    Progress:  70 %
    Progress:  80 %
    Progress:  90 %
    Progress: 100 %
    Finished in: 14.9 seconds
  Scanning redshifts for template STAR:::F
    Progress:   0 %
    Progress:  10 %
    Progress:  20 %
    Progress:  30 %
    Progress:  40 %
    Progress:  50 %
    Progress:  60 %
    Progress:  70 %
    Progress:  80 %
    Progress:  90 %
    Progress: 100 %
    Finished in: 14.9 seconds
  Scanning redshifts for template STAR:::K
    Progress:   0 %
    Progress:  10 %
    Progress:  20 %
    Progress:  30 %
    Progress:  40 %
    Progress:  50 %
    Progress:  60 %
    Progress:  70 %
    Progress:  80 %
    Progress:  90 %
    Progress: 100 %
    Finished in: 14.7 seconds
  Scanning redshifts for template STAR:::M
    Progress:   0 %
    Progress:  10 %
    Progress:  20 %
    Progress:  30 %
    Progress:  40 %
    Progress:  50 %
    Progress:  60 %
    Progress:  70 %
    Progress:  80 %
    Progress:  90 %
    Progress: 100 %
    Finished in: 15.1 seconds
  Finding best fits for template BC03
    Finished in: 35.1 seconds
  Finding best fits for template GALAXY
    Finished in: 66.6 seconds
  Finding best fits for template LBG
    Finished in: 34.9 seconds
  Finding best fits for template QSO
    Finished in: 20.1 seconds
  Finding best fits for template STAR:::A
    Finished in: 18.5 seconds
  Finding best fits for template STAR:::B
    Finished in: 17.7 seconds
  Finding best fits for template STAR:::F
    Finished in: 18.3 seconds
  Finding best fits for template STAR:::K
    Finished in: 17.8 seconds
  Finding best fits for template STAR:::M
    Finished in: 19.9 seconds
Computing redshifts took: 1098.5 seconds
Writing zscan data took: 1.2 seconds
Writing zbest data took: 0.1 seconds
Total run time: 1130.5 seconds
SOLVING FOR 3000 desi qso
Running with 1 processes
Loading targets...
['/global/cscratch1/sd/mjwilson/desi/runs/one//qso-desi-spectra-exp-3000.fits']
Read and distribution of 200 targets: 1.7 seconds
DEBUG: Read templates from /global/homes/m/mjwilson/desi/BEAST/desihub/redrock/py/redrock/templates
DEBUG: Using default redshift range 1.5000-4.8944 for rrtemplate-BC03.fits
DEBUG: Using default redshift range 1.5000-4.8944 for rrtemplate-LBG.fits
DEBUG: Using default redshift range -0.0050-1.6997 for rrtemplate-galaxy.fits
DEBUG: Using default redshift range 0.0500-5.9934 for rrtemplate-qso.fits
DEBUG: Using default redshift range -0.0020-0.0020 for rrtemplate-star-A.fits
DEBUG: Using default redshift range -0.0020-0.0020 for rrtemplate-star-B.fits
DEBUG: Using default redshift range -0.0020-0.0020 for rrtemplate-star-F.fits
DEBUG: Using default redshift range -0.0020-0.0020 for rrtemplate-star-K.fits
DEBUG: Using default redshift range -0.0020-0.0020 for rrtemplate-star-M.fits
Read and broadcast of 9 templates: 0.1 seconds
Rebinning templates: 27.9 seconds
Computing redshifts
  Scanning redshifts for template BC03
    Progress:   0 %
    Progress:  10 %
    Progress:  20 %
    Progress:  30 %
    Progress:  40 %
    Progress:  50 %
    Progress:  60 %
    Progress:  70 %
    Progress:  80 %
    Progress:  90 %
    Progress: 100 %
    Finished in: 119.5 seconds
  Scanning redshifts for template LBG
    Progress:   0 %
    Progress:  10 %
    Progress:  20 %
    Progress:  30 %
    Progress:  40 %
    Progress:  50 %
    Progress:  60 %
    Progress:  70 %
    Progress:  80 %
    Progress:  90 %
    Progress: 100 %
    Finished in: 106.9 seconds
  Scanning redshifts for template GALAXY
    Progress:   0 %
    Progress:  10 %
    Progress:  20 %
    Progress:  30 %
