NEW ENVIRONMENT SET.
edison

SOLVING FOR 1000 desi qso
SOLVING FOR 2000 desi qso
SOLVING FOR 3000 desi qso
SOLVING FOR 4000 desi qso
SOLVING FOR 5000 desi qso
SOLVING FOR 6000 desi qso
SOLVING FOR 7000 desi qso
SOLVING FOR 8000 desi qso
SOLVING FOR 9000 desi qso
SOLVING FOR 10000 desi qso
Traceback (most recent call last):
  File "/global/homes/m/mjwilson/desi/BEAST/desihub//redrock/bin/rrdesi_mpi", line 9, in <module>
Traceback (most recent call last):
  File "/global/homes/m/mjwilson/desi/BEAST/desihub//redrock/bin/rrdesi_mpi", line 9, in <module>
Traceback (most recent call last):
  File "/global/homes/m/mjwilson/desi/BEAST/desihub//redrock/bin/rrdesi_mpi", line 9, in <module>
    from redrock.utils import nersc_login_node
ImportError: No module named redrock.utils
    from redrock.utils import nersc_login_node
ImportError: No module named redrock.utils
Traceback (most recent call last):
  File "/global/homes/m/mjwilson/desi/BEAST/desihub//redrock/bin/rrdesi_mpi", line 9, in <module>
    from redrock.utils import nersc_login_node
ImportError: No module named redrock.utils
Traceback (most recent call last):
  File "/global/homes/m/mjwilson/desi/BEAST/desihub//redrock/bin/rrdesi_mpi", line 9, in <module>
    from redrock.utils import nersc_login_node
ImportError: No module named redrock.utils
Traceback (most recent call last):
  File "/global/homes/m/mjwilson/desi/BEAST/desihub//redrock/bin/rrdesi_mpi", line 9, in <module>
    from redrock.utils import nersc_login_node
ImportError: No module named redrock.utils
Traceback (most recent call last):
  File "/global/homes/m/mjwilson/desi/BEAST/desihub//redrock/bin/rrdesi_mpi", line 9, in <module>
    from redrock.utils import nersc_login_node
ImportError: No module named redrock.utils
Traceback (most recent call last):
  File "/global/homes/m/mjwilson/desi/BEAST/desihub//redrock/bin/rrdesi_mpi", line 9, in <module>
    from redrock.utils import nersc_login_node
ImportError: No module named redrock.utils
Traceback (most recent call last):
  File "/global/homes/m/mjwilson/desi/BEAST/desihub//redrock/bin/rrdesi_mpi", line 9, in <module>
Traceback (most recent call last):
  File "/global/homes/m/mjwilson/desi/BEAST/desihub//redrock/bin/rrdesi_mpi", line 9, in <module>
Traceback (most recent call last):
  File "/global/homes/m/mjwilson/desi/BEAST/desihub//redrock/bin/rrdesi_mpi", line 9, in <module>
Traceback (most recent call last):
  File "/global/homes/m/mjwilson/desi/BEAST/desihub//redrock/bin/rrdesi_mpi", line 9, in <module>
Traceback (most recent call last):
  File "/global/homes/m/mjwilson/desi/BEAST/desihub//redrock/bin/rrdesi_mpi", line 9, in <module>
Traceback (most recent call last):
  File "/global/homes/m/mjwilson/desi/BEAST/desihub//redrock/bin/rrdesi_mpi", line 9, in <module>
Traceback (most recent call last):
  File "/global/homes/m/mjwilson/desi/BEAST/desihub//redrock/bin/rrdesi_mpi", line 9, in <module>
Traceback (most recent call last):
  File "/global/homes/m/mjwilson/desi/BEAST/desihub//redrock/bin/rrdesi_mpi", line 9, in <module>
    from redrock.utils import nersc_login_node
Traceback (most recent call last):
  File "/global/homes/m/mjwilson/desi/BEAST/desihub//redrock/bin/rrdesi_mpi", line 9, in <module>
    from redrock.utils import nersc_login_node
    from redrock.utils import nersc_login_node
ImportError: No module named redrock.utils
    from redrock.utils import nersc_login_node
    from redrock.utils import nersc_login_node
ImportError: No module named redrock.utils
    from redrock.utils import nersc_login_node
    from redrock.utils import nersc_login_node
ImportError: No module named redrock.utils
    from redrock.utils import nersc_login_node
ImportError: No module named redrock.utils
ImportError: No module named redrock.utils
ImportError: No module named redrock.utils
ImportError: No module named redrock.utils
ImportError: No module named redrock.utils
    from redrock.utils import nersc_login_node
ImportError: No module named redrock.utils
    from redrock.utils import nersc_login_node
ImportError: No module named redrock.utils
Traceback (most recent call last):
  File "/global/homes/m/mjwilson/desi/BEAST/desihub//redrock/bin/rrdesi_mpi", line 9, in <module>
    from redrock.utils import nersc_login_node
ImportError: No module named redrock.utils
Traceback (most recent call last):
  File "/global/homes/m/mjwilson/desi/BEAST/desihub//redrock/bin/rrdesi_mpi", line 9, in <module>
    from redrock.utils import nersc_login_node
ImportError: No module named redrock.utils
Traceback (most recent call last):
  File "/global/homes/m/mjwilson/desi/BEAST/desihub//redrock/bin/rrdesi_mpi", line 9, in <module>
    from redrock.utils import nersc_login_node
Traceback (most recent call last):
  File "/global/homes/m/mjwilson/desi/BEAST/desihub//redrock/bin/rrdesi_mpi", line 9, in <module>
ImportError: No module named redrock.utils
Traceback (most recent call last):
  File "/global/homes/m/mjwilson/desi/BEAST/desihub//redrock/bin/rrdesi_mpi", line 9, in <module>
    from redrock.utils import nersc_login_node
ImportError: No module named redrock.utils
    from redrock.utils import nersc_login_node
ImportError: No module named redrock.utils
Traceback (most recent call last):
  File "/global/homes/m/mjwilson/desi/BEAST/desihub//redrock/bin/rrdesi_mpi", line 9, in <module>
Traceback (most recent call last):
  File "/global/homes/m/mjwilson/desi/BEAST/desihub//redrock/bin/rrdesi_mpi", line 9, in <module>
    from redrock.utils import nersc_login_node
Traceback (most recent call last):
  File "/global/homes/m/mjwilson/desi/BEAST/desihub//redrock/bin/rrdesi_mpi", line 9, in <module>
ImportError: No module named redrock.utils
    from redrock.utils import nersc_login_node
ImportError: No module named redrock.utils
Traceback (most recent call last):
  File "/global/homes/m/mjwilson/desi/BEAST/desihub//redrock/bin/rrdesi_mpi", line 9, in <module>
    from redrock.utils import nersc_login_node
Traceback (most recent call last):
  File "/global/homes/m/mjwilson/desi/BEAST/desihub//redrock/bin/rrdesi_mpi", line 9, in <module>
Traceback (most recent call last):
  File "/global/homes/m/mjwilson/desi/BEAST/desihub//redrock/bin/rrdesi_mpi", line 9, in <module>
ImportError: No module named redrock.utils
Traceback (most recent call last):
  File "/global/homes/m/mjwilson/desi/BEAST/desihub//redrock/bin/rrdesi_mpi", line 9, in <module>
Traceback (most recent call last):
  File "/global/homes/m/mjwilson/desi/BEAST/desihub//redrock/bin/rrdesi_mpi", line 9, in <module>
    from redrock.utils import nersc_login_node
Traceback (most recent call last):
  File "/global/homes/m/mjwilson/desi/BEAST/desihub//redrock/bin/rrdesi_mpi", line 9, in <module>
Traceback (most recent call last):
  File "/global/homes/m/mjwilson/desi/BEAST/desihub//redrock/bin/rrdesi_mpi", line 9, in <module>
ImportError: No module named redrock.utils
    from redrock.utils import nersc_login_node
    from redrock.utils import nersc_login_node
    from redrock.utils import nersc_login_node
    from redrock.utils import nersc_login_node
ImportError: No module named redrock.utils
ImportError: No module named redrock.utils
    from redrock.utils import nersc_login_node
ImportError: No module named redrock.utils
ImportError: No module named redrock.utils
    from redrock.utils import nersc_login_node
ImportError: No module named redrock.utils
ImportError: No module named redrock.utils
Traceback (most recent call last):
  File "/global/homes/m/mjwilson/desi/BEAST/desihub//redrock/bin/rrdesi_mpi", line 9, in <module>
    from redrock.utils import nersc_login_node
ImportError: No module named redrock.utils
Traceback (most recent call last):
  File "/global/homes/m/mjwilson/desi/BEAST/desihub//redrock/bin/rrdesi_mpi", line 9, in <module>
    from redrock.utils import nersc_login_node
ImportError: No module named redrock.utils
Traceback (most recent call last):
  File "/global/homes/m/mjwilson/desi/BEAST/desihub//redrock/bin/rrdesi_mpi", line 9, in <module>
    from redrock.utils import nersc_login_node
ImportError: No module named redrock.utils
Traceback (most recent call last):
  File "/global/homes/m/mjwilson/desi/BEAST/desihub//redrock/bin/rrdesi_mpi", line 9, in <module>
    from redrock.utils import nersc_login_node
ImportError: No module named redrock.utils
Traceback (most recent call last):
  File "/global/homes/m/mjwilson/desi/BEAST/desihub//redrock/bin/rrdesi_mpi", line 9, in <module>
Traceback (most recent call last):
  File "/global/homes/m/mjwilson/desi/BEAST/desihub//redrock/bin/rrdesi_mpi", line 9, in <module>
Traceback (most recent call last):
  File "/global/homes/m/mjwilson/desi/BEAST/desihub//redrock/bin/rrdesi_mpi", line 9, in <module>
    from redrock.utils import nersc_login_node
    from redrock.utils import nersc_login_node
ImportError: No module named redrock.utils
    from redrock.utils import nersc_login_node
ImportError: No module named redrock.utils
Traceback (most recent call last):
  File "/global/homes/m/mjwilson/desi/BEAST/desihub//redrock/bin/rrdesi_mpi", line 9, in <module>
ImportError: No module named redrock.utils
Traceback (most recent call last):
  File "/global/homes/m/mjwilson/desi/BEAST/desihub//redrock/bin/rrdesi_mpi", line 9, in <module>
    from redrock.utils import nersc_login_node
ImportError: No module named redrock.utils
Traceback (most recent call last):
  File "/global/homes/m/mjwilson/desi/BEAST/desihub//redrock/bin/rrdesi_mpi", line 9, in <module>
    from redrock.utils import nersc_login_node
Traceback (most recent call last):
  File "/global/homes/m/mjwilson/desi/BEAST/desihub//redrock/bin/rrdesi_mpi", line 9, in <module>
ImportError: No module named redrock.utils
Traceback (most recent call last):
  File "/global/homes/m/mjwilson/desi/BEAST/desihub//redrock/bin/rrdesi_mpi", line 9, in <module>
Traceback (most recent call last):
  File "/global/homes/m/mjwilson/desi/BEAST/desihub//redrock/bin/rrdesi_mpi", line 9, in <module>
    from redrock.utils import nersc_login_node
Traceback (most recent call last):
  File "/global/homes/m/mjwilson/desi/BEAST/desihub//redrock/bin/rrdesi_mpi", line 9, in <module>
Traceback (most recent call last):
  File "/global/homes/m/mjwilson/desi/BEAST/desihub//redrock/bin/rrdesi_mpi", line 9, in <module>
Traceback (most recent call last):
  File "/global/homes/m/mjwilson/desi/BEAST/desihub//redrock/bin/rrdesi_mpi", line 9, in <module>
    from redrock.utils import nersc_login_node
ImportError: No module named redrock.utils
    from redrock.utils import nersc_login_node
    from redrock.utils import nersc_login_node
    from redrock.utils import nersc_login_node
ImportError: No module named redrock.utils
ImportError: No module named redrock.utils
ImportError: No module named redrock.utils
    from redrock.utils import nersc_login_node
ImportError: No module named redrock.utils
ImportError: No module named redrock.utils
    from redrock.utils import nersc_login_node
ImportError: No module named redrock.utils
srun: error: nid00519: tasks 0-15: Exited with exit code 1
srun: error: nid00520: tasks 0-15: Exited with exit code 1
srun: Terminating job step 11740847.0
srun: Terminating job step 11740847.1
srun: error: nid00521: tasks 0-15: Exited with exit code 1
srun: Terminating job step 11740847.2
Traceback (most recent call last):
  File "/global/homes/m/mjwilson/desi/BEAST/desihub//redrock/bin/rrdesi_mpi", line 9, in <module>
Traceback (most recent call last):
  File "/global/homes/m/mjwilson/desi/BEAST/desihub//redrock/bin/rrdesi_mpi", line 9, in <module>
    from redrock.utils import nersc_login_node
    from redrock.utils import nersc_login_node
ImportError: No module named redrock.utils
ImportError: No module named redrock.utils
Traceback (most recent call last):
  File "/global/homes/m/mjwilson/desi/BEAST/desihub//redrock/bin/rrdesi_mpi", line 9, in <module>
    from redrock.utils import nersc_login_node
ImportError: No module named redrock.utils
Traceback (most recent call last):
  File "/global/homes/m/mjwilson/desi/BEAST/desihub//redrock/bin/rrdesi_mpi", line 9, in <module>
    from redrock.utils import nersc_login_node
ImportError: No module named redrock.utils
Traceback (most recent call last):
  File "/global/homes/m/mjwilson/desi/BEAST/desihub//redrock/bin/rrdesi_mpi", line 9, in <module>
Traceback (most recent call last):
  File "/global/homes/m/mjwilson/desi/BEAST/desihub//redrock/bin/rrdesi_mpi", line 9, in <module>
    from redrock.utils import nersc_login_node
ImportError: No module named redrock.utils
    from redrock.utils import nersc_login_node
ImportError: No module named redrock.utils
Traceback (most recent call last):
  File "/global/homes/m/mjwilson/desi/BEAST/desihub//redrock/bin/rrdesi_mpi", line 9, in <module>
    from redrock.utils import nersc_login_node
ImportError: No module named redrock.utils
Traceback (most recent call last):
  File "/global/homes/m/mjwilson/desi/BEAST/desihub//redrock/bin/rrdesi_mpi", line 9, in <module>
Traceback (most recent call last):
  File "/global/homes/m/mjwilson/desi/BEAST/desihub//redrock/bin/rrdesi_mpi", line 9, in <module>
    from redrock.utils import nersc_login_node
ImportError: No module named redrock.utils
Traceback (most recent call last):
  File "/global/homes/m/mjwilson/desi/BEAST/desihub//redrock/bin/rrdesi_mpi", line 9, in <module>
    from redrock.utils import nersc_login_node
ImportError: No module named redrock.utils
    from redrock.utils import nersc_login_node
Traceback (most recent call last):
  File "/global/homes/m/mjwilson/desi/BEAST/desihub//redrock/bin/rrdesi_mpi", line 9, in <module>
ImportError: No module named redrock.utils
Traceback (most recent call last):
  File "/global/homes/m/mjwilson/desi/BEAST/desihub//redrock/bin/rrdesi_mpi", line 9, in <module>
Traceback (most recent call last):
  File "/global/homes/m/mjwilson/desi/BEAST/desihub//redrock/bin/rrdesi_mpi", line 9, in <module>
Traceback (most recent call last):
  File "/global/homes/m/mjwilson/desi/BEAST/desihub//redrock/bin/rrdesi_mpi", line 9, in <module>
Traceback (most recent call last):
  File "/global/homes/m/mjwilson/desi/BEAST/desihub//redrock/bin/rrdesi_mpi", line 9, in <module>
Traceback (most recent call last):
  File "/global/homes/m/mjwilson/desi/BEAST/desihub//redrock/bin/rrdesi_mpi", line 9, in <module>
    from redrock.utils import nersc_login_node
    from redrock.utils import nersc_login_node
    from redrock.utils import nersc_login_node
ImportError: No module named redrock.utils
    from redrock.utils import nersc_login_node
ImportError: No module named redrock.utils
ImportError: No module named redrock.utils
    from redrock.utils import nersc_login_node
ImportError: No module named redrock.utils
    from redrock.utils import nersc_login_node
ImportError: No module named redrock.utils
ImportError: No module named redrock.utils
Traceback (most recent call last):
  File "/global/homes/m/mjwilson/desi/BEAST/desihub//redrock/bin/rrdesi_mpi", line 9, in <module>
Traceback (most recent call last):
  File "/global/homes/m/mjwilson/desi/BEAST/desihub//redrock/bin/rrdesi_mpi", line 9, in <module>
Traceback (most recent call last):
  File "/global/homes/m/mjwilson/desi/BEAST/desihub//redrock/bin/rrdesi_mpi", line 9, in <module>
    from redrock.utils import nersc_login_node
    from redrock.utils import nersc_login_node
ImportError: No module named redrock.utils
ImportError: No module named redrock.utils
    from redrock.utils import nersc_login_node
ImportError: No module named redrock.utils
Traceback (most recent call last):
  File "/global/homes/m/mjwilson/desi/BEAST/desihub//redrock/bin/rrdesi_mpi", line 9, in <module>
    from redrock.utils import nersc_login_node
Traceback (most recent call last):
  File "/global/homes/m/mjwilson/desi/BEAST/desihub//redrock/bin/rrdesi_mpi", line 9, in <module>
ImportError: No module named redrock.utils
    from redrock.utils import nersc_login_node
ImportError: No module named redrock.utils
Traceback (most recent call last):
  File "/global/homes/m/mjwilson/desi/BEAST/desihub//redrock/bin/rrdesi_mpi", line 9, in <module>
Traceback (most recent call last):
  File "/global/homes/m/mjwilson/desi/BEAST/desihub//redrock/bin/rrdesi_mpi", line 9, in <module>
    from redrock.utils import nersc_login_node
Traceback (most recent call last):
  File "/global/homes/m/mjwilson/desi/BEAST/desihub//redrock/bin/rrdesi_mpi", line 9, in <module>
ImportError: No module named redrock.utils
Traceback (most recent call last):
  File "/global/homes/m/mjwilson/desi/BEAST/desihub//redrock/bin/rrdesi_mpi", line 9, in <module>
    from redrock.utils import nersc_login_node
ImportError: No module named redrock.utils
    from redrock.utils import nersc_login_node
Traceback (most recent call last):
  File "/global/homes/m/mjwilson/desi/BEAST/desihub//redrock/bin/rrdesi_mpi", line 9, in <module>
    from redrock.utils import nersc_login_node
ImportError: No module named redrock.utils
ImportError: No module named redrock.utils
Traceback (most recent call last):
  File "/global/homes/m/mjwilson/desi/BEAST/desihub//redrock/bin/rrdesi_mpi", line 9, in <module>
Traceback (most recent call last):
  File "/global/homes/m/mjwilson/desi/BEAST/desihub//redrock/bin/rrdesi_mpi", line 9, in <module>
Traceback (most recent call last):
  File "/global/homes/m/mjwilson/desi/BEAST/desihub//redrock/bin/rrdesi_mpi", line 9, in <module>
Traceback (most recent call last):
  File "/global/homes/m/mjwilson/desi/BEAST/desihub//redrock/bin/rrdesi_mpi", line 9, in <module>
    from redrock.utils import nersc_login_node
Traceback (most recent call last):
  File "/global/homes/m/mjwilson/desi/BEAST/desihub//redrock/bin/rrdesi_mpi", line 9, in <module>
Traceback (most recent call last):
  File "/global/homes/m/mjwilson/desi/BEAST/desihub//redrock/bin/rrdesi_mpi", line 9, in <module>
    from redrock.utils import nersc_login_node
    from redrock.utils import nersc_login_node
ImportError: No module named redrock.utils
ImportError: No module named redrock.utils
    from redrock.utils import nersc_login_node
    from redrock.utils import nersc_login_node
ImportError: No module named redrock.utils
ImportError: No module named redrock.utils
ImportError: No module named redrock.utils
    from redrock.utils import nersc_login_node
    from redrock.utils import nersc_login_node
ImportError: No module named redrock.utils
ImportError: No module named redrock.utils
srun: error: nid00522: tasks 0-15: Exited with exit code 1
srun: Terminating job step 11740847.3
srun: error: nid00523: tasks 0-15: Exited with exit code 1
srun: Terminating job step 11740847.4
Traceback (most recent call last):
  File "/global/homes/m/mjwilson/desi/BEAST/desihub//redrock/bin/rrdesi_mpi", line 9, in <module>
Traceback (most recent call last):
  File "/global/homes/m/mjwilson/desi/BEAST/desihub//redrock/bin/rrdesi_mpi", line 9, in <module>
    from redrock.utils import nersc_login_node
ImportError: No module named redrock.utils
    from redrock.utils import nersc_login_node
ImportError: No module named redrock.utils
Traceback (most recent call last):
  File "/global/homes/m/mjwilson/desi/BEAST/desihub//redrock/bin/rrdesi_mpi", line 9, in <module>
    from redrock.utils import nersc_login_node
ImportError: No module named redrock.utils
Traceback (most recent call last):
  File "/global/homes/m/mjwilson/desi/BEAST/desihub//redrock/bin/rrdesi_mpi", line 9, in <module>
Traceback (most recent call last):
  File "/global/homes/m/mjwilson/desi/BEAST/desihub//redrock/bin/rrdesi_mpi", line 9, in <module>
    from redrock.utils import nersc_login_node
ImportError: No module named redrock.utils
    from redrock.utils import nersc_login_node
ImportError: No module named redrock.utils
Traceback (most recent call last):
  File "/global/homes/m/mjwilson/desi/BEAST/desihub//redrock/bin/rrdesi_mpi", line 9, in <module>
Traceback (most recent call last):
  File "/global/homes/m/mjwilson/desi/BEAST/desihub//redrock/bin/rrdesi_mpi", line 9, in <module>
Traceback (most recent call last):
  File "/global/homes/m/mjwilson/desi/BEAST/desihub//redrock/bin/rrdesi_mpi", line 9, in <module>
    from redrock.utils import nersc_login_node
ImportError: No module named redrock.utils
Traceback (most recent call last):
  File "/global/homes/m/mjwilson/desi/BEAST/desihub//redrock/bin/rrdesi_mpi", line 9, in <module>
    from redrock.utils import nersc_login_node
    from redrock.utils import nersc_login_node
Traceback (most recent call last):
  File "/global/homes/m/mjwilson/desi/BEAST/desihub//redrock/bin/rrdesi_mpi", line 9, in <module>
Traceback (most recent call last):
  File "/global/homes/m/mjwilson/desi/BEAST/desihub//redrock/bin/rrdesi_mpi", line 9, in <module>
ImportError: No module named redrock.utils
ImportError: No module named redrock.utils
    from redrock.utils import nersc_login_node
ImportError: No module named redrock.utils
    from redrock.utils import nersc_login_node
ImportError: No module named redrock.utils
    from redrock.utils import nersc_login_node
ImportError: No module named redrock.utils
Traceback (most recent call last):
  File "/global/homes/m/mjwilson/desi/BEAST/desihub//redrock/bin/rrdesi_mpi", line 9, in <module>
Traceback (most recent call last):
  File "/global/homes/m/mjwilson/desi/BEAST/desihub//redrock/bin/rrdesi_mpi", line 9, in <module>
    from redrock.utils import nersc_login_node
Traceback (most recent call last):
  File "/global/homes/m/mjwilson/desi/BEAST/desihub//redrock/bin/rrdesi_mpi", line 9, in <module>
ImportError: No module named redrock.utils
Traceback (most recent call last):
  File "/global/homes/m/mjwilson/desi/BEAST/desihub//redrock/bin/rrdesi_mpi", line 9, in <module>
    from redrock.utils import nersc_login_node
Traceback (most recent call last):
  File "/global/homes/m/mjwilson/desi/BEAST/desihub//redrock/bin/rrdesi_mpi", line 9, in <module>
ImportError: No module named redrock.utils
    from redrock.utils import nersc_login_node
ImportError: No module named redrock.utils
    from redrock.utils import nersc_login_node
    from redrock.utils import nersc_login_node
ImportError: No module named redrock.utils
ImportError: No module named redrock.utils
Traceback (most recent call last):
  File "/global/homes/m/mjwilson/desi/BEAST/desihub//redrock/bin/rrdesi_mpi", line 9, in <module>
Traceback (most recent call last):
  File "/global/homes/m/mjwilson/desi/BEAST/desihub//redrock/bin/rrdesi_mpi", line 9, in <module>
    from redrock.utils import nersc_login_node
ImportError: No module named redrock.utils
Traceback (most recent call last):
  File "/global/homes/m/mjwilson/desi/BEAST/desihub//redrock/bin/rrdesi_mpi", line 9, in <module>
    from redrock.utils import nersc_login_node
ImportError: No module named redrock.utils
Traceback (most recent call last):
  File "/global/homes/m/mjwilson/desi/BEAST/desihub//redrock/bin/rrdesi_mpi", line 9, in <module>
    from redrock.utils import nersc_login_node
ImportError: No module named redrock.utils
Traceback (most recent call last):
  File "/global/homes/m/mjwilson/desi/BEAST/desihub//redrock/bin/rrdesi_mpi", line 9, in <module>
    from redrock.utils import nersc_login_node
ImportError: No module named redrock.utils
Traceback (most recent call last):
  File "/global/homes/m/mjwilson/desi/BEAST/desihub//redrock/bin/rrdesi_mpi", line 9, in <module>
Traceback (most recent call last):
  File "/global/homes/m/mjwilson/desi/BEAST/desihub//redrock/bin/rrdesi_mpi", line 9, in <module>
    from redrock.utils import nersc_login_node
ImportError: No module named redrock.utils
    from redrock.utils import nersc_login_node
ImportError: No module named redrock.utils
Traceback (most recent call last):
  File "/global/homes/m/mjwilson/desi/BEAST/desihub//redrock/bin/rrdesi_mpi", line 9, in <module>
    from redrock.utils import nersc_login_node
ImportError: No module named redrock.utils
Traceback (most recent call last):
  File "/global/homes/m/mjwilson/desi/BEAST/desihub//redrock/bin/rrdesi_mpi", line 9, in <module>
Traceback (most recent call last):
  File "/global/homes/m/mjwilson/desi/BEAST/desihub//redrock/bin/rrdesi_mpi", line 9, in <module>
    from redrock.utils import nersc_login_node
ImportError: No module named redrock.utils
    from redrock.utils import nersc_login_node
Traceback (most recent call last):
  File "/global/homes/m/mjwilson/desi/BEAST/desihub//redrock/bin/rrdesi_mpi", line 9, in <module>
ImportError: No module named redrock.utils
Traceback (most recent call last):
  File "/global/homes/m/mjwilson/desi/BEAST/desihub//redrock/bin/rrdesi_mpi", line 9, in <module>
Traceback (most recent call last):
  File "/global/homes/m/mjwilson/desi/BEAST/desihub//redrock/bin/rrdesi_mpi", line 9, in <module>
Traceback (most recent call last):
  File "/global/homes/m/mjwilson/desi/BEAST/desihub//redrock/bin/rrdesi_mpi", line 9, in <module>
Traceback (most recent call last):
  File "/global/homes/m/mjwilson/desi/BEAST/desihub//redrock/bin/rrdesi_mpi", line 9, in <module>
Traceback (most recent call last):
  File "/global/homes/m/mjwilson/desi/BEAST/desihub//redrock/bin/rrdesi_mpi", line 9, in <module>
    from redrock.utils import nersc_login_node
Traceback (most recent call last):
  File "/global/homes/m/mjwilson/desi/BEAST/desihub//redrock/bin/rrdesi_mpi", line 9, in <module>
    from redrock.utils import nersc_login_node
    from redrock.utils import nersc_login_node
    from redrock.utils import nersc_login_node
ImportError: No module named redrock.utils
    from redrock.utils import nersc_login_node
ImportError: No module named redrock.utils
ImportError: No module named redrock.utils
ImportError: No module named redrock.utils
    from redrock.utils import nersc_login_node
ImportError: No module named redrock.utils
    from redrock.utils import nersc_login_node
ImportError: No module named redrock.utils
ImportError: No module named redrock.utils
    from redrock.utils import nersc_login_node
ImportError: No module named redrock.utils
Traceback (most recent call last):
  File "/global/homes/m/mjwilson/desi/BEAST/desihub//redrock/bin/rrdesi_mpi", line 9, in <module>
    from redrock.utils import nersc_login_node
ImportError: No module named redrock.utils
Traceback (most recent call last):
  File "/global/homes/m/mjwilson/desi/BEAST/desihub//redrock/bin/rrdesi_mpi", line 9, in <module>
    from redrock.utils import nersc_login_node
ImportError: No module named redrock.utils
Traceback (most recent call last):
  File "/global/homes/m/mjwilson/desi/BEAST/desihub//redrock/bin/rrdesi_mpi", line 9, in <module>
    from redrock.utils import nersc_login_node
ImportError: No module named redrock.utils
Traceback (most recent call last):
  File "/global/homes/m/mjwilson/desi/BEAST/desihub//redrock/bin/rrdesi_mpi", line 9, in <module>
    from redrock.utils import nersc_login_node
ImportError: No module named redrock.utils
Traceback (most recent call last):
  File "/global/homes/m/mjwilson/desi/BEAST/desihub//redrock/bin/rrdesi_mpi", line 9, in <module>
Traceback (most recent call last):
  File "/global/homes/m/mjwilson/desi/BEAST/desihub//redrock/bin/rrdesi_mpi", line 9, in <module>
Traceback (most recent call last):
  File "/global/homes/m/mjwilson/desi/BEAST/desihub//redrock/bin/rrdesi_mpi", line 9, in <module>
    from redrock.utils import nersc_login_node
ImportError: No module named redrock.utils
    from redrock.utils import nersc_login_node
Traceback (most recent call last):
  File "/global/homes/m/mjwilson/desi/BEAST/desihub//redrock/bin/rrdesi_mpi", line 9, in <module>
Traceback (most recent call last):
  File "/global/homes/m/mjwilson/desi/BEAST/desihub//redrock/bin/rrdesi_mpi", line 9, in <module>
    from redrock.utils import nersc_login_node
ImportError: No module named redrock.utils
Traceback (most recent call last):
  File "/global/homes/m/mjwilson/desi/BEAST/desihub//redrock/bin/rrdesi_mpi", line 9, in <module>
Traceback (most recent call last):
  File "/global/homes/m/mjwilson/desi/BEAST/desihub//redrock/bin/rrdesi_mpi", line 9, in <module>
Traceback (most recent call last):
  File "/global/homes/m/mjwilson/desi/BEAST/desihub//redrock/bin/rrdesi_mpi", line 9, in <module>
Traceback (most recent call last):
  File "/global/homes/m/mjwilson/desi/BEAST/desihub//redrock/bin/rrdesi_mpi", line 9, in <module>
Traceback (most recent call last):
  File "/global/homes/m/mjwilson/desi/BEAST/desihub//redrock/bin/rrdesi_mpi", line 9, in <module>
ImportError: No module named redrock.utils
    from redrock.utils import nersc_login_node
    from redrock.utils import nersc_login_node
Traceback (most recent call last):
  File "/global/homes/m/mjwilson/desi/BEAST/desihub//redrock/bin/rrdesi_mpi", line 9, in <module>
    from redrock.utils import nersc_login_node
    from redrock.utils import nersc_login_node
    from redrock.utils import nersc_login_node
ImportError: No module named redrock.utils
    from redrock.utils import nersc_login_node
ImportError: No module named redrock.utils
ImportError: No module named redrock.utils
ImportError: No module named redrock.utils
ImportError: No module named redrock.utils
    from redrock.utils import nersc_login_node
ImportError: No module named redrock.utils
    from redrock.utils import nersc_login_node
ImportError: No module named redrock.utils
ImportError: No module named redrock.utils
Traceback (most recent call last):
  File "/global/homes/m/mjwilson/desi/BEAST/desihub//redrock/bin/rrdesi_mpi", line 9, in <module>
    from redrock.utils import nersc_login_node
ImportError: No module named redrock.utils
Traceback (most recent call last):
  File "/global/homes/m/mjwilson/desi/BEAST/desihub//redrock/bin/rrdesi_mpi", line 9, in <module>
    from redrock.utils import nersc_login_node
ImportError: No module named redrock.utils
Traceback (most recent call last):
  File "/global/homes/m/mjwilson/desi/BEAST/desihub//redrock/bin/rrdesi_mpi", line 9, in <module>
    from redrock.utils import nersc_login_node
ImportError: No module named redrock.utils
Traceback (most recent call last):
  File "/global/homes/m/mjwilson/desi/BEAST/desihub//redrock/bin/rrdesi_mpi", line 9, in <module>
Traceback (most recent call last):
  File "/global/homes/m/mjwilson/desi/BEAST/desihub//redrock/bin/rrdesi_mpi", line 9, in <module>
    from redrock.utils import nersc_login_node
    from redrock.utils import nersc_login_node
ImportError: No module named redrock.utils
ImportError: No module named redrock.utils
Traceback (most recent call last):
  File "/global/homes/m/mjwilson/desi/BEAST/desihub//redrock/bin/rrdesi_mpi", line 9, in <module>
    from redrock.utils import nersc_login_node
ImportError: No module named redrock.utils
Traceback (most recent call last):
  File "/global/homes/m/mjwilson/desi/BEAST/desihub//redrock/bin/rrdesi_mpi", line 9, in <module>
    from redrock.utils import nersc_login_node
ImportError: No module named redrock.utils
Traceback (most recent call last):
  File "/global/homes/m/mjwilson/desi/BEAST/desihub//redrock/bin/rrdesi_mpi", line 9, in <module>
    from redrock.utils import nersc_login_node
ImportError: No module named redrock.utils
Traceback (most recent call last):
  File "/global/homes/m/mjwilson/desi/BEAST/desihub//redrock/bin/rrdesi_mpi", line 9, in <module>
Traceback (most recent call last):
  File "/global/homes/m/mjwilson/desi/BEAST/desihub//redrock/bin/rrdesi_mpi", line 9, in <module>
    from redrock.utils import nersc_login_node
ImportError: No module named redrock.utils
    from redrock.utils import nersc_login_node
ImportError: No module named redrock.utils
Traceback (most recent call last):
  File "/global/homes/m/mjwilson/desi/BEAST/desihub//redrock/bin/rrdesi_mpi", line 9, in <module>
    from redrock.utils import nersc_login_node
ImportError: No module named redrock.utils
Traceback (most recent call last):
  File "/global/homes/m/mjwilson/desi/BEAST/desihub//redrock/bin/rrdesi_mpi", line 9, in <module>
Traceback (most recent call last):
  File "/global/homes/m/mjwilson/desi/BEAST/desihub//redrock/bin/rrdesi_mpi", line 9, in <module>
    from redrock.utils import nersc_login_node
Traceback (most recent call last):
  File "/global/homes/m/mjwilson/desi/BEAST/desihub//redrock/bin/rrdesi_mpi", line 9, in <module>
Traceback (most recent call last):
  File "/global/homes/m/mjwilson/desi/BEAST/desihub//redrock/bin/rrdesi_mpi", line 9, in <module>
ImportError: No module named redrock.utils
    from redrock.utils import nersc_login_node
Traceback (most recent call last):
  File "/global/homes/m/mjwilson/desi/BEAST/desihub//redrock/bin/rrdesi_mpi", line 9, in <module>
ImportError: No module named redrock.utils
    from redrock.utils import nersc_login_node
ImportError: No module named redrock.utils
    from redrock.utils import nersc_login_node
ImportError: No module named redrock.utils
    from redrock.utils import nersc_login_node
ImportError: No module named redrock.utils
srun: error: nid00524: tasks 0-15: Exited with exit code 1
srun: Terminating job step 11740847.5
srun: error: nid00525: tasks 0-15: Exited with exit code 1
srun: error: nid00526: tasks 0-15: Exited with exit code 1
srun: Terminating job step 11740847.7
srun: Terminating job step 11740847.6
Traceback (most recent call last):
  File "/global/homes/m/mjwilson/desi/BEAST/desihub//redrock/bin/rrdesi_mpi", line 9, in <module>
srun: error: nid00527: tasks 0-15: Exited with exit code 1
srun: Terminating job step 11740847.8
    from redrock.utils import nersc_login_node
ImportError: No module named redrock.utils
Traceback (most recent call last):
  File "/global/homes/m/mjwilson/desi/BEAST/desihub//redrock/bin/rrdesi_mpi", line 9, in <module>
    from redrock.utils import nersc_login_node
ImportError: No module named redrock.utils
Traceback (most recent call last):
  File "/global/homes/m/mjwilson/desi/BEAST/desihub//redrock/bin/rrdesi_mpi", line 9, in <module>
    from redrock.utils import nersc_login_node
ImportError: No module named redrock.utils
Traceback (most recent call last):
  File "/global/homes/m/mjwilson/desi/BEAST/desihub//redrock/bin/rrdesi_mpi", line 9, in <module>
    from redrock.utils import nersc_login_node
ImportError: No module named redrock.utils
Traceback (most recent call last):
  File "/global/homes/m/mjwilson/desi/BEAST/desihub//redrock/bin/rrdesi_mpi", line 9, in <module>
    from redrock.utils import nersc_login_node
ImportError: No module named redrock.utils
Traceback (most recent call last):
  File "/global/homes/m/mjwilson/desi/BEAST/desihub//redrock/bin/rrdesi_mpi", line 9, in <module>
    from redrock.utils import nersc_login_node
ImportError: No module named redrock.utils
Traceback (most recent call last):
  File "/global/homes/m/mjwilson/desi/BEAST/desihub//redrock/bin/rrdesi_mpi", line 9, in <module>
    from redrock.utils import nersc_login_node
ImportError: No module named redrock.utils
Traceback (most recent call last):
  File "/global/homes/m/mjwilson/desi/BEAST/desihub//redrock/bin/rrdesi_mpi", line 9, in <module>
    from redrock.utils import nersc_login_node
ImportError: No module named redrock.utils
Traceback (most recent call last):
  File "/global/homes/m/mjwilson/desi/BEAST/desihub//redrock/bin/rrdesi_mpi", line 9, in <module>
Traceback (most recent call last):
  File "/global/homes/m/mjwilson/desi/BEAST/desihub//redrock/bin/rrdesi_mpi", line 9, in <module>
    from redrock.utils import nersc_login_node
Traceback (most recent call last):
  File "/global/homes/m/mjwilson/desi/BEAST/desihub//redrock/bin/rrdesi_mpi", line 9, in <module>
Traceback (most recent call last):
  File "/global/homes/m/mjwilson/desi/BEAST/desihub//redrock/bin/rrdesi_mpi", line 9, in <module>
ImportError: No module named redrock.utils
Traceback (most recent call last):
  File "/global/homes/m/mjwilson/desi/BEAST/desihub//redrock/bin/rrdesi_mpi", line 9, in <module>
Traceback (most recent call last):
  File "/global/homes/m/mjwilson/desi/BEAST/desihub//redrock/bin/rrdesi_mpi", line 9, in <module>
Traceback (most recent call last):
  File "/global/homes/m/mjwilson/desi/BEAST/desihub//redrock/bin/rrdesi_mpi", line 9, in <module>
Traceback (most recent call last):
  File "/global/homes/m/mjwilson/desi/BEAST/desihub//redrock/bin/rrdesi_mpi", line 9, in <module>
    from redrock.utils import nersc_login_node
    from redrock.utils import nersc_login_node
    from redrock.utils import nersc_login_node
    from redrock.utils import nersc_login_node
    from redrock.utils import nersc_login_node
ImportError: No module named redrock.utils
ImportError: No module named redrock.utils
ImportError: No module named redrock.utils
    from redrock.utils import nersc_login_node
ImportError: No module named redrock.utils
ImportError: No module named redrock.utils
    from redrock.utils import nersc_login_node
ImportError: No module named redrock.utils
ImportError: No module named redrock.utils
srun: error: nid00520: tasks 0-15: Exited with exit code 1
srun: Terminating job step 11740847.9
