/opt/cray/pe/modules/default/init/bash: line 7: unalias: sqs: not found
redrock-templates/0.7(79):ERROR:102: Tcl command execution failed: setenv DESI_CCD_CALIBRATION_DATA $env(DESI_ROOT)/spectro/ccd_calibration_data/trunk

NEW ENVIRONMENT SET.
cori

SOLVING FOR 1500 beast lbg
SOLVING FOR 3000 beast lbg
SOLVING FOR 4500 beast lbg
SOLVING FOR 6000 beast lbg
SOLVING FOR 7500 beast lbg
SOLVING FOR 9000 beast lbg
SOLVING FOR 10500 beast lbg
SOLVING FOR 12000 beast lbg
SOLVING FOR 13500 beast lbg
srun: error: nid02229: tasks 0-23: Illegal instruction
srun: Terminating job step 12092013.2
srun: error: nid00863: tasks 0-23: Illegal instruction
srun: Terminating job step 12092013.0
srun: error: nid01886: tasks 0-23: Illegal instruction
srun: Terminating job step 12092013.1
srun: error: nid02999: tasks 0-23: Illegal instruction
srun: Terminating job step 12092013.4
srun: error: nid02345: tasks 0-23: Illegal instruction
srun: Terminating job step 12092013.3
srun: error: nid03520: tasks 0-23: Illegal instruction
srun: Terminating job step 12092013.6
srun: error: nid03302: tasks 0-23: Illegal instruction
srun: Terminating job step 12092013.5
srun: error: nid03596: tasks 0-23: Illegal instruction
srun: Terminating job step 12092013.7
srun: error: nid03611: tasks 0-23: Illegal instruction
srun: Terminating job step 12092013.8
