NEW ENVIRONMENT SET.
edison

SOLVING FOR 1000 desi lbg
SOLVING FOR 2000 desi lbg
SOLVING FOR 3000 desi lbg
SOLVING FOR 4000 desi lbg
SOLVING FOR 5000 desi lbg
SOLVING FOR 6000 desi lbg
SOLVING FOR 7000 desi lbg
SOLVING FOR 8000 desi lbg
SOLVING FOR 9000 desi lbg
SOLVING FOR 10000 desi lbg
Traceback (most recent call last):
  File "/global/homes/m/mjwilson/desi/BEAST/desihub//redrock/bin/rrdesi_mpi", line 9, in <module>
    from redrock.utils import nersc_login_node
ImportError: No module named redrock.utils
Traceback (most recent call last):
  File "/global/homes/m/mjwilson/desi/BEAST/desihub//redrock/bin/rrdesi_mpi", line 9, in <module>
    from redrock.utils import nersc_login_node
ImportError: No module named redrock.utils
Traceback (most recent call last):
  File "/global/homes/m/mjwilson/desi/BEAST/desihub//redrock/bin/rrdesi_mpi", line 9, in <module>
    from redrock.utils import nersc_login_node
ImportError: No module named redrock.utils
Traceback (most recent call last):
  File "/global/homes/m/mjwilson/desi/BEAST/desihub//redrock/bin/rrdesi_mpi", line 9, in <module>
    from redrock.utils import nersc_login_node
ImportError: No module named redrock.utils
Traceback (most recent call last):
  File "/global/homes/m/mjwilson/desi/BEAST/desihub//redrock/bin/rrdesi_mpi", line 9, in <module>
    from redrock.utils import nersc_login_node
ImportError: No module named redrock.utils
Traceback (most recent call last):
  File "/global/homes/m/mjwilson/desi/BEAST/desihub//redrock/bin/rrdesi_mpi", line 9, in <module>
    from redrock.utils import nersc_login_node
ImportError: No module named redrock.utils
Traceback (most recent call last):
  File "/global/homes/m/mjwilson/desi/BEAST/desihub//redrock/bin/rrdesi_mpi", line 9, in <module>
Traceback (most recent call last):
  File "/global/homes/m/mjwilson/desi/BEAST/desihub//redrock/bin/rrdesi_mpi", line 9, in <module>
Traceback (most recent call last):
  File "/global/homes/m/mjwilson/desi/BEAST/desihub//redrock/bin/rrdesi_mpi", line 9, in <module>
    from redrock.utils import nersc_login_node
    from redrock.utils import nersc_login_node
ImportError: No module named redrock.utils
ImportError: No module named redrock.utils
    from redrock.utils import nersc_login_node
ImportError: No module named redrock.utils
Traceback (most recent call last):
  File "/global/homes/m/mjwilson/desi/BEAST/desihub//redrock/bin/rrdesi_mpi", line 9, in <module>
Traceback (most recent call last):
  File "/global/homes/m/mjwilson/desi/BEAST/desihub//redrock/bin/rrdesi_mpi", line 9, in <module>
Traceback (most recent call last):
  File "/global/homes/m/mjwilson/desi/BEAST/desihub//redrock/bin/rrdesi_mpi", line 9, in <module>
    from redrock.utils import nersc_login_node
    from redrock.utils import nersc_login_node
ImportError: No module named redrock.utils
Traceback (most recent call last):
  File "/global/homes/m/mjwilson/desi/BEAST/desihub//redrock/bin/rrdesi_mpi", line 9, in <module>
ImportError: No module named redrock.utils
    from redrock.utils import nersc_login_node
Traceback (most recent call last):
  File "/global/homes/m/mjwilson/desi/BEAST/desihub//redrock/bin/rrdesi_mpi", line 9, in <module>
ImportError: No module named redrock.utils
Traceback (most recent call last):
  File "/global/homes/m/mjwilson/desi/BEAST/desihub//redrock/bin/rrdesi_mpi", line 9, in <module>
    from redrock.utils import nersc_login_node
Traceback (most recent call last):
  File "/global/homes/m/mjwilson/desi/BEAST/desihub//redrock/bin/rrdesi_mpi", line 9, in <module>
ImportError: No module named redrock.utils
    from redrock.utils import nersc_login_node
ImportError: No module named redrock.utils
    from redrock.utils import nersc_login_node
    from redrock.utils import nersc_login_node
ImportError: No module named redrock.utils
ImportError: No module named redrock.utils
srun: error: nid01404: tasks 0-15: Exited with exit code 1
srun: Terminating job step 11740842.0
Traceback (most recent call last):
  File "/global/homes/m/mjwilson/desi/BEAST/desihub//redrock/bin/rrdesi_mpi", line 9, in <module>
Traceback (most recent call last):
  File "/global/homes/m/mjwilson/desi/BEAST/desihub//redrock/bin/rrdesi_mpi", line 9, in <module>
    from redrock.utils import nersc_login_node
ImportError: No module named redrock.utils
    from redrock.utils import nersc_login_node
ImportError: No module named redrock.utils
Traceback (most recent call last):
  File "/global/homes/m/mjwilson/desi/BEAST/desihub//redrock/bin/rrdesi_mpi", line 9, in <module>
    from redrock.utils import nersc_login_node
Traceback (most recent call last):
  File "/global/homes/m/mjwilson/desi/BEAST/desihub//redrock/bin/rrdesi_mpi", line 9, in <module>
ImportError: No module named redrock.utils
Traceback (most recent call last):
  File "/global/homes/m/mjwilson/desi/BEAST/desihub//redrock/bin/rrdesi_mpi", line 9, in <module>
    from redrock.utils import nersc_login_node
ImportError: No module named redrock.utils
    from redrock.utils import nersc_login_node
ImportError: No module named redrock.utils
Traceback (most recent call last):
  File "/global/homes/m/mjwilson/desi/BEAST/desihub//redrock/bin/rrdesi_mpi", line 9, in <module>
    from redrock.utils import nersc_login_node
ImportError: No module named redrock.utils
Traceback (most recent call last):
  File "/global/homes/m/mjwilson/desi/BEAST/desihub//redrock/bin/rrdesi_mpi", line 9, in <module>
Traceback (most recent call last):
  File "/global/homes/m/mjwilson/desi/BEAST/desihub//redrock/bin/rrdesi_mpi", line 9, in <module>
    from redrock.utils import nersc_login_node
Traceback (most recent call last):
  File "/global/homes/m/mjwilson/desi/BEAST/desihub//redrock/bin/rrdesi_mpi", line 9, in <module>
ImportError: No module named redrock.utils
Traceback (most recent call last):
  File "/global/homes/m/mjwilson/desi/BEAST/desihub//redrock/bin/rrdesi_mpi", line 9, in <module>
    from redrock.utils import nersc_login_node
    from redrock.utils import nersc_login_node
ImportError: No module named redrock.utils
Traceback (most recent call last):
  File "/global/homes/m/mjwilson/desi/BEAST/desihub//redrock/bin/rrdesi_mpi", line 9, in <module>
ImportError: No module named redrock.utils
Traceback (most recent call last):
  File "/global/homes/m/mjwilson/desi/BEAST/desihub//redrock/bin/rrdesi_mpi", line 9, in <module>
    from redrock.utils import nersc_login_node
Traceback (most recent call last):
  File "/global/homes/m/mjwilson/desi/BEAST/desihub//redrock/bin/rrdesi_mpi", line 9, in <module>
Traceback (most recent call last):
  File "/global/homes/m/mjwilson/desi/BEAST/desihub//redrock/bin/rrdesi_mpi", line 9, in <module>
Traceback (most recent call last):
  File "/global/homes/m/mjwilson/desi/BEAST/desihub//redrock/bin/rrdesi_mpi", line 9, in <module>
ImportError: No module named redrock.utils
    from redrock.utils import nersc_login_node
Traceback (most recent call last):
  File "/global/homes/m/mjwilson/desi/BEAST/desihub//redrock/bin/rrdesi_mpi", line 9, in <module>
    from redrock.utils import nersc_login_node
    from redrock.utils import nersc_login_node
ImportError: No module named redrock.utils
ImportError: No module named redrock.utils
    from redrock.utils import nersc_login_node
    from redrock.utils import nersc_login_node
ImportError: No module named redrock.utils
ImportError: No module named redrock.utils
ImportError: No module named redrock.utils
    from redrock.utils import nersc_login_node
ImportError: No module named redrock.utils
Traceback (most recent call last):
  File "/global/homes/m/mjwilson/desi/BEAST/desihub//redrock/bin/rrdesi_mpi", line 9, in <module>
Traceback (most recent call last):
  File "/global/homes/m/mjwilson/desi/BEAST/desihub//redrock/bin/rrdesi_mpi", line 9, in <module>
Traceback (most recent call last):
  File "/global/homes/m/mjwilson/desi/BEAST/desihub//redrock/bin/rrdesi_mpi", line 9, in <module>
Traceback (most recent call last):
  File "/global/homes/m/mjwilson/desi/BEAST/desihub//redrock/bin/rrdesi_mpi", line 9, in <module>
Traceback (most recent call last):
  File "/global/homes/m/mjwilson/desi/BEAST/desihub//redrock/bin/rrdesi_mpi", line 9, in <module>
Traceback (most recent call last):
  File "/global/homes/m/mjwilson/desi/BEAST/desihub//redrock/bin/rrdesi_mpi", line 9, in <module>
Traceback (most recent call last):
  File "/global/homes/m/mjwilson/desi/BEAST/desihub//redrock/bin/rrdesi_mpi", line 9, in <module>
Traceback (most recent call last):
  File "/global/homes/m/mjwilson/desi/BEAST/desihub//redrock/bin/rrdesi_mpi", line 9, in <module>
Traceback (most recent call last):
  File "/global/homes/m/mjwilson/desi/BEAST/desihub//redrock/bin/rrdesi_mpi", line 9, in <module>
Traceback (most recent call last):
  File "/global/homes/m/mjwilson/desi/BEAST/desihub//redrock/bin/rrdesi_mpi", line 9, in <module>
Traceback (most recent call last):
  File "/global/homes/m/mjwilson/desi/BEAST/desihub//redrock/bin/rrdesi_mpi", line 9, in <module>
Traceback (most recent call last):
  File "/global/homes/m/mjwilson/desi/BEAST/desihub//redrock/bin/rrdesi_mpi", line 9, in <module>
Traceback (most recent call last):
  File "/global/homes/m/mjwilson/desi/BEAST/desihub//redrock/bin/rrdesi_mpi", line 9, in <module>
Traceback (most recent call last):
  File "/global/homes/m/mjwilson/desi/BEAST/desihub//redrock/bin/rrdesi_mpi", line 9, in <module>
Traceback (most recent call last):
  File "/global/homes/m/mjwilson/desi/BEAST/desihub//redrock/bin/rrdesi_mpi", line 9, in <module>
Traceback (most recent call last):
  File "/global/homes/m/mjwilson/desi/BEAST/desihub//redrock/bin/rrdesi_mpi", line 9, in <module>
Traceback (most recent call last):
  File "/global/homes/m/mjwilson/desi/BEAST/desihub//redrock/bin/rrdesi_mpi", line 9, in <module>
    from redrock.utils import nersc_login_node
    from redrock.utils import nersc_login_node
    from redrock.utils import nersc_login_node
    from redrock.utils import nersc_login_node
    from redrock.utils import nersc_login_node
    from redrock.utils import nersc_login_node
    from redrock.utils import nersc_login_node
ImportError: No module named redrock.utils
    from redrock.utils import nersc_login_node
    from redrock.utils import nersc_login_node
    from redrock.utils import nersc_login_node
    from redrock.utils import nersc_login_node
    from redrock.utils import nersc_login_node
    from redrock.utils import nersc_login_node
    from redrock.utils import nersc_login_node
ImportError: No module named redrock.utils
ImportError: No module named redrock.utils
    from redrock.utils import nersc_login_node
ImportError: No module named redrock.utils
ImportError: No module named redrock.utils
ImportError: No module named redrock.utils
ImportError: No module named redrock.utils
ImportError: No module named redrock.utils
ImportError: No module named redrock.utils
ImportError: No module named redrock.utils
ImportError: No module named redrock.utils
ImportError: No module named redrock.utils
ImportError: No module named redrock.utils
ImportError: No module named redrock.utils
    from redrock.utils import nersc_login_node
ImportError: No module named redrock.utils
ImportError: No module named redrock.utils
    from redrock.utils import nersc_login_node
ImportError: No module named redrock.utils
Traceback (most recent call last):
  File "/global/homes/m/mjwilson/desi/BEAST/desihub//redrock/bin/rrdesi_mpi", line 9, in <module>
    from redrock.utils import nersc_login_node
ImportError: No module named redrock.utils
Traceback (most recent call last):
  File "/global/homes/m/mjwilson/desi/BEAST/desihub//redrock/bin/rrdesi_mpi", line 9, in <module>
    from redrock.utils import nersc_login_node
ImportError: No module named redrock.utils
Traceback (most recent call last):
  File "/global/homes/m/mjwilson/desi/BEAST/desihub//redrock/bin/rrdesi_mpi", line 9, in <module>
    from redrock.utils import nersc_login_node
ImportError: No module named redrock.utils
Traceback (most recent call last):
  File "/global/homes/m/mjwilson/desi/BEAST/desihub//redrock/bin/rrdesi_mpi", line 9, in <module>
    from redrock.utils import nersc_login_node
ImportError: No module named redrock.utils
Traceback (most recent call last):
  File "/global/homes/m/mjwilson/desi/BEAST/desihub//redrock/bin/rrdesi_mpi", line 9, in <module>
    from redrock.utils import nersc_login_node
Traceback (most recent call last):
  File "/global/homes/m/mjwilson/desi/BEAST/desihub//redrock/bin/rrdesi_mpi", line 9, in <module>
Traceback (most recent call last):
  File "/global/homes/m/mjwilson/desi/BEAST/desihub//redrock/bin/rrdesi_mpi", line 9, in <module>
ImportError: No module named redrock.utils
    from redrock.utils import nersc_login_node
Traceback (most recent call last):
  File "/global/homes/m/mjwilson/desi/BEAST/desihub//redrock/bin/rrdesi_mpi", line 9, in <module>
ImportError: No module named redrock.utils
    from redrock.utils import nersc_login_node
Traceback (most recent call last):
  File "/global/homes/m/mjwilson/desi/BEAST/desihub//redrock/bin/rrdesi_mpi", line 9, in <module>
Traceback (most recent call last):
  File "/global/homes/m/mjwilson/desi/BEAST/desihub//redrock/bin/rrdesi_mpi", line 9, in <module>
Traceback (most recent call last):
  File "/global/homes/m/mjwilson/desi/BEAST/desihub//redrock/bin/rrdesi_mpi", line 9, in <module>
ImportError: No module named redrock.utils
Traceback (most recent call last):
  File "/global/homes/m/mjwilson/desi/BEAST/desihub//redrock/bin/rrdesi_mpi", line 9, in <module>
    from redrock.utils import nersc_login_node
Traceback (most recent call last):
  File "/global/homes/m/mjwilson/desi/BEAST/desihub//redrock/bin/rrdesi_mpi", line 9, in <module>
Traceback (most recent call last):
  File "/global/homes/m/mjwilson/desi/BEAST/desihub//redrock/bin/rrdesi_mpi", line 9, in <module>
Traceback (most recent call last):
  File "/global/homes/m/mjwilson/desi/BEAST/desihub//redrock/bin/rrdesi_mpi", line 9, in <module>
    from redrock.utils import nersc_login_node
    from redrock.utils import nersc_login_node
ImportError: No module named redrock.utils
    from redrock.utils import nersc_login_node
    from redrock.utils import nersc_login_node
ImportError: No module named redrock.utils
    from redrock.utils import nersc_login_node
    from redrock.utils import nersc_login_node
ImportError: No module named redrock.utils
ImportError: No module named redrock.utils
ImportError: No module named redrock.utils
ImportError: No module named redrock.utils
ImportError: No module named redrock.utils
    from redrock.utils import nersc_login_node
ImportError: No module named redrock.utils
srun: error: nid01473: tasks 0-15: Exited with exit code 1
srun: Terminating job step 11740842.1
Traceback (most recent call last):
  File "/global/homes/m/mjwilson/desi/BEAST/desihub//redrock/bin/rrdesi_mpi", line 9, in <module>
    from redrock.utils import nersc_login_node
ImportError: No module named redrock.utils
Traceback (most recent call last):
  File "/global/homes/m/mjwilson/desi/BEAST/desihub//redrock/bin/rrdesi_mpi", line 9, in <module>
    from redrock.utils import nersc_login_node
Traceback (most recent call last):
  File "/global/homes/m/mjwilson/desi/BEAST/desihub//redrock/bin/rrdesi_mpi", line 9, in <module>
ImportError: No module named redrock.utils
    from redrock.utils import nersc_login_node
ImportError: No module named redrock.utils
Traceback (most recent call last):
  File "/global/homes/m/mjwilson/desi/BEAST/desihub//redrock/bin/rrdesi_mpi", line 9, in <module>
Traceback (most recent call last):
  File "/global/homes/m/mjwilson/desi/BEAST/desihub//redrock/bin/rrdesi_mpi", line 9, in <module>
    from redrock.utils import nersc_login_node
ImportError: No module named redrock.utils
    from redrock.utils import nersc_login_node
ImportError: No module named redrock.utils
Traceback (most recent call last):
  File "/global/homes/m/mjwilson/desi/BEAST/desihub//redrock/bin/rrdesi_mpi", line 9, in <module>
Traceback (most recent call last):
  File "/global/homes/m/mjwilson/desi/BEAST/desihub//redrock/bin/rrdesi_mpi", line 9, in <module>
Traceback (most recent call last):
  File "/global/homes/m/mjwilson/desi/BEAST/desihub//redrock/bin/rrdesi_mpi", line 9, in <module>
    from redrock.utils import nersc_login_node
Traceback (most recent call last):
  File "/global/homes/m/mjwilson/desi/BEAST/desihub//redrock/bin/rrdesi_mpi", line 9, in <module>
Traceback (most recent call last):
  File "/global/homes/m/mjwilson/desi/BEAST/desihub//redrock/bin/rrdesi_mpi", line 9, in <module>
    from redrock.utils import nersc_login_node
ImportError: No module named redrock.utils
    from redrock.utils import nersc_login_node
ImportError: No module named redrock.utils
Traceback (most recent call last):
  File "/global/homes/m/mjwilson/desi/BEAST/desihub//redrock/bin/rrdesi_mpi", line 9, in <module>
ImportError: No module named redrock.utils
Traceback (most recent call last):
  File "/global/homes/m/mjwilson/desi/BEAST/desihub//redrock/bin/rrdesi_mpi", line 9, in <module>
    from redrock.utils import nersc_login_node
Traceback (most recent call last):
  File "/global/homes/m/mjwilson/desi/BEAST/desihub//redrock/bin/rrdesi_mpi", line 9, in <module>
    from redrock.utils import nersc_login_node
Traceback (most recent call last):
  File "/global/homes/m/mjwilson/desi/BEAST/desihub//redrock/bin/rrdesi_mpi", line 9, in <module>
Traceback (most recent call last):
  File "/global/homes/m/mjwilson/desi/BEAST/desihub//redrock/bin/rrdesi_mpi", line 9, in <module>
    from redrock.utils import nersc_login_node
Traceback (most recent call last):
  File "/global/homes/m/mjwilson/desi/BEAST/desihub//redrock/bin/rrdesi_mpi", line 9, in <module>
ImportError: No module named redrock.utils
ImportError: No module named redrock.utils
    from redrock.utils import nersc_login_node
ImportError: No module named redrock.utils
    from redrock.utils import nersc_login_node
    from redrock.utils import nersc_login_node
ImportError: No module named redrock.utils
ImportError: No module named redrock.utils
    from redrock.utils import nersc_login_node
ImportError: No module named redrock.utils
    from redrock.utils import nersc_login_node
ImportError: No module named redrock.utils
ImportError: No module named redrock.utils
Traceback (most recent call last):
  File "/global/homes/m/mjwilson/desi/BEAST/desihub//redrock/bin/rrdesi_mpi", line 9, in <module>
Traceback (most recent call last):
  File "/global/homes/m/mjwilson/desi/BEAST/desihub//redrock/bin/rrdesi_mpi", line 9, in <module>
Traceback (most recent call last):
  File "/global/homes/m/mjwilson/desi/BEAST/desihub//redrock/bin/rrdesi_mpi", line 9, in <module>
    from redrock.utils import nersc_login_node
ImportError: No module named redrock.utils
    from redrock.utils import nersc_login_node
    from redrock.utils import nersc_login_node
ImportError: No module named redrock.utils
ImportError: No module named redrock.utils
Traceback (most recent call last):
  File "/global/homes/m/mjwilson/desi/BEAST/desihub//redrock/bin/rrdesi_mpi", line 9, in <module>
    from redrock.utils import nersc_login_node
ImportError: No module named redrock.utils
Traceback (most recent call last):
  File "/global/homes/m/mjwilson/desi/BEAST/desihub//redrock/bin/rrdesi_mpi", line 9, in <module>
Traceback (most recent call last):
  File "/global/homes/m/mjwilson/desi/BEAST/desihub//redrock/bin/rrdesi_mpi", line 9, in <module>
    from redrock.utils import nersc_login_node
    from redrock.utils import nersc_login_node
ImportError: No module named redrock.utils
ImportError: No module named redrock.utils
Traceback (most recent call last):
  File "/global/homes/m/mjwilson/desi/BEAST/desihub//redrock/bin/rrdesi_mpi", line 9, in <module>
    from redrock.utils import nersc_login_node
ImportError: No module named redrock.utils
Traceback (most recent call last):
  File "/global/homes/m/mjwilson/desi/BEAST/desihub//redrock/bin/rrdesi_mpi", line 9, in <module>
Traceback (most recent call last):
  File "/global/homes/m/mjwilson/desi/BEAST/desihub//redrock/bin/rrdesi_mpi", line 9, in <module>
    from redrock.utils import nersc_login_node
ImportError: No module named redrock.utils
Traceback (most recent call last):
  File "/global/homes/m/mjwilson/desi/BEAST/desihub//redrock/bin/rrdesi_mpi", line 9, in <module>
    from redrock.utils import nersc_login_node
Traceback (most recent call last):
  File "/global/homes/m/mjwilson/desi/BEAST/desihub//redrock/bin/rrdesi_mpi", line 9, in <module>
Traceback (most recent call last):
  File "/global/homes/m/mjwilson/desi/BEAST/desihub//redrock/bin/rrdesi_mpi", line 9, in <module>
ImportError: No module named redrock.utils
Traceback (most recent call last):
  File "/global/homes/m/mjwilson/desi/BEAST/desihub//redrock/bin/rrdesi_mpi", line 9, in <module>
Traceback (most recent call last):
  File "/global/homes/m/mjwilson/desi/BEAST/desihub//redrock/bin/rrdesi_mpi", line 9, in <module>
Traceback (most recent call last):
  File "/global/homes/m/mjwilson/desi/BEAST/desihub//redrock/bin/rrdesi_mpi", line 9, in <module>
    from redrock.utils import nersc_login_node
Traceback (most recent call last):
  File "/global/homes/m/mjwilson/desi/BEAST/desihub//redrock/bin/rrdesi_mpi", line 9, in <module>
    from redrock.utils import nersc_login_node
ImportError: No module named redrock.utils
    from redrock.utils import nersc_login_node
    from redrock.utils import nersc_login_node
    from redrock.utils import nersc_login_node
ImportError: No module named redrock.utils
ImportError: No module named redrock.utils
ImportError: No module named redrock.utils
    from redrock.utils import nersc_login_node
ImportError: No module named redrock.utils
    from redrock.utils import nersc_login_node
ImportError: No module named redrock.utils
ImportError: No module named redrock.utils
Traceback (most recent call last):
  File "/global/homes/m/mjwilson/desi/BEAST/desihub//redrock/bin/rrdesi_mpi", line 9, in <module>
srun: error: nid01939: tasks 0-15: Exited with exit code 1
srun: Terminating job step 11740842.3
Traceback (most recent call last):
  File "/global/homes/m/mjwilson/desi/BEAST/desihub//redrock/bin/rrdesi_mpi", line 9, in <module>
    from redrock.utils import nersc_login_node
ImportError: No module named redrock.utils
    from redrock.utils import nersc_login_node
ImportError: No module named redrock.utils
Traceback (most recent call last):
  File "/global/homes/m/mjwilson/desi/BEAST/desihub//redrock/bin/rrdesi_mpi", line 9, in <module>
    from redrock.utils import nersc_login_node
ImportError: No module named redrock.utils
Traceback (most recent call last):
  File "/global/homes/m/mjwilson/desi/BEAST/desihub//redrock/bin/rrdesi_mpi", line 9, in <module>
    from redrock.utils import nersc_login_node
ImportError: No module named redrock.utils
Traceback (most recent call last):
  File "/global/homes/m/mjwilson/desi/BEAST/desihub//redrock/bin/rrdesi_mpi", line 9, in <module>
Traceback (most recent call last):
  File "/global/homes/m/mjwilson/desi/BEAST/desihub//redrock/bin/rrdesi_mpi", line 9, in <module>
    from redrock.utils import nersc_login_node
ImportError: No module named redrock.utils
    from redrock.utils import nersc_login_node
Traceback (most recent call last):
  File "/global/homes/m/mjwilson/desi/BEAST/desihub//redrock/bin/rrdesi_mpi", line 9, in <module>
ImportError: No module named redrock.utils
Traceback (most recent call last):
  File "/global/homes/m/mjwilson/desi/BEAST/desihub//redrock/bin/rrdesi_mpi", line 9, in <module>
    from redrock.utils import nersc_login_node
ImportError: No module named redrock.utils
    from redrock.utils import nersc_login_node
Traceback (most recent call last):
  File "/global/homes/m/mjwilson/desi/BEAST/desihub//redrock/bin/rrdesi_mpi", line 9, in <module>
ImportError: No module named redrock.utils
Traceback (most recent call last):
  File "/global/homes/m/mjwilson/desi/BEAST/desihub//redrock/bin/rrdesi_mpi", line 9, in <module>
    from redrock.utils import nersc_login_node
Traceback (most recent call last):
  File "/global/homes/m/mjwilson/desi/BEAST/desihub//redrock/bin/rrdesi_mpi", line 9, in <module>
Traceback (most recent call last):
  File "/global/homes/m/mjwilson/desi/BEAST/desihub//redrock/bin/rrdesi_mpi", line 9, in <module>
Traceback (most recent call last):
  File "/global/homes/m/mjwilson/desi/BEAST/desihub//redrock/bin/rrdesi_mpi", line 9, in <module>
Traceback (most recent call last):
  File "/global/homes/m/mjwilson/desi/BEAST/desihub//redrock/bin/rrdesi_mpi", line 9, in <module>
ImportError: No module named redrock.utils
    from redrock.utils import nersc_login_node
Traceback (most recent call last):
  File "/global/homes/m/mjwilson/desi/BEAST/desihub//redrock/bin/rrdesi_mpi", line 9, in <module>
Traceback (most recent call last):
  File "/global/homes/m/mjwilson/desi/BEAST/desihub//redrock/bin/rrdesi_mpi", line 9, in <module>
    from redrock.utils import nersc_login_node
ImportError: No module named redrock.utils
    from redrock.utils import nersc_login_node
ImportError: No module named redrock.utils
    from redrock.utils import nersc_login_node
    from redrock.utils import nersc_login_node
ImportError: No module named redrock.utils
    from redrock.utils import nersc_login_node
ImportError: No module named redrock.utils
ImportError: No module named redrock.utils
    from redrock.utils import nersc_login_node
ImportError: No module named redrock.utils
ImportError: No module named redrock.utils
srun: error: nid01938: tasks 0-15: Exited with exit code 1
srun: Terminating job step 11740842.2
Traceback (most recent call last):
  File "/global/homes/m/mjwilson/desi/BEAST/desihub//redrock/bin/rrdesi_mpi", line 9, in <module>
Traceback (most recent call last):
  File "/global/homes/m/mjwilson/desi/BEAST/desihub//redrock/bin/rrdesi_mpi", line 9, in <module>
Traceback (most recent call last):
  File "/global/homes/m/mjwilson/desi/BEAST/desihub//redrock/bin/rrdesi_mpi", line 9, in <module>
    from redrock.utils import nersc_login_node
ImportError: No module named redrock.utils
    from redrock.utils import nersc_login_node
    from redrock.utils import nersc_login_node
ImportError: No module named redrock.utils
ImportError: No module named redrock.utils
Traceback (most recent call last):
  File "/global/homes/m/mjwilson/desi/BEAST/desihub//redrock/bin/rrdesi_mpi", line 9, in <module>
    from redrock.utils import nersc_login_node
ImportError: No module named redrock.utils
Traceback (most recent call last):
  File "/global/homes/m/mjwilson/desi/BEAST/desihub//redrock/bin/rrdesi_mpi", line 9, in <module>
    from redrock.utils import nersc_login_node
ImportError: No module named redrock.utils
Traceback (most recent call last):
  File "/global/homes/m/mjwilson/desi/BEAST/desihub//redrock/bin/rrdesi_mpi", line 9, in <module>
    from redrock.utils import nersc_login_node
ImportError: No module named redrock.utils
Traceback (most recent call last):
  File "/global/homes/m/mjwilson/desi/BEAST/desihub//redrock/bin/rrdesi_mpi", line 9, in <module>
    from redrock.utils import nersc_login_node
ImportError: No module named redrock.utils
Traceback (most recent call last):
  File "/global/homes/m/mjwilson/desi/BEAST/desihub//redrock/bin/rrdesi_mpi", line 9, in <module>
Traceback (most recent call last):
  File "/global/homes/m/mjwilson/desi/BEAST/desihub//redrock/bin/rrdesi_mpi", line 9, in <module>
Traceback (most recent call last):
  File "/global/homes/m/mjwilson/desi/BEAST/desihub//redrock/bin/rrdesi_mpi", line 9, in <module>
Traceback (most recent call last):
  File "/global/homes/m/mjwilson/desi/BEAST/desihub//redrock/bin/rrdesi_mpi", line 9, in <module>
    from redrock.utils import nersc_login_node
Traceback (most recent call last):
  File "/global/homes/m/mjwilson/desi/BEAST/desihub//redrock/bin/rrdesi_mpi", line 9, in <module>
    from redrock.utils import nersc_login_node
Traceback (most recent call last):
  File "/global/homes/m/mjwilson/desi/BEAST/desihub//redrock/bin/rrdesi_mpi", line 9, in <module>
Traceback (most recent call last):
  File "/global/homes/m/mjwilson/desi/BEAST/desihub//redrock/bin/rrdesi_mpi", line 9, in <module>
    from redrock.utils import nersc_login_node
ImportError: No module named redrock.utils
Traceback (most recent call last):
  File "/global/homes/m/mjwilson/desi/BEAST/desihub//redrock/bin/rrdesi_mpi", line 9, in <module>
Traceback (most recent call last):
  File "/global/homes/m/mjwilson/desi/BEAST/desihub//redrock/bin/rrdesi_mpi", line 9, in <module>
ImportError: No module named redrock.utils
    from redrock.utils import nersc_login_node
ImportError: No module named redrock.utils
    from redrock.utils import nersc_login_node
    from redrock.utils import nersc_login_node
    from redrock.utils import nersc_login_node
ImportError: No module named redrock.utils
ImportError: No module named redrock.utils
ImportError: No module named redrock.utils
ImportError: No module named redrock.utils
    from redrock.utils import nersc_login_node
ImportError: No module named redrock.utils
    from redrock.utils import nersc_login_node
ImportError: No module named redrock.utils
Traceback (most recent call last):
  File "/global/homes/m/mjwilson/desi/BEAST/desihub//redrock/bin/rrdesi_mpi", line 9, in <module>
srun: error: nid01940: tasks 0-15: Exited with exit code 1
srun: Terminating job step 11740842.4
Traceback (most recent call last):
  File "/global/homes/m/mjwilson/desi/BEAST/desihub//redrock/bin/rrdesi_mpi", line 9, in <module>
    from redrock.utils import nersc_login_node
ImportError: No module named redrock.utils
    from redrock.utils import nersc_login_node
ImportError: No module named redrock.utils
Traceback (most recent call last):
  File "/global/homes/m/mjwilson/desi/BEAST/desihub//redrock/bin/rrdesi_mpi", line 9, in <module>
    from redrock.utils import nersc_login_node
ImportError: No module named redrock.utils
Traceback (most recent call last):
  File "/global/homes/m/mjwilson/desi/BEAST/desihub//redrock/bin/rrdesi_mpi", line 9, in <module>
    from redrock.utils import nersc_login_node
ImportError: No module named redrock.utils
Traceback (most recent call last):
  File "/global/homes/m/mjwilson/desi/BEAST/desihub//redrock/bin/rrdesi_mpi", line 9, in <module>
    from redrock.utils import nersc_login_node
ImportError: No module named redrock.utils
Traceback (most recent call last):
  File "/global/homes/m/mjwilson/desi/BEAST/desihub//redrock/bin/rrdesi_mpi", line 9, in <module>
Traceback (most recent call last):
  File "/global/homes/m/mjwilson/desi/BEAST/desihub//redrock/bin/rrdesi_mpi", line 9, in <module>
Traceback (most recent call last):
  File "/global/homes/m/mjwilson/desi/BEAST/desihub//redrock/bin/rrdesi_mpi", line 9, in <module>
    from redrock.utils import nersc_login_node
    from redrock.utils import nersc_login_node
ImportError: No module named redrock.utils
    from redrock.utils import nersc_login_node
ImportError: No module named redrock.utils
ImportError: No module named redrock.utils
Traceback (most recent call last):
  File "/global/homes/m/mjwilson/desi/BEAST/desihub//redrock/bin/rrdesi_mpi", line 9, in <module>
Traceback (most recent call last):
  File "/global/homes/m/mjwilson/desi/BEAST/desihub//redrock/bin/rrdesi_mpi", line 9, in <module>
Traceback (most recent call last):
  File "/global/homes/m/mjwilson/desi/BEAST/desihub//redrock/bin/rrdesi_mpi", line 9, in <module>
Traceback (most recent call last):
  File "/global/homes/m/mjwilson/desi/BEAST/desihub//redrock/bin/rrdesi_mpi", line 9, in <module>
Traceback (most recent call last):
  File "/global/homes/m/mjwilson/desi/BEAST/desihub//redrock/bin/rrdesi_mpi", line 9, in <module>
    from redrock.utils import nersc_login_node
Traceback (most recent call last):
  File "/global/homes/m/mjwilson/desi/BEAST/desihub//redrock/bin/rrdesi_mpi", line 9, in <module>
Traceback (most recent call last):
  File "/global/homes/m/mjwilson/desi/BEAST/desihub//redrock/bin/rrdesi_mpi", line 9, in <module>
    from redrock.utils import nersc_login_node
Traceback (most recent call last):
  File "/global/homes/m/mjwilson/desi/BEAST/desihub//redrock/bin/rrdesi_mpi", line 9, in <module>
    from redrock.utils import nersc_login_node
ImportError: No module named redrock.utils
    from redrock.utils import nersc_login_node
    from redrock.utils import nersc_login_node
ImportError: No module named redrock.utils
    from redrock.utils import nersc_login_node
ImportError: No module named redrock.utils
ImportError: No module named redrock.utils
    from redrock.utils import nersc_login_node
ImportError: No module named redrock.utils
ImportError: No module named redrock.utils
    from redrock.utils import nersc_login_node
ImportError: No module named redrock.utils
ImportError: No module named redrock.utils
Traceback (most recent call last):
  File "/global/homes/m/mjwilson/desi/BEAST/desihub//redrock/bin/rrdesi_mpi", line 9, in <module>
srun: error: nid01941: tasks 0-15: Exited with exit code 1
srun: Terminating job step 11740842.5
Traceback (most recent call last):
  File "/global/homes/m/mjwilson/desi/BEAST/desihub//redrock/bin/rrdesi_mpi", line 9, in <module>
    from redrock.utils import nersc_login_node
    from redrock.utils import nersc_login_node
ImportError: No module named redrock.utils
ImportError: No module named redrock.utils
Traceback (most recent call last):
  File "/global/homes/m/mjwilson/desi/BEAST/desihub//redrock/bin/rrdesi_mpi", line 9, in <module>
    from redrock.utils import nersc_login_node
ImportError: No module named redrock.utils
Traceback (most recent call last):
  File "/global/homes/m/mjwilson/desi/BEAST/desihub//redrock/bin/rrdesi_mpi", line 9, in <module>
    from redrock.utils import nersc_login_node
ImportError: No module named redrock.utils
Traceback (most recent call last):
  File "/global/homes/m/mjwilson/desi/BEAST/desihub//redrock/bin/rrdesi_mpi", line 9, in <module>
    from redrock.utils import nersc_login_node
ImportError: No module named redrock.utils
Traceback (most recent call last):
  File "/global/homes/m/mjwilson/desi/BEAST/desihub//redrock/bin/rrdesi_mpi", line 9, in <module>
Traceback (most recent call last):
  File "/global/homes/m/mjwilson/desi/BEAST/desihub//redrock/bin/rrdesi_mpi", line 9, in <module>
    from redrock.utils import nersc_login_node
ImportError: No module named redrock.utils
    from redrock.utils import nersc_login_node
Traceback (most recent call last):
  File "/global/homes/m/mjwilson/desi/BEAST/desihub//redrock/bin/rrdesi_mpi", line 9, in <module>
ImportError: No module named redrock.utils
Traceback (most recent call last):
  File "/global/homes/m/mjwilson/desi/BEAST/desihub//redrock/bin/rrdesi_mpi", line 9, in <module>
Traceback (most recent call last):
  File "/global/homes/m/mjwilson/desi/BEAST/desihub//redrock/bin/rrdesi_mpi", line 9, in <module>
Traceback (most recent call last):
  File "/global/homes/m/mjwilson/desi/BEAST/desihub//redrock/bin/rrdesi_mpi", line 9, in <module>
    from redrock.utils import nersc_login_node
Traceback (most recent call last):
  File "/global/homes/m/mjwilson/desi/BEAST/desihub//redrock/bin/rrdesi_mpi", line 9, in <module>
ImportError: No module named redrock.utils
Traceback (most recent call last):
  File "/global/homes/m/mjwilson/desi/BEAST/desihub//redrock/bin/rrdesi_mpi", line 9, in <module>
    from redrock.utils import nersc_login_node
Traceback (most recent call last):
  File "/global/homes/m/mjwilson/desi/BEAST/desihub//redrock/bin/rrdesi_mpi", line 9, in <module>
Traceback (most recent call last):
  File "/global/homes/m/mjwilson/desi/BEAST/desihub//redrock/bin/rrdesi_mpi", line 9, in <module>
    from redrock.utils import nersc_login_node
Traceback (most recent call last):
  File "/global/homes/m/mjwilson/desi/BEAST/desihub//redrock/bin/rrdesi_mpi", line 9, in <module>
    from redrock.utils import nersc_login_node
    from redrock.utils import nersc_login_node
ImportError: No module named redrock.utils
ImportError: No module named redrock.utils
    from redrock.utils import nersc_login_node
    from redrock.utils import nersc_login_node
ImportError: No module named redrock.utils
ImportError: No module named redrock.utils
ImportError: No module named redrock.utils
    from redrock.utils import nersc_login_node
ImportError: No module named redrock.utils
ImportError: No module named redrock.utils
    from redrock.utils import nersc_login_node
ImportError: No module named redrock.utils
srun: error: nid02532: tasks 0-15: Exited with exit code 1
srun: Terminating job step 11740842.6
srun: error: nid02769: tasks 0-15: Exited with exit code 1
srun: Terminating job step 11740842.7
srun: error: nid02770: tasks 0-15: Exited with exit code 1
srun: Terminating job step 11740842.8
srun: error: nid02771: tasks 0-15: Exited with exit code 1
srun: Terminating job step 11740842.9
