NEW ENVIRONMENT SET.
edison

SOLVING FOR 1000 beast lbg
SOLVING FOR 2000 beast lbg
SOLVING FOR 3000 beast lbg
SOLVING FOR 4000 beast lbg
SOLVING FOR 5000 beast lbg
SOLVING FOR 6000 beast lbg
SOLVING FOR 7000 beast lbg
SOLVING FOR 8000 beast lbg
SOLVING FOR 9000 beast lbg
SOLVING FOR 10000 beast lbg
Traceback (most recent call last):
  File "/global/homes/m/mjwilson/desi/BEAST/desihub//redrock/bin/rrdesi_mpi", line 9, in <module>
Traceback (most recent call last):
  File "/global/homes/m/mjwilson/desi/BEAST/desihub//redrock/bin/rrdesi_mpi", line 9, in <module>
Traceback (most recent call last):
  File "/global/homes/m/mjwilson/desi/BEAST/desihub//redrock/bin/rrdesi_mpi", line 9, in <module>
    from redrock.utils import nersc_login_node
ImportError: No module named redrock.utils
    from redrock.utils import nersc_login_node
ImportError: No module named redrock.utils
Traceback (most recent call last):
  File "/global/homes/m/mjwilson/desi/BEAST/desihub//redrock/bin/rrdesi_mpi", line 9, in <module>
    from redrock.utils import nersc_login_node
ImportError: No module named redrock.utils
Traceback (most recent call last):
  File "/global/homes/m/mjwilson/desi/BEAST/desihub//redrock/bin/rrdesi_mpi", line 9, in <module>
    from redrock.utils import nersc_login_node
ImportError: No module named redrock.utils
Traceback (most recent call last):
  File "/global/homes/m/mjwilson/desi/BEAST/desihub//redrock/bin/rrdesi_mpi", line 9, in <module>
    from redrock.utils import nersc_login_node
ImportError: No module named redrock.utils
Traceback (most recent call last):
  File "/global/homes/m/mjwilson/desi/BEAST/desihub//redrock/bin/rrdesi_mpi", line 9, in <module>
    from redrock.utils import nersc_login_node
ImportError: No module named redrock.utils
Traceback (most recent call last):
  File "/global/homes/m/mjwilson/desi/BEAST/desihub//redrock/bin/rrdesi_mpi", line 9, in <module>
Traceback (most recent call last):
  File "/global/homes/m/mjwilson/desi/BEAST/desihub//redrock/bin/rrdesi_mpi", line 9, in <module>
    from redrock.utils import nersc_login_node
ImportError: No module named redrock.utils
    from redrock.utils import nersc_login_node
Traceback (most recent call last):
  File "/global/homes/m/mjwilson/desi/BEAST/desihub//redrock/bin/rrdesi_mpi", line 9, in <module>
ImportError: No module named redrock.utils
Traceback (most recent call last):
  File "/global/homes/m/mjwilson/desi/BEAST/desihub//redrock/bin/rrdesi_mpi", line 9, in <module>
    from redrock.utils import nersc_login_node
ImportError: No module named redrock.utils
Traceback (most recent call last):
  File "/global/homes/m/mjwilson/desi/BEAST/desihub//redrock/bin/rrdesi_mpi", line 9, in <module>
    from redrock.utils import nersc_login_node
Traceback (most recent call last):
  File "/global/homes/m/mjwilson/desi/BEAST/desihub//redrock/bin/rrdesi_mpi", line 9, in <module>
ImportError: No module named redrock.utils
Traceback (most recent call last):
  File "/global/homes/m/mjwilson/desi/BEAST/desihub//redrock/bin/rrdesi_mpi", line 9, in <module>
Traceback (most recent call last):
  File "/global/homes/m/mjwilson/desi/BEAST/desihub//redrock/bin/rrdesi_mpi", line 9, in <module>
    from redrock.utils import nersc_login_node
Traceback (most recent call last):
  File "/global/homes/m/mjwilson/desi/BEAST/desihub//redrock/bin/rrdesi_mpi", line 9, in <module>
Traceback (most recent call last):
    from redrock.utils import nersc_login_node
  File "/global/homes/m/mjwilson/desi/BEAST/desihub//redrock/bin/rrdesi_mpi", line 9, in <module>
Traceback (most recent call last):
  File "/global/homes/m/mjwilson/desi/BEAST/desihub//redrock/bin/rrdesi_mpi", line 9, in <module>
Traceback (most recent call last):
  File "/global/homes/m/mjwilson/desi/BEAST/desihub//redrock/bin/rrdesi_mpi", line 9, in <module>
ImportError: No module named redrock.utils
    from redrock.utils import nersc_login_node
ImportError: No module named redrock.utils
ImportError: No module named redrock.utils
    from redrock.utils import nersc_login_node
    from redrock.utils import nersc_login_node
    from redrock.utils import nersc_login_node
    from redrock.utils import nersc_login_node
ImportError: No module named redrock.utils
ImportError: No module named redrock.utils
ImportError: No module named redrock.utils
ImportError: No module named redrock.utils
    from redrock.utils import nersc_login_node
Traceback (most recent call last):
  File "/global/homes/m/mjwilson/desi/BEAST/desihub//redrock/bin/rrdesi_mpi", line 9, in <module>
    from redrock.utils import nersc_login_node
    from redrock.utils import nersc_login_node
ImportError: No module named redrock.utils
ImportError: No module named redrock.utils
ImportError: No module named redrock.utils
Traceback (most recent call last):
  File "/global/homes/m/mjwilson/desi/BEAST/desihub//redrock/bin/rrdesi_mpi", line 9, in <module>
Traceback (most recent call last):
  File "/global/homes/m/mjwilson/desi/BEAST/desihub//redrock/bin/rrdesi_mpi", line 9, in <module>
    from redrock.utils import nersc_login_node
ImportError: No module named redrock.utils
Traceback (most recent call last):
  File "/global/homes/m/mjwilson/desi/BEAST/desihub//redrock/bin/rrdesi_mpi", line 9, in <module>
    from redrock.utils import nersc_login_node
ImportError: No module named redrock.utils
    from redrock.utils import nersc_login_node
ImportError: No module named redrock.utils
Traceback (most recent call last):
  File "/global/homes/m/mjwilson/desi/BEAST/desihub//redrock/bin/rrdesi_mpi", line 9, in <module>
    from redrock.utils import nersc_login_node
Traceback (most recent call last):
  File "/global/homes/m/mjwilson/desi/BEAST/desihub//redrock/bin/rrdesi_mpi", line 9, in <module>
ImportError: No module named redrock.utils
Traceback (most recent call last):
  File "/global/homes/m/mjwilson/desi/BEAST/desihub//redrock/bin/rrdesi_mpi", line 9, in <module>
    from redrock.utils import nersc_login_node
ImportError: No module named redrock.utils
    from redrock.utils import nersc_login_node
Traceback (most recent call last):
  File "/global/homes/m/mjwilson/desi/BEAST/desihub//redrock/bin/rrdesi_mpi", line 9, in <module>
ImportError: No module named redrock.utils
Traceback (most recent call last):
  File "/global/homes/m/mjwilson/desi/BEAST/desihub//redrock/bin/rrdesi_mpi", line 9, in <module>
Traceback (most recent call last):
  File "/global/homes/m/mjwilson/desi/BEAST/desihub//redrock/bin/rrdesi_mpi", line 9, in <module>
Traceback (most recent call last):
  File "/global/homes/m/mjwilson/desi/BEAST/desihub//redrock/bin/rrdesi_mpi", line 9, in <module>
Traceback (most recent call last):
  File "/global/homes/m/mjwilson/desi/BEAST/desihub//redrock/bin/rrdesi_mpi", line 9, in <module>
    from redrock.utils import nersc_login_node
Traceback (most recent call last):
  File "/global/homes/m/mjwilson/desi/BEAST/desihub//redrock/bin/rrdesi_mpi", line 9, in <module>
ImportError: No module named redrock.utils
    from redrock.utils import nersc_login_node
    from redrock.utils import nersc_login_node
    from redrock.utils import nersc_login_node
    from redrock.utils import nersc_login_node
ImportError: No module named redrock.utils
ImportError: No module named redrock.utils
ImportError: No module named redrock.utils
ImportError: No module named redrock.utils
    from redrock.utils import nersc_login_node
ImportError: No module named redrock.utils
Traceback (most recent call last):
  File "/global/homes/m/mjwilson/desi/BEAST/desihub//redrock/bin/rrdesi_mpi", line 9, in <module>
    from redrock.utils import nersc_login_node
ImportError: No module named redrock.utils
Traceback (most recent call last):
  File "/global/homes/m/mjwilson/desi/BEAST/desihub//redrock/bin/rrdesi_mpi", line 9, in <module>
Traceback (most recent call last):
  File "/global/homes/m/mjwilson/desi/BEAST/desihub//redrock/bin/rrdesi_mpi", line 9, in <module>
    from redrock.utils import nersc_login_node
ImportError: No module named redrock.utils
    from redrock.utils import nersc_login_node
ImportError: No module named redrock.utils
Traceback (most recent call last):
  File "/global/homes/m/mjwilson/desi/BEAST/desihub//redrock/bin/rrdesi_mpi", line 9, in <module>
    from redrock.utils import nersc_login_node
ImportError: No module named redrock.utils
Traceback (most recent call last):
  File "/global/homes/m/mjwilson/desi/BEAST/desihub//redrock/bin/rrdesi_mpi", line 9, in <module>
Traceback (most recent call last):
  File "/global/homes/m/mjwilson/desi/BEAST/desihub//redrock/bin/rrdesi_mpi", line 9, in <module>
Traceback (most recent call last):
  File "/global/homes/m/mjwilson/desi/BEAST/desihub//redrock/bin/rrdesi_mpi", line 9, in <module>
    from redrock.utils import nersc_login_node
    from redrock.utils import nersc_login_node
ImportError: No module named redrock.utils
ImportError: No module named redrock.utils
    from redrock.utils import nersc_login_node
ImportError: No module named redrock.utils
Traceback (most recent call last):
  File "/global/homes/m/mjwilson/desi/BEAST/desihub//redrock/bin/rrdesi_mpi", line 9, in <module>
Traceback (most recent call last):
  File "/global/homes/m/mjwilson/desi/BEAST/desihub//redrock/bin/rrdesi_mpi", line 9, in <module>
    from redrock.utils import nersc_login_node
    from redrock.utils import nersc_login_node
ImportError: No module named redrock.utils
ImportError: No module named redrock.utils
Traceback (most recent call last):
  File "/global/homes/m/mjwilson/desi/BEAST/desihub//redrock/bin/rrdesi_mpi", line 9, in <module>
Traceback (most recent call last):
  File "/global/homes/m/mjwilson/desi/BEAST/desihub//redrock/bin/rrdesi_mpi", line 9, in <module>
Traceback (most recent call last):
  File "/global/homes/m/mjwilson/desi/BEAST/desihub//redrock/bin/rrdesi_mpi", line 9, in <module>
Traceback (most recent call last):
  File "/global/homes/m/mjwilson/desi/BEAST/desihub//redrock/bin/rrdesi_mpi", line 9, in <module>
Traceback (most recent call last):
  File "/global/homes/m/mjwilson/desi/BEAST/desihub//redrock/bin/rrdesi_mpi", line 9, in <module>
Traceback (most recent call last):
  File "/global/homes/m/mjwilson/desi/BEAST/desihub//redrock/bin/rrdesi_mpi", line 9, in <module>
Traceback (most recent call last):
  File "/global/homes/m/mjwilson/desi/BEAST/desihub//redrock/bin/rrdesi_mpi", line 9, in <module>
Traceback (most recent call last):
  File "/global/homes/m/mjwilson/desi/BEAST/desihub//redrock/bin/rrdesi_mpi", line 9, in <module>
    from redrock.utils import nersc_login_node
    from redrock.utils import nersc_login_node
    from redrock.utils import nersc_login_node
    from redrock.utils import nersc_login_node
ImportError: No module named redrock.utils
ImportError: No module named redrock.utils
    from redrock.utils import nersc_login_node
ImportError: No module named redrock.utils
    from redrock.utils import nersc_login_node
ImportError: No module named redrock.utils
ImportError: No module named redrock.utils
ImportError: No module named redrock.utils
    from redrock.utils import nersc_login_node
ImportError: No module named redrock.utils
Traceback (most recent call last):
  File "/global/homes/m/mjwilson/desi/BEAST/desihub//redrock/bin/rrdesi_mpi", line 9, in <module>
Traceback (most recent call last):
  File "/global/homes/m/mjwilson/desi/BEAST/desihub//redrock/bin/rrdesi_mpi", line 9, in <module>
    from redrock.utils import nersc_login_node
    from redrock.utils import nersc_login_node
ImportError: No module named redrock.utils
    from redrock.utils import nersc_login_node
ImportError: No module named redrock.utils
ImportError: No module named redrock.utils
Traceback (most recent call last):
  File "/global/homes/m/mjwilson/desi/BEAST/desihub//redrock/bin/rrdesi_mpi", line 9, in <module>
    from redrock.utils import nersc_login_node
Traceback (most recent call last):
  File "/global/homes/m/mjwilson/desi/BEAST/desihub//redrock/bin/rrdesi_mpi", line 9, in <module>
ImportError: No module named redrock.utils
    from redrock.utils import nersc_login_node
ImportError: No module named redrock.utils
Traceback (most recent call last):
  File "/global/homes/m/mjwilson/desi/BEAST/desihub//redrock/bin/rrdesi_mpi", line 9, in <module>
    from redrock.utils import nersc_login_node
ImportError: No module named redrock.utils
Traceback (most recent call last):
  File "/global/homes/m/mjwilson/desi/BEAST/desihub//redrock/bin/rrdesi_mpi", line 9, in <module>
    from redrock.utils import nersc_login_node
ImportError: No module named redrock.utils
Traceback (most recent call last):
  File "/global/homes/m/mjwilson/desi/BEAST/desihub//redrock/bin/rrdesi_mpi", line 9, in <module>
Traceback (most recent call last):
  File "/global/homes/m/mjwilson/desi/BEAST/desihub//redrock/bin/rrdesi_mpi", line 9, in <module>
Traceback (most recent call last):
  File "/global/homes/m/mjwilson/desi/BEAST/desihub//redrock/bin/rrdesi_mpi", line 9, in <module>
    from redrock.utils import nersc_login_node
ImportError: No module named redrock.utils
    from redrock.utils import nersc_login_node
Traceback (most recent call last):
  File "/global/homes/m/mjwilson/desi/BEAST/desihub//redrock/bin/rrdesi_mpi", line 9, in <module>
Traceback (most recent call last):
  File "/global/homes/m/mjwilson/desi/BEAST/desihub//redrock/bin/rrdesi_mpi", line 9, in <module>
ImportError: No module named redrock.utils
Traceback (most recent call last):
  File "/global/homes/m/mjwilson/desi/BEAST/desihub//redrock/bin/rrdesi_mpi", line 9, in <module>
Traceback (most recent call last):
  File "/global/homes/m/mjwilson/desi/BEAST/desihub//redrock/bin/rrdesi_mpi", line 9, in <module>
    from redrock.utils import nersc_login_node
Traceback (most recent call last):
  File "/global/homes/m/mjwilson/desi/BEAST/desihub//redrock/bin/rrdesi_mpi", line 9, in <module>
Traceback (most recent call last):
  File "/global/homes/m/mjwilson/desi/BEAST/desihub//redrock/bin/rrdesi_mpi", line 9, in <module>
    from redrock.utils import nersc_login_node
ImportError: No module named redrock.utils
    from redrock.utils import nersc_login_node
ImportError: No module named redrock.utils
    from redrock.utils import nersc_login_node
    from redrock.utils import nersc_login_node
    from redrock.utils import nersc_login_node
ImportError: No module named redrock.utils
ImportError: No module named redrock.utils
ImportError: No module named redrock.utils
ImportError: No module named redrock.utils
    from redrock.utils import nersc_login_node
ImportError: No module named redrock.utils
Traceback (most recent call last):
  File "/global/homes/m/mjwilson/desi/BEAST/desihub//redrock/bin/rrdesi_mpi", line 9, in <module>
    from redrock.utils import nersc_login_node
ImportError: No module named redrock.utils
Traceback (most recent call last):
  File "/global/homes/m/mjwilson/desi/BEAST/desihub//redrock/bin/rrdesi_mpi", line 9, in <module>
    from redrock.utils import nersc_login_node
ImportError: No module named redrock.utils
Traceback (most recent call last):
  File "/global/homes/m/mjwilson/desi/BEAST/desihub//redrock/bin/rrdesi_mpi", line 9, in <module>
    from redrock.utils import nersc_login_node
ImportError: No module named redrock.utils
Traceback (most recent call last):
  File "/global/homes/m/mjwilson/desi/BEAST/desihub//redrock/bin/rrdesi_mpi", line 9, in <module>
    from redrock.utils import nersc_login_node
ImportError: No module named redrock.utils
Traceback (most recent call last):
  File "/global/homes/m/mjwilson/desi/BEAST/desihub//redrock/bin/rrdesi_mpi", line 9, in <module>
Traceback (most recent call last):
  File "/global/homes/m/mjwilson/desi/BEAST/desihub//redrock/bin/rrdesi_mpi", line 9, in <module>
    from redrock.utils import nersc_login_node
    from redrock.utils import nersc_login_node
ImportError: No module named redrock.utils
Traceback (most recent call last):
  File "/global/homes/m/mjwilson/desi/BEAST/desihub//redrock/bin/rrdesi_mpi", line 9, in <module>
ImportError: No module named redrock.utils
    from redrock.utils import nersc_login_node
ImportError: No module named redrock.utils
Traceback (most recent call last):
  File "/global/homes/m/mjwilson/desi/BEAST/desihub//redrock/bin/rrdesi_mpi", line 9, in <module>
    from redrock.utils import nersc_login_node
ImportError: No module named redrock.utils
Traceback (most recent call last):
  File "/global/homes/m/mjwilson/desi/BEAST/desihub//redrock/bin/rrdesi_mpi", line 9, in <module>
Traceback (most recent call last):
  File "/global/homes/m/mjwilson/desi/BEAST/desihub//redrock/bin/rrdesi_mpi", line 9, in <module>
    from redrock.utils import nersc_login_node
ImportError: No module named redrock.utils
Traceback (most recent call last):
  File "/global/homes/m/mjwilson/desi/BEAST/desihub//redrock/bin/rrdesi_mpi", line 9, in <module>
Traceback (most recent call last):
  File "/global/homes/m/mjwilson/desi/BEAST/desihub//redrock/bin/rrdesi_mpi", line 9, in <module>
Traceback (most recent call last):
  File "/global/homes/m/mjwilson/desi/BEAST/desihub//redrock/bin/rrdesi_mpi", line 9, in <module>
    from redrock.utils import nersc_login_node
Traceback (most recent call last):
  File "/global/homes/m/mjwilson/desi/BEAST/desihub//redrock/bin/rrdesi_mpi", line 9, in <module>
Traceback (most recent call last):
  File "/global/homes/m/mjwilson/desi/BEAST/desihub//redrock/bin/rrdesi_mpi", line 9, in <module>
    from redrock.utils import nersc_login_node
Traceback (most recent call last):
  File "/global/homes/m/mjwilson/desi/BEAST/desihub//redrock/bin/rrdesi_mpi", line 9, in <module>
    from redrock.utils import nersc_login_node
ImportError: No module named redrock.utils
    from redrock.utils import nersc_login_node
    from redrock.utils import nersc_login_node
ImportError: No module named redrock.utils
    from redrock.utils import nersc_login_node
ImportError: No module named redrock.utils
ImportError: No module named redrock.utils
ImportError: No module named redrock.utils
ImportError: No module named redrock.utils
    from redrock.utils import nersc_login_node
ImportError: No module named redrock.utils
srun: error: nid01940: tasks 0-15: Exited with exit code 1
srun: Terminating job step 11740843.1
Traceback (most recent call last):
  File "/global/homes/m/mjwilson/desi/BEAST/desihub//redrock/bin/rrdesi_mpi", line 9, in <module>
Traceback (most recent call last):
  File "/global/homes/m/mjwilson/desi/BEAST/desihub//redrock/bin/rrdesi_mpi", line 9, in <module>
srun: error: nid00332: tasks 0-15: Exited with exit code 1
srun: Terminating job step 11740843.0
Traceback (most recent call last):
  File "/global/homes/m/mjwilson/desi/BEAST/desihub//redrock/bin/rrdesi_mpi", line 9, in <module>
Traceback (most recent call last):
  File "/global/homes/m/mjwilson/desi/BEAST/desihub//redrock/bin/rrdesi_mpi", line 9, in <module>
Traceback (most recent call last):
  File "/global/homes/m/mjwilson/desi/BEAST/desihub//redrock/bin/rrdesi_mpi", line 9, in <module>
Traceback (most recent call last):
  File "/global/homes/m/mjwilson/desi/BEAST/desihub//redrock/bin/rrdesi_mpi", line 9, in <module>
Traceback (most recent call last):
  File "/global/homes/m/mjwilson/desi/BEAST/desihub//redrock/bin/rrdesi_mpi", line 9, in <module>
Traceback (most recent call last):
  File "/global/homes/m/mjwilson/desi/BEAST/desihub//redrock/bin/rrdesi_mpi", line 9, in <module>
Traceback (most recent call last):
  File "/global/homes/m/mjwilson/desi/BEAST/desihub//redrock/bin/rrdesi_mpi", line 9, in <module>
Traceback (most recent call last):
  File "/global/homes/m/mjwilson/desi/BEAST/desihub//redrock/bin/rrdesi_mpi", line 9, in <module>
    from redrock.utils import nersc_login_node
    from redrock.utils import nersc_login_node
    from redrock.utils import nersc_login_node
Traceback (most recent call last):
  File "/global/homes/m/mjwilson/desi/BEAST/desihub//redrock/bin/rrdesi_mpi", line 9, in <module>
Traceback (most recent call last):
  File "/global/homes/m/mjwilson/desi/BEAST/desihub//redrock/bin/rrdesi_mpi", line 9, in <module>
    from redrock.utils import nersc_login_node
Traceback (most recent call last):
  File "/global/homes/m/mjwilson/desi/BEAST/desihub//redrock/bin/rrdesi_mpi", line 9, in <module>
Traceback (most recent call last):
  File "/global/homes/m/mjwilson/desi/BEAST/desihub//redrock/bin/rrdesi_mpi", line 9, in <module>
    from redrock.utils import nersc_login_node
Traceback (most recent call last):
  File "/global/homes/m/mjwilson/desi/BEAST/desihub//redrock/bin/rrdesi_mpi", line 9, in <module>
Traceback (most recent call last):
  File "/global/homes/m/mjwilson/desi/BEAST/desihub//redrock/bin/rrdesi_mpi", line 9, in <module>
Traceback (most recent call last):
  File "/global/homes/m/mjwilson/desi/BEAST/desihub//redrock/bin/rrdesi_mpi", line 9, in <module>
    from redrock.utils import nersc_login_node
ImportError: No module named redrock.utils
    from redrock.utils import nersc_login_node
    from redrock.utils import nersc_login_node
ImportError: No module named redrock.utils
ImportError: No module named redrock.utils
    from redrock.utils import nersc_login_node
ImportError: No module named redrock.utils
    from redrock.utils import nersc_login_node
    from redrock.utils import nersc_login_node
ImportError: No module named redrock.utils
    from redrock.utils import nersc_login_node
    from redrock.utils import nersc_login_node
    from redrock.utils import nersc_login_node
ImportError: No module named redrock.utils
ImportError: No module named redrock.utils
ImportError: No module named redrock.utils
    from redrock.utils import nersc_login_node
ImportError: No module named redrock.utils
ImportError: No module named redrock.utils
ImportError: No module named redrock.utils
ImportError: No module named redrock.utils
ImportError: No module named redrock.utils
ImportError: No module named redrock.utils
    from redrock.utils import nersc_login_node
ImportError: No module named redrock.utils
ImportError: No module named redrock.utils
Traceback (most recent call last):
  File "/global/homes/m/mjwilson/desi/BEAST/desihub//redrock/bin/rrdesi_mpi", line 9, in <module>
    from redrock.utils import nersc_login_node
ImportError: No module named redrock.utils
    from redrock.utils import nersc_login_node
ImportError: No module named redrock.utils
Traceback (most recent call last):
  File "/global/homes/m/mjwilson/desi/BEAST/desihub//redrock/bin/rrdesi_mpi", line 9, in <module>
Traceback (most recent call last):
  File "/global/homes/m/mjwilson/desi/BEAST/desihub//redrock/bin/rrdesi_mpi", line 9, in <module>
    from redrock.utils import nersc_login_node
ImportError: No module named redrock.utils
    from redrock.utils import nersc_login_node
ImportError: No module named redrock.utils
Traceback (most recent call last):
  File "/global/homes/m/mjwilson/desi/BEAST/desihub//redrock/bin/rrdesi_mpi", line 9, in <module>
    from redrock.utils import nersc_login_node
ImportError: No module named redrock.utils
Traceback (most recent call last):
  File "/global/homes/m/mjwilson/desi/BEAST/desihub//redrock/bin/rrdesi_mpi", line 9, in <module>
Traceback (most recent call last):
  File "/global/homes/m/mjwilson/desi/BEAST/desihub//redrock/bin/rrdesi_mpi", line 9, in <module>
Traceback (most recent call last):
  File "/global/homes/m/mjwilson/desi/BEAST/desihub//redrock/bin/rrdesi_mpi", line 9, in <module>
    from redrock.utils import nersc_login_node
ImportError: No module named redrock.utils
    from redrock.utils import nersc_login_node
Traceback (most recent call last):
  File "/global/homes/m/mjwilson/desi/BEAST/desihub//redrock/bin/rrdesi_mpi", line 9, in <module>
    from redrock.utils import nersc_login_node
ImportError: No module named redrock.utils
ImportError: No module named redrock.utils
    from redrock.utils import nersc_login_node
Traceback (most recent call last):
  File "/global/homes/m/mjwilson/desi/BEAST/desihub//redrock/bin/rrdesi_mpi", line 9, in <module>
ImportError: No module named redrock.utils
Traceback (most recent call last):
  File "/global/homes/m/mjwilson/desi/BEAST/desihub//redrock/bin/rrdesi_mpi", line 9, in <module>
Traceback (most recent call last):
  File "/global/homes/m/mjwilson/desi/BEAST/desihub//redrock/bin/rrdesi_mpi", line 9, in <module>
Traceback (most recent call last):
  File "/global/homes/m/mjwilson/desi/BEAST/desihub//redrock/bin/rrdesi_mpi", line 9, in <module>
    from redrock.utils import nersc_login_node
Traceback (most recent call last):
  File "/global/homes/m/mjwilson/desi/BEAST/desihub//redrock/bin/rrdesi_mpi", line 9, in <module>
    from redrock.utils import nersc_login_node
Traceback (most recent call last):
  File "/global/homes/m/mjwilson/desi/BEAST/desihub//redrock/bin/rrdesi_mpi", line 9, in <module>
Traceback (most recent call last):
  File "/global/homes/m/mjwilson/desi/BEAST/desihub//redrock/bin/rrdesi_mpi", line 9, in <module>
    from redrock.utils import nersc_login_node
ImportError: No module named redrock.utils
ImportError: No module named redrock.utils
ImportError: No module named redrock.utils
    from redrock.utils import nersc_login_node
    from redrock.utils import nersc_login_node
ImportError: No module named redrock.utils
    from redrock.utils import nersc_login_node
ImportError: No module named redrock.utils
ImportError: No module named redrock.utils
    from redrock.utils import nersc_login_node
ImportError: No module named redrock.utils
Traceback (most recent call last):
  File "/global/homes/m/mjwilson/desi/BEAST/desihub//redrock/bin/rrdesi_mpi", line 9, in <module>
srun: error: nid01941: tasks 0-15: Exited with exit code 1
srun: Terminating job step 11740843.2
    from redrock.utils import nersc_login_node
ImportError: No module named redrock.utils
Traceback (most recent call last):
  File "/global/homes/m/mjwilson/desi/BEAST/desihub//redrock/bin/rrdesi_mpi", line 9, in <module>
    from redrock.utils import nersc_login_node
Traceback (most recent call last):
  File "/global/homes/m/mjwilson/desi/BEAST/desihub//redrock/bin/rrdesi_mpi", line 9, in <module>
ImportError: No module named redrock.utils
Traceback (most recent call last):
  File "/global/homes/m/mjwilson/desi/BEAST/desihub//redrock/bin/rrdesi_mpi", line 9, in <module>
    from redrock.utils import nersc_login_node
ImportError: No module named redrock.utils
Traceback (most recent call last):
  File "/global/homes/m/mjwilson/desi/BEAST/desihub//redrock/bin/rrdesi_mpi", line 9, in <module>
    from redrock.utils import nersc_login_node
ImportError: No module named redrock.utils
Traceback (most recent call last):
  File "/global/homes/m/mjwilson/desi/BEAST/desihub//redrock/bin/rrdesi_mpi", line 9, in <module>
    from redrock.utils import nersc_login_node
Traceback (most recent call last):
  File "/global/homes/m/mjwilson/desi/BEAST/desihub//redrock/bin/rrdesi_mpi", line 9, in <module>
ImportError: No module named redrock.utils
    from redrock.utils import nersc_login_node
ImportError: No module named redrock.utils
Traceback (most recent call last):
  File "/global/homes/m/mjwilson/desi/BEAST/desihub//redrock/bin/rrdesi_mpi", line 9, in <module>
    from redrock.utils import nersc_login_node
ImportError: No module named redrock.utils
Traceback (most recent call last):
  File "/global/homes/m/mjwilson/desi/BEAST/desihub//redrock/bin/rrdesi_mpi", line 9, in <module>
Traceback (most recent call last):
  File "/global/homes/m/mjwilson/desi/BEAST/desihub//redrock/bin/rrdesi_mpi", line 9, in <module>
    from redrock.utils import nersc_login_node
ImportError: No module named redrock.utils
    from redrock.utils import nersc_login_node
Traceback (most recent call last):
  File "/global/homes/m/mjwilson/desi/BEAST/desihub//redrock/bin/rrdesi_mpi", line 9, in <module>
Traceback (most recent call last):
  File "/global/homes/m/mjwilson/desi/BEAST/desihub//redrock/bin/rrdesi_mpi", line 9, in <module>
ImportError: No module named redrock.utils
Traceback (most recent call last):
  File "/global/homes/m/mjwilson/desi/BEAST/desihub//redrock/bin/rrdesi_mpi", line 9, in <module>
Traceback (most recent call last):
  File "/global/homes/m/mjwilson/desi/BEAST/desihub//redrock/bin/rrdesi_mpi", line 9, in <module>
Traceback (most recent call last):
  File "/global/homes/m/mjwilson/desi/BEAST/desihub//redrock/bin/rrdesi_mpi", line 9, in <module>
srun: error: nid02769: tasks 0-15: Exited with exit code 1
Traceback (most recent call last):
  File "/global/homes/m/mjwilson/desi/BEAST/desihub//redrock/bin/rrdesi_mpi", line 9, in <module>
srun: Terminating job step 11740843.3
Traceback (most recent call last):
  File "/global/homes/m/mjwilson/desi/BEAST/desihub//redrock/bin/rrdesi_mpi", line 9, in <module>
    from redrock.utils import nersc_login_node
    from redrock.utils import nersc_login_node
    from redrock.utils import nersc_login_node
    from redrock.utils import nersc_login_node
ImportError: No module named redrock.utils
    from redrock.utils import nersc_login_node
ImportError: No module named redrock.utils
ImportError: No module named redrock.utils
    from redrock.utils import nersc_login_node
ImportError: No module named redrock.utils
ImportError: No module named redrock.utils
    from redrock.utils import nersc_login_node
ImportError: No module named redrock.utils
ImportError: No module named redrock.utils
Traceback (most recent call last):
  File "/global/homes/m/mjwilson/desi/BEAST/desihub//redrock/bin/rrdesi_mpi", line 9, in <module>
    from redrock.utils import nersc_login_node
ImportError: No module named redrock.utils
Traceback (most recent call last):
  File "/global/homes/m/mjwilson/desi/BEAST/desihub//redrock/bin/rrdesi_mpi", line 9, in <module>
    from redrock.utils import nersc_login_node
ImportError: No module named redrock.utils
Traceback (most recent call last):
  File "/global/homes/m/mjwilson/desi/BEAST/desihub//redrock/bin/rrdesi_mpi", line 9, in <module>
    from redrock.utils import nersc_login_node
ImportError: No module named redrock.utils
Traceback (most recent call last):
  File "/global/homes/m/mjwilson/desi/BEAST/desihub//redrock/bin/rrdesi_mpi", line 9, in <module>
    from redrock.utils import nersc_login_node
ImportError: No module named redrock.utils
Traceback (most recent call last):
  File "/global/homes/m/mjwilson/desi/BEAST/desihub//redrock/bin/rrdesi_mpi", line 9, in <module>
    from redrock.utils import nersc_login_node
ImportError: No module named redrock.utils
Traceback (most recent call last):
  File "/global/homes/m/mjwilson/desi/BEAST/desihub//redrock/bin/rrdesi_mpi", line 9, in <module>
Traceback (most recent call last):
  File "/global/homes/m/mjwilson/desi/BEAST/desihub//redrock/bin/rrdesi_mpi", line 9, in <module>
    from redrock.utils import nersc_login_node
ImportError: No module named redrock.utils
    from redrock.utils import nersc_login_node
Traceback (most recent call last):
  File "/global/homes/m/mjwilson/desi/BEAST/desihub//redrock/bin/rrdesi_mpi", line 9, in <module>
ImportError: No module named redrock.utils
Traceback (most recent call last):
  File "/global/homes/m/mjwilson/desi/BEAST/desihub//redrock/bin/rrdesi_mpi", line 9, in <module>
    from redrock.utils import nersc_login_node
ImportError: No module named redrock.utils
    from redrock.utils import nersc_login_node
ImportError: No module named redrock.utils
Traceback (most recent call last):
  File "/global/homes/m/mjwilson/desi/BEAST/desihub//redrock/bin/rrdesi_mpi", line 9, in <module>
Traceback (most recent call last):
  File "/global/homes/m/mjwilson/desi/BEAST/desihub//redrock/bin/rrdesi_mpi", line 9, in <module>
Traceback (most recent call last):
  File "/global/homes/m/mjwilson/desi/BEAST/desihub//redrock/bin/rrdesi_mpi", line 9, in <module>
Traceback (most recent call last):
  File "/global/homes/m/mjwilson/desi/BEAST/desihub//redrock/bin/rrdesi_mpi", line 9, in <module>
    from redrock.utils import nersc_login_node
Traceback (most recent call last):
  File "/global/homes/m/mjwilson/desi/BEAST/desihub//redrock/bin/rrdesi_mpi", line 9, in <module>
Traceback (most recent call last):
  File "/global/homes/m/mjwilson/desi/BEAST/desihub//redrock/bin/rrdesi_mpi", line 9, in <module>
Traceback (most recent call last):
  File "/global/homes/m/mjwilson/desi/BEAST/desihub//redrock/bin/rrdesi_mpi", line 9, in <module>
    from redrock.utils import nersc_login_node
ImportError: No module named redrock.utils
ImportError: No module named redrock.utils
    from redrock.utils import nersc_login_node
    from redrock.utils import nersc_login_node
    from redrock.utils import nersc_login_node
ImportError: No module named redrock.utils
ImportError: No module named redrock.utils
ImportError: No module named redrock.utils
    from redrock.utils import nersc_login_node
ImportError: No module named redrock.utils
    from redrock.utils import nersc_login_node
ImportError: No module named redrock.utils
srun: error: nid02770: tasks 0-15: Exited with exit code 1
srun: Terminating job step 11740843.4
Traceback (most recent call last):
  File "/global/homes/m/mjwilson/desi/BEAST/desihub//redrock/bin/rrdesi_mpi", line 9, in <module>
    from redrock.utils import nersc_login_node
Traceback (most recent call last):
  File "/global/homes/m/mjwilson/desi/BEAST/desihub//redrock/bin/rrdesi_mpi", line 9, in <module>
    from redrock.utils import nersc_login_node
ImportError: No module named redrock.utils
ImportError: No module named redrock.utils
    from redrock.utils import nersc_login_node
ImportError: No module named redrock.utils
Traceback (most recent call last):
  File "/global/homes/m/mjwilson/desi/BEAST/desihub//redrock/bin/rrdesi_mpi", line 9, in <module>
    from redrock.utils import nersc_login_node
ImportError: No module named redrock.utils
Traceback (most recent call last):
  File "/global/homes/m/mjwilson/desi/BEAST/desihub//redrock/bin/rrdesi_mpi", line 9, in <module>
    from redrock.utils import nersc_login_node
ImportError: No module named redrock.utils
Traceback (most recent call last):
  File "/global/homes/m/mjwilson/desi/BEAST/desihub//redrock/bin/rrdesi_mpi", line 9, in <module>
Traceback (most recent call last):
  File "/global/homes/m/mjwilson/desi/BEAST/desihub//redrock/bin/rrdesi_mpi", line 9, in <module>
Traceback (most recent call last):
  File "/global/homes/m/mjwilson/desi/BEAST/desihub//redrock/bin/rrdesi_mpi", line 9, in <module>
    from redrock.utils import nersc_login_node
Traceback (most recent call last):
  File "/global/homes/m/mjwilson/desi/BEAST/desihub//redrock/bin/rrdesi_mpi", line 9, in <module>
    from redrock.utils import nersc_login_node
ImportError: No module named redrock.utils
Traceback (most recent call last):
  File "/global/homes/m/mjwilson/desi/BEAST/desihub//redrock/bin/rrdesi_mpi", line 9, in <module>
    from redrock.utils import nersc_login_node
ImportError: No module named redrock.utils
ImportError: No module named redrock.utils
Traceback (most recent call last):
  File "/global/homes/m/mjwilson/desi/BEAST/desihub//redrock/bin/rrdesi_mpi", line 9, in <module>
    from redrock.utils import nersc_login_node
Traceback (most recent call last):
  File "/global/homes/m/mjwilson/desi/BEAST/desihub//redrock/bin/rrdesi_mpi", line 9, in <module>
Traceback (most recent call last):
  File "/global/homes/m/mjwilson/desi/BEAST/desihub//redrock/bin/rrdesi_mpi", line 9, in <module>
    from redrock.utils import nersc_login_node
ImportError: No module named redrock.utils
Traceback (most recent call last):
  File "/global/homes/m/mjwilson/desi/BEAST/desihub//redrock/bin/rrdesi_mpi", line 9, in <module>
Traceback (most recent call last):
  File "/global/homes/m/mjwilson/desi/BEAST/desihub//redrock/bin/rrdesi_mpi", line 9, in <module>
Traceback (most recent call last):
  File "/global/homes/m/mjwilson/desi/BEAST/desihub//redrock/bin/rrdesi_mpi", line 9, in <module>
    from redrock.utils import nersc_login_node
ImportError: No module named redrock.utils
    from redrock.utils import nersc_login_node
    from redrock.utils import nersc_login_node
    from redrock.utils import nersc_login_node
ImportError: No module named redrock.utils
ImportError: No module named redrock.utils
ImportError: No module named redrock.utils
ImportError: No module named redrock.utils
    from redrock.utils import nersc_login_node
ImportError: No module named redrock.utils
    from redrock.utils import nersc_login_node
ImportError: No module named redrock.utils
srun: error: nid02771: tasks 0-15: Exited with exit code 1
srun: Terminating job step 11740843.5
srun: error: nid02772: tasks 0-15: Exited with exit code 1
srun: Terminating job step 11740843.6
srun: error: nid05176: tasks 0-15: Exited with exit code 1
srun: Terminating job step 11740843.7
srun: error: nid05177: tasks 0-15: Exited with exit code 1
srun: Terminating job step 11740843.8
srun: error: nid05178: tasks 0-15: Exited with exit code 1
srun: Terminating job step 11740843.9
