NEW ENVIRONMENT SET.
cori

SOLVING FOR 1500 desi lbg
SOLVING FOR 3000 desi lbg
SOLVING FOR 4500 desi lbg
SOLVING FOR 6000 desi lbg
SOLVING FOR 7500 desi lbg
SOLVING FOR 9000 desi lbg
SOLVING FOR 10500 desi lbg
SOLVING FOR 12000 desi lbg
SOLVING FOR 13500 desi lbg
Running with 24 processes
Loading targets...
Running with 24 processes
Loading targets...
Running with 24 processes
Loading targets...
['/global/cscratch1/sd/mjwilson/desi/runs/three//lbg-desi-spectra-exp-13500.fits']
Proc 0: Traceback (most recent call last):
Proc 0:   File "/global/homes/m/mjwilson/desi/BEAST/desihub/redrock/py/redrock/external/desi.py", line 600, in rrdesi
    comm=comm, cache_Rcsr=True, cosmics_nsig=args.cosmics_nsig)
Proc 0:   File "/global/homes/m/mjwilson/desi/BEAST/desihub/redrock/py/redrock/external/desi.py", line 149, in __init__
    hdus = fits.open(sfile, memmap=False)
Proc 0:   File "/global/common/software/desi/cori/desiconda/20180709-1.2.6-spec/conda/lib/python3.6/site-packages/astropy/io/fits/hdu/hdulist.py", line 162, in fitsopen
    lazy_load_hdus, **kwargs)
Proc 0:   File "/global/common/software/desi/cori/desiconda/20180709-1.2.6-spec/conda/lib/python3.6/site-packages/astropy/io/fits/hdu/hdulist.py", line 413, in fromfile
    lazy_load_hdus=lazy_load_hdus, **kwargs)
Proc 0:   File "/global/common/software/desi/cori/desiconda/20180709-1.2.6-spec/conda/lib/python3.6/site-packages/astropy/io/fits/hdu/hdulist.py", line 1001, in _readfrom
    fileobj = _File(fileobj, mode=mode, memmap=memmap, cache=cache)
Proc 0:   File "/global/common/software/desi/cori/desiconda/20180709-1.2.6-spec/conda/lib/python3.6/site-packages/astropy/utils/decorators.py", line 508, in wrapper
    return function(*args, **kwargs)
Proc 0:   File "/global/common/software/desi/cori/desiconda/20180709-1.2.6-spec/conda/lib/python3.6/site-packages/astropy/io/fits/file.py", line 150, in __init__
    self._open_filename(fileobj, mode, overwrite)
Proc 0:   File "/global/common/software/desi/cori/desiconda/20180709-1.2.6-spec/conda/lib/python3.6/site-packages/astropy/io/fits/file.py", line 506, in _open_filename
    self._file = fileobj_open(self.name, IO_FITS_MODES[mode])
Proc 0:   File "/global/common/software/desi/cori/desiconda/20180709-1.2.6-spec/conda/lib/python3.6/site-packages/astropy/io/fits/util.py", line 409, in fileobj_open
    return open(filename, mode, buffering=0)
Proc 0: FileNotFoundError: [Errno 2] No such file or directory: '/global/cscratch1/sd/mjwilson/desi/runs/three//lbg-desi-spectra-exp-13500.fits'

Rank 0 [Thu Feb  7 13:05:13 2019] [c11-0c1s14n2] application called MPI_Abort(MPI_COMM_WORLD, 0) - process 0
Running with 24 processes
Loading targets...
Running with 24 processes
Loading targets...
Running with 24 processes
Loading targets...
srun: error: nid02234: task 0: Aborted
srun: Terminating job step 18606479.1
Running with 24 processes
Loading targets...
slurmstepd: error: *** STEP 18606479.1 ON nid02234 CANCELLED AT 2019-02-07T13:05:14 ***
srun: error: nid02234: tasks 1-23: Terminated
srun: Force Terminated job step 18606479.1
Running with 24 processes
Loading targets...
Running with 24 processes
Loading targets...
['/global/cscratch1/sd/mjwilson/desi/runs/three//lbg-desi-spectra-exp-9000.fits']
Read and distribution of 2000 targets: 12.7 seconds
['/global/cscratch1/sd/mjwilson/desi/runs/three//lbg-desi-spectra-exp-6000.fits']
Read and distribution of 2000 targets: 13.1 seconds
['/global/cscratch1/sd/mjwilson/desi/runs/three//lbg-desi-spectra-exp-7500.fits']
Read and distribution of 2000 targets: 12.7 seconds
['/global/cscratch1/sd/mjwilson/desi/runs/three//lbg-desi-spectra-exp-1500.fits']
Read and distribution of 2000 targets: 13.1 seconds
DEBUG: Read templates from /global/homes/m/mjwilson/desi/BEAST/desihub/redrock/py/redrock/templates/
DEBUG: Using default redshift range 1.5000-4.8944 for rrtemplate-BC03.fits
DEBUG: Using default redshift range 1.5000-4.8944 for rrtemplate-LBG.fits
DEBUG: Using default redshift range -0.0050-1.6997 for rrtemplate-galaxy.fits
DEBUG: Using default redshift range 0.0500-5.9934 for rrtemplate-qso.fits
DEBUG: Using default redshift range -0.0020-0.0020 for rrtemplate-star-A.fits
DEBUG: Using default redshift range -0.0020-0.0020 for rrtemplate-star-B.fits
DEBUG: Using default redshift range -0.0020-0.0020 for rrtemplate-star-F.fits
DEBUG: Using default redshift range -0.0020-0.0020 for rrtemplate-star-K.fits
DEBUG: Using default redshift range -0.0020-0.0020 for rrtemplate-star-M.fits
Read and broadcast of 9 templates: 0.8 seconds
DEBUG: Read templates from /global/homes/m/mjwilson/desi/BEAST/desihub/redrock/py/redrock/templates/
DEBUG: Using default redshift range 1.5000-4.8944 for rrtemplate-BC03.fits
DEBUG: Using default redshift range 1.5000-4.8944 for rrtemplate-LBG.fits
DEBUG: Using default redshift range -0.0050-1.6997 for rrtemplate-galaxy.fits
DEBUG: Using default redshift range 0.0500-5.9934 for rrtemplate-qso.fits
DEBUG: Using default redshift range -0.0020-0.0020 for rrtemplate-star-A.fits
DEBUG: Using default redshift range -0.0020-0.0020 for rrtemplate-star-B.fits
DEBUG: Using default redshift range -0.0020-0.0020 for rrtemplate-star-F.fits
DEBUG: Using default redshift range -0.0020-0.0020 for rrtemplate-star-K.fits
DEBUG: Using default redshift range -0.0020-0.0020 for rrtemplate-star-M.fits
Read and broadcast of 9 templates: 0.7 seconds
DEBUG: Read templates from /global/homes/m/mjwilson/desi/BEAST/desihub/redrock/py/redrock/templates/
DEBUG: Using default redshift range 1.5000-4.8944 for rrtemplate-BC03.fits
DEBUG: Using default redshift range 1.5000-4.8944 for rrtemplate-LBG.fits
DEBUG: Using default redshift range -0.0050-1.6997 for rrtemplate-galaxy.fits
DEBUG: Using default redshift range 0.0500-5.9934 for rrtemplate-qso.fits
DEBUG: Using default redshift range -0.0020-0.0020 for rrtemplate-star-A.fits
DEBUG: Using default redshift range -0.0020-0.0020 for rrtemplate-star-B.fits
DEBUG: Using default redshift range -0.0020-0.0020 for rrtemplate-star-F.fits
DEBUG: Using default redshift range -0.0020-0.0020 for rrtemplate-star-K.fits
DEBUG: Using default redshift range -0.0020-0.0020 for rrtemplate-star-M.fits
Read and broadcast of 9 templates: 0.5 seconds
['/global/cscratch1/sd/mjwilson/desi/runs/three//lbg-desi-spectra-exp-4500.fits']
Read and distribution of 2000 targets: 13.5 seconds
['/global/cscratch1/sd/mjwilson/desi/runs/three//lbg-desi-spectra-exp-3000.fits']
Read and distribution of 2000 targets: 13.3 seconds
DEBUG: Read templates from /global/homes/m/mjwilson/desi/BEAST/desihub/redrock/py/redrock/templates/
DEBUG: Using default redshift range 1.5000-4.8944 for rrtemplate-BC03.fits
DEBUG: Using default redshift range 1.5000-4.8944 for rrtemplate-LBG.fits
DEBUG: Using default redshift range -0.0050-1.6997 for rrtemplate-galaxy.fits
DEBUG: Using default redshift range 0.0500-5.9934 for rrtemplate-qso.fits
DEBUG: Using default redshift range -0.0020-0.0020 for rrtemplate-star-A.fits
DEBUG: Using default redshift range -0.0020-0.0020 for rrtemplate-star-B.fits
DEBUG: Using default redshift range -0.0020-0.0020 for rrtemplate-star-F.fits
DEBUG: Using default redshift range -0.0020-0.0020 for rrtemplate-star-K.fits
DEBUG: Using default redshift range -0.0020-0.0020 for rrtemplate-star-M.fits
Read and broadcast of 9 templates: 0.5 seconds
DEBUG: Read templates from /global/homes/m/mjwilson/desi/BEAST/desihub/redrock/py/redrock/templates/
DEBUG: Using default redshift range 1.5000-4.8944 for rrtemplate-BC03.fits
DEBUG: Using default redshift range 1.5000-4.8944 for rrtemplate-LBG.fits
DEBUG: Using default redshift range -0.0050-1.6997 for rrtemplate-galaxy.fits
DEBUG: Using default redshift range 0.0500-5.9934 for rrtemplate-qso.fits
DEBUG: Using default redshift range -0.0020-0.0020 for rrtemplate-star-A.fits
DEBUG: Using default redshift range -0.0020-0.0020 for rrtemplate-star-B.fits
DEBUG: Using default redshift range -0.0020-0.0020 for rrtemplate-star-F.fits
DEBUG: Using default redshift range -0.0020-0.0020 for rrtemplate-star-K.fits
DEBUG: Using default redshift range -0.0020-0.0020 for rrtemplate-star-M.fits
Read and broadcast of 9 templates: 0.4 seconds
DEBUG: Read templates from /global/homes/m/mjwilson/desi/BEAST/desihub/redrock/py/redrock/templates/
DEBUG: Using default redshift range 1.5000-4.8944 for rrtemplate-BC03.fits
DEBUG: Using default redshift range 1.5000-4.8944 for rrtemplate-LBG.fits
DEBUG: Using default redshift range -0.0050-1.6997 for rrtemplate-galaxy.fits
DEBUG: Using default redshift range 0.0500-5.9934 for rrtemplate-qso.fits
DEBUG: Using default redshift range -0.0020-0.0020 for rrtemplate-star-A.fits
DEBUG: Using default redshift range -0.0020-0.0020 for rrtemplate-star-B.fits
DEBUG: Using default redshift range -0.0020-0.0020 for rrtemplate-star-F.fits
DEBUG: Using default redshift range -0.0020-0.0020 for rrtemplate-star-K.fits
DEBUG: Using default redshift range -0.0020-0.0020 for rrtemplate-star-M.fits
Read and broadcast of 9 templates: 0.5 seconds
['/global/cscratch1/sd/mjwilson/desi/runs/three//lbg-desi-spectra-exp-10500.fits']
Read and distribution of 2000 targets: 13.0 seconds
['/global/cscratch1/sd/mjwilson/desi/runs/three//lbg-desi-spectra-exp-12000.fits']
Read and distribution of 2000 targets: 13.3 seconds
DEBUG: Read templates from /global/homes/m/mjwilson/desi/BEAST/desihub/redrock/py/redrock/templates/
DEBUG: Using default redshift range 1.5000-4.8944 for rrtemplate-BC03.fits
DEBUG: Using default redshift range 1.5000-4.8944 for rrtemplate-LBG.fits
DEBUG: Using default redshift range -0.0050-1.6997 for rrtemplate-galaxy.fits
DEBUG: Using default redshift range 0.0500-5.9934 for rrtemplate-qso.fits
DEBUG: Using default redshift range -0.0020-0.0020 for rrtemplate-star-A.fits
DEBUG: Using default redshift range -0.0020-0.0020 for rrtemplate-star-B.fits
DEBUG: Using default redshift range -0.0020-0.0020 for rrtemplate-star-F.fits
DEBUG: Using default redshift range -0.0020-0.0020 for rrtemplate-star-K.fits
DEBUG: Using default redshift range -0.0020-0.0020 for rrtemplate-star-M.fits
Read and broadcast of 9 templates: 0.6 seconds
DEBUG: Read templates from /global/homes/m/mjwilson/desi/BEAST/desihub/redrock/py/redrock/templates/
DEBUG: Using default redshift range 1.5000-4.8944 for rrtemplate-BC03.fits
DEBUG: Using default redshift range 1.5000-4.8944 for rrtemplate-LBG.fits
DEBUG: Using default redshift range -0.0050-1.6997 for rrtemplate-galaxy.fits
DEBUG: Using default redshift range 0.0500-5.9934 for rrtemplate-qso.fits
DEBUG: Using default redshift range -0.0020-0.0020 for rrtemplate-star-A.fits
DEBUG: Using default redshift range -0.0020-0.0020 for rrtemplate-star-B.fits
DEBUG: Using default redshift range -0.0020-0.0020 for rrtemplate-star-F.fits
DEBUG: Using default redshift range -0.0020-0.0020 for rrtemplate-star-K.fits
DEBUG: Using default redshift range -0.0020-0.0020 for rrtemplate-star-M.fits
Read and broadcast of 9 templates: 0.5 seconds
Rebinning templates: 2.0 seconds
Computing redshifts
  Scanning redshifts for template BC03
    Progress:   0 %
Rebinning templates: 2.1 seconds
Computing redshifts
  Scanning redshifts for template BC03
    Progress:   0 %
Rebinning templates: 2.5 seconds
Computing redshifts
  Scanning redshifts for template BC03
    Progress:   0 %
Rebinning templates: 2.5 seconds
Computing redshifts
  Scanning redshifts for template BC03
    Progress:   0 %
Rebinning templates: 2.5 seconds
Computing redshifts
  Scanning redshifts for template BC03
    Progress:   0 %
Rebinning templates: 2.7 seconds
Computing redshifts
  Scanning redshifts for template BC03
    Progress:   0 %
Rebinning templates: 2.6 seconds
Computing redshifts
  Scanning redshifts for template BC03
    Progress:   0 %
Rebinning templates: 2.7 seconds
Computing redshifts
  Scanning redshifts for template BC03
    Progress:   0 %
    Progress:  10 %
    Progress:  10 %
    Progress:  10 %
    Progress:  10 %
    Progress:  10 %
    Progress:  10 %
    Progress:  10 %
    Progress:  10 %
    Progress:  20 %
    Progress:  20 %
    Progress:  20 %
    Progress:  20 %
    Progress:  20 %
    Progress:  20 %
    Progress:  20 %
    Progress:  20 %
    Progress:  30 %
    Progress:  30 %
    Progress:  30 %
    Progress:  30 %
    Progress:  30 %
    Progress:  30 %
    Progress:  30 %
    Progress:  30 %
    Progress:  40 %
    Progress:  40 %
    Progress:  40 %
    Progress:  40 %
    Progress:  40 %
    Progress:  40 %
    Progress:  40 %
    Progress:  40 %
    Progress:  50 %
    Progress:  50 %
    Progress:  50 %
    Progress:  50 %
    Progress:  50 %
    Progress:  50 %
    Progress:  50 %
    Progress:  50 %
    Progress:  60 %
    Progress:  60 %
    Progress:  60 %
    Progress:  60 %
    Progress:  60 %
    Progress:  60 %
    Progress:  60 %
    Progress:  60 %
    Progress:  70 %
    Progress:  70 %
    Progress:  70 %
    Progress:  70 %
    Progress:  70 %
    Progress:  70 %
    Progress:  70 %
    Progress:  70 %
    Progress:  80 %
    Progress:  80 %
    Progress:  80 %
    Progress:  80 %
    Progress:  80 %
    Progress:  80 %
    Progress:  80 %
    Progress:  80 %
    Progress:  90 %
    Progress:  90 %
    Progress:  90 %
    Progress:  90 %
    Progress:  90 %
    Progress:  90 %
    Progress:  90 %
    Progress:  90 %
    Progress: 100 %
    Finished in: 59.1 seconds
  Scanning redshifts for template LBG
    Progress:   0 %
    Progress: 100 %
    Finished in: 60.4 seconds
  Scanning redshifts for template LBG
    Progress:   0 %
    Progress: 100 %
    Progress: 100 %
    Finished in: 60.6 seconds
  Scanning redshifts for template LBG
    Progress:   0 %
    Finished in: 60.4 seconds
  Scanning redshifts for template LBG
    Progress:   0 %
    Progress: 100 %
    Finished in: 60.7 seconds
  Scanning redshifts for template LBG
    Progress:   0 %
    Progress: 100 %
    Finished in: 60.7 seconds
  Scanning redshifts for template LBG
    Progress:   0 %
    Progress: 100 %
    Finished in: 60.4 seconds
  Scanning redshifts for template LBG
    Progress:   0 %
    Progress: 100 %
    Finished in: 60.7 seconds
  Scanning redshifts for template LBG
    Progress:   0 %
    Progress:  10 %
    Progress:  10 %
    Progress:  10 %
    Progress:  10 %
    Progress:  10 %
    Progress:  10 %
    Progress:  10 %
    Progress:  10 %
    Progress:  20 %
    Progress:  20 %
    Progress:  20 %
    Progress:  20 %
    Progress:  20 %
    Progress:  20 %
    Progress:  20 %
    Progress:  20 %
    Progress:  30 %
    Progress:  30 %
    Progress:  30 %
    Progress:  30 %
    Progress:  30 %
    Progress:  30 %
    Progress:  30 %
    Progress:  30 %
    Progress:  40 %
    Progress:  40 %
    Progress:  40 %
    Progress:  40 %
    Progress:  40 %
    Progress:  40 %
    Progress:  40 %
    Progress:  40 %
    Progress:  50 %
    Progress:  50 %
    Progress:  50 %
    Progress:  50 %
    Progress:  50 %
    Progress:  50 %
    Progress:  50 %
    Progress:  50 %
    Progress:  60 %
    Progress:  60 %
    Progress:  60 %
    Progress:  60 %
    Progress:  60 %
    Progress:  60 %
    Progress:  60 %
    Progress:  60 %
    Progress:  70 %
    Progress:  70 %
    Progress:  70 %
    Progress:  70 %
    Progress:  70 %
    Progress:  70 %
    Progress:  70 %
    Progress:  70 %
    Progress:  80 %
    Progress:  80 %
    Progress:  80 %
    Progress:  80 %
    Progress:  80 %
    Progress:  80 %
    Progress:  80 %
    Progress:  80 %
    Progress:  90 %
    Progress:  90 %
    Progress:  90 %
    Progress:  90 %
    Progress:  90 %
    Progress:  90 %
    Progress:  90 %
    Progress:  90 %
    Progress: 100 %
    Finished in: 59.1 seconds
  Scanning redshifts for template GALAXY
    Progress:   0 %
    Progress: 100 %
    Finished in: 59.1 seconds
  Scanning redshifts for template GALAXY
    Progress:   0 %
    Progress: 100 %
    Finished in: 59.1 seconds
  Scanning redshifts for template GALAXY
    Progress:   0 %
    Progress: 100 %
    Finished in: 59.2 seconds
  Scanning redshifts for template GALAXY
    Progress:   0 %
    Progress: 100 %
    Finished in: 59.4 seconds
  Scanning redshifts for template GALAXY
    Progress:   0 %
    Progress: 100 %
    Finished in: 59.9 seconds
  Scanning redshifts for template GALAXY
    Progress:   0 %
    Progress: 100 %
    Finished in: 59.2 seconds
  Scanning redshifts for template GALAXY
    Progress:   0 %
    Progress: 100 %
    Finished in: 59.4 seconds
  Scanning redshifts for template GALAXY
    Progress:   0 %
    Progress:  10 %
    Progress:  10 %
    Progress:  10 %
    Progress:  10 %
    Progress:  10 %
    Progress:  10 %
    Progress:  10 %
    Progress:  10 %
    Progress:  20 %
    Progress:  20 %
    Progress:  20 %
    Progress:  20 %
    Progress:  20 %
    Progress:  20 %
    Progress:  20 %
    Progress:  20 %
    Progress:  30 %
    Progress:  30 %
    Progress:  30 %
    Progress:  30 %
    Progress:  30 %
    Progress:  30 %
    Progress:  30 %
    Progress:  30 %
    Progress:  40 %
    Progress:  40 %
    Progress:  40 %
    Progress:  40 %
    Progress:  40 %
    Progress:  40 %
    Progress:  40 %
    Progress:  40 %
    Progress:  50 %
    Progress:  50 %
    Progress:  50 %
    Progress:  50 %
    Progress:  50 %
    Progress:  50 %
    Progress:  50 %
    Progress:  50 %
    Progress:  60 %
    Progress:  60 %
    Progress:  60 %
    Progress:  60 %
    Progress:  60 %
    Progress:  60 %
    Progress:  60 %
    Progress:  60 %
    Progress:  70 %
    Progress:  70 %
    Progress:  70 %
    Progress:  70 %
    Progress:  70 %
    Progress:  70 %
    Progress:  70 %
    Progress:  70 %
    Progress:  80 %
    Progress:  80 %
    Progress:  80 %
    Progress:  80 %
    Progress:  80 %
    Progress:  80 %
    Progress:  80 %
    Progress:  80 %
    Progress:  90 %
    Progress:  90 %
    Progress:  90 %
    Progress:  90 %
    Progress:  90 %
    Progress:  90 %
    Progress:  90 %
    Progress:  90 %
    Progress: 100 %
    Finished in: 216.0 seconds
  Scanning redshifts for template QSO
    Progress:   0 %
    Progress: 100 %
    Finished in: 212.9 seconds
  Scanning redshifts for template QSO
    Progress:   0 %
    Progress: 100 %
    Finished in: 215.6 seconds
  Scanning redshifts for template QSO
    Progress:   0 %
    Progress: 100 %
    Finished in: 215.6 seconds
  Scanning redshifts for template QSO
    Progress:   0 %
    Progress: 100 %
    Progress: 100 %
    Finished in: 217.3 seconds
  Scanning redshifts for template QSO
    Progress:   0 %
    Finished in: 217.0 seconds
  Scanning redshifts for template QSO
    Progress:   0 %
    Progress: 100 %
    Progress: 100 %
    Finished in: 217.0 seconds
  Scanning redshifts for template QSO
    Progress:   0 %
    Finished in: 217.1 seconds
  Scanning redshifts for template QSO
    Progress:   0 %
    Progress:  10 %
    Progress:  10 %
    Progress:  10 %
    Progress:  10 %
    Progress:  10 %
    Progress:  10 %
    Progress:  10 %
    Progress:  10 %
    Progress:  20 %
    Progress:  20 %
    Progress:  20 %
    Progress:  20 %
    Progress:  20 %
    Progress:  20 %
    Progress:  20 %
    Progress:  20 %
    Progress:  30 %
    Progress:  30 %
    Progress:  30 %
    Progress:  30 %
    Progress:  30 %
    Progress:  30 %
    Progress:  30 %
    Progress:  30 %
    Progress:  40 %
    Progress:  40 %
    Progress:  40 %
    Progress:  40 %
    Progress:  40 %
    Progress:  40 %
    Progress:  40 %
    Progress:  40 %
    Progress:  50 %
    Progress:  50 %
    Progress:  50 %
    Progress:  50 %
    Progress:  50 %
    Progress:  50 %
    Progress:  50 %
    Progress:  50 %
    Progress:  60 %
    Progress:  60 %
    Progress:  60 %
    Progress:  60 %
    Progress:  60 %
    Progress:  60 %
    Progress:  60 %
    Progress:  60 %
    Progress:  70 %
    Progress:  70 %
    Progress:  70 %
    Progress:  70 %
    Progress:  70 %
    Progress:  70 %
    Progress:  70 %
    Progress:  70 %
    Progress:  80 %
    Progress:  80 %
    Progress:  80 %
    Progress:  80 %
    Progress:  80 %
    Progress:  80 %
    Progress:  80 %
    Progress:  80 %
    Progress:  90 %
    Progress:  90 %
    Progress:  90 %
    Progress:  90 %
    Progress:  90 %
    Progress:  90 %
    Progress:  90 %
    Progress:  90 %
    Progress: 100 %
    Finished in: 110.7 seconds
  Scanning redshifts for template STAR:::A
    Progress:   0 %
    Progress: 100 %
    Finished in: 110.5 seconds
  Scanning redshifts for template STAR:::A
    Progress:   0 %
    Progress:  10 %
    Progress: 100 %
    Finished in: 111.7 seconds
  Scanning redshifts for template STAR:::A
    Progress:   0 %
    Progress:  10 %
    Progress:  20 %
    Progress:  20 %
    Progress: 100 %
    Progress:  10 %
    Progress:  30 %
    Finished in: 111.8 seconds
  Scanning redshifts for template STAR:::A
    Progress:   0 %
    Progress: 100 %
    Finished in: 110.6 seconds
  Scanning redshifts for template STAR:::A
    Progress:   0 %
    Progress:  30 %
    Progress:  20 %
    Progress:  40 %
    Progress:  10 %
    Progress:  40 %
    Progress:  50 %
    Progress:  10 %
    Progress:  30 %
    Progress:  20 %
    Progress:  50 %
    Progress: 100 %
    Progress:  20 %
    Progress:  40 %
    Progress:  60 %
    Finished in: 112.3 seconds
  Scanning redshifts for template STAR:::A
    Progress:   0 %
    Progress:  30 %
    Progress:  50 %
    Progress:  60 %
    Progress: 100 %
    Progress:  70 %
    Progress:  30 %
    Progress:  40 %
    Progress:  70 %
    Progress:  10 %
    Progress:  40 %
    Progress: 100 %
    Progress:  60 %
    Finished in: 113.4 seconds
  Scanning redshifts for template STAR:::A
    Progress:   0 %
    Progress:  80 %
    Progress:  50 %
    Finished in: 112.2 seconds
  Scanning redshifts for template STAR:::A
    Progress:   0 %
    Progress:  50 %
    Progress:  20 %
    Progress:  80 %
    Progress:  70 %
    Progress:  10 %
    Progress:  60 %
    Progress:  10 %
    Progress:  30 %
    Progress:  60 %
    Progress:  90 %
    Progress:  80 %
    Progress:  20 %
    Progress:  70 %
    Progress:  20 %
    Progress:  90 %
    Progress:  40 %
    Progress:  70 %
    Progress: 100 %
    Finished in: 9.4 seconds
  Scanning redshifts for template STAR:::B
    Progress:   0 %
    Progress:  30 %
    Progress:  80 %
    Progress:  30 %
    Progress:  50 %
    Progress: 100 %
    Finished in: 9.4 seconds
  Scanning redshifts for template STAR:::B
    Progress:   0 %
    Progress:  90 %
    Progress:  80 %
    Progress:  10 %
    Progress:  40 %
    Progress:  40 %
    Progress: 100 %
    Finished in: 9.4 seconds
  Scanning redshifts for template STAR:::B
    Progress:   0 %
    Progress:  60 %
    Progress:  10 %
    Progress:  20 %
    Progress:  50 %
    Progress:  50 %
    Progress:  90 %
    Progress:  70 %
    Progress:  20 %
    Progress:  90 %
    Progress:  10 %
    Progress:  30 %
    Progress: 100 %
    Finished in: 9.4 seconds
  Scanning redshifts for template STAR:::B
    Progress:   0 %
    Progress:  60 %
    Progress:  60 %
    Progress: 100 %
    Finished in: 9.4 seconds
  Scanning redshifts for template STAR:::B
    Progress:   0 %
    Progress:  80 %
    Progress:  30 %
    Progress:  20 %
    Progress:  40 %
    Progress:  70 %
    Progress:  70 %
    Progress:  10 %
    Progress:  40 %
    Progress:  50 %
    Progress:  10 %
    Progress:  30 %
    Progress:  20 %
    Progress:  80 %
    Progress:  80 %
    Progress:  50 %
    Progress:  90 %
    Progress:  20 %
    Progress:  40 %
    Progress:  60 %
    Progress:  30 %
    Progress: 100 %
    Finished in: 9.4 seconds
  Scanning redshifts for template STAR:::B
    Progress:   0 %
    Progress:  50 %
    Progress:  60 %
    Progress:  30 %
    Progress:  70 %
    Progress:  90 %
    Progress:  90 %
    Progress:  40 %
    Progress:  70 %
    Progress:  40 %
    Progress:  10 %
    Progress:  60 %
    Progress: 100 %
    Finished in: 9.4 seconds
  Scanning redshifts for template STAR:::B
    Progress:   0 %
    Progress:  80 %
    Progress:  50 %
    Progress: 100 %
    Finished in: 9.4 seconds
  Scanning redshifts for template STAR:::B
    Progress:   0 %
    Progress:  50 %
    Progress:  20 %
    Progress:  80 %
    Progress:  70 %
    Progress:  10 %
    Progress:  60 %
    Progress:  10 %
    Progress:  60 %
    Progress:  30 %
    Progress:  90 %
    Progress:  80 %
    Progress:  20 %
    Progress:  70 %
    Progress:  20 %
    Progress:  90 %
    Progress:  70 %
    Progress:  40 %
    Progress: 100 %
    Finished in: 9.4 seconds
  Scanning redshifts for template STAR:::F
    Progress:   0 %
    Progress:  30 %
    Progress:  80 %
    Progress: 100 %
    Progress:  30 %
    Finished in: 9.4 seconds
  Scanning redshifts for template STAR:::F
    Progress:   0 %
    Progress:  50 %
    Progress:  90 %
    Progress:  80 %
    Progress:  10 %
    Progress:  40 %
    Progress:  40 %
    Progress: 100 %
    Finished in: 9.4 seconds
  Scanning redshifts for template STAR:::F
    Progress:   0 %
    Progress:  10 %
    Progress:  60 %
    Progress:  20 %
    Progress:  50 %
    Progress:  50 %
    Progress:  90 %
    Progress:  20 %
    Progress:  70 %
    Progress:  90 %
    Progress:  10 %
    Progress:  30 %
    Progress: 100 %
    Finished in: 9.4 seconds
  Scanning redshifts for template STAR:::F
    Progress:   0 %
    Progress:  60 %
    Progress:  60 %
    Progress: 100 %
    Finished in: 9.4 seconds
  Scanning redshifts for template STAR:::F
    Progress:   0 %
    Progress:  30 %
    Progress:  80 %
    Progress:  20 %
    Progress:  40 %
    Progress:  70 %
    Progress:  70 %
    Progress:  10 %
    Progress:  40 %
    Progress:  50 %
    Progress:  10 %
    Progress:  30 %
    Progress:  20 %
    Progress:  80 %
    Progress:  50 %
    Progress:  80 %
    Progress:  90 %
    Progress:  20 %
    Progress:  40 %
    Progress:  60 %
    Progress:  30 %
    Progress: 100 %
    Finished in: 9.4 seconds
  Scanning redshifts for template STAR:::F
    Progress:   0 %
    Progress:  50 %
    Progress:  60 %
    Progress:  30 %
    Progress:  70 %
    Progress:  90 %
    Progress:  40 %
    Progress:  90 %
    Progress:  70 %
    Progress:  40 %
    Progress:  10 %
    Progress:  60 %
    Progress: 100 %
    Finished in: 9.4 seconds
  Scanning redshifts for template STAR:::F
    Progress:   0 %
    Progress:  80 %
    Progress:  50 %
    Progress: 100 %
    Finished in: 9.4 seconds
  Scanning redshifts for template STAR:::F
    Progress:   0 %
    Progress:  50 %
    Progress:  20 %
    Progress:  80 %
    Progress:  70 %
    Progress:  10 %
    Progress:  60 %
    Progress:  10 %
    Progress:  60 %
    Progress:  90 %
    Progress:  30 %
    Progress:  80 %
    Progress:  20 %
    Progress:  70 %
    Progress:  20 %
    Progress:  90 %
    Progress:  70 %
    Progress:  40 %
    Progress: 100 %
    Finished in: 9.4 seconds
  Scanning redshifts for template STAR:::K
    Progress:   0 %
    Progress:  30 %
    Progress:  80 %
    Progress: 100 %
    Finished in: 9.4 seconds
  Scanning redshifts for template STAR:::K
    Progress:   0 %
    Progress:  30 %
    Progress:  50 %
    Progress:  90 %
    Progress:  80 %
    Progress:  10 %
    Progress:  40 %
    Progress:  40 %
    Progress: 100 %
    Finished in: 9.4 seconds
  Scanning redshifts for template STAR:::K
    Progress:   0 %
    Progress:  10 %
    Progress:  60 %
    Progress:  20 %
    Progress:  50 %
    Progress:  90 %
    Progress:  50 %
    Progress:  20 %
    Progress:  90 %
    Progress:  70 %
    Progress:  10 %
    Progress: 100 %
    Progress:  30 %
    Finished in: 9.4 seconds
  Scanning redshifts for template STAR:::K
    Progress:   0 %
    Progress:  60 %
    Progress: 100 %
    Finished in: 9.4 seconds
  Scanning redshifts for template STAR:::K
    Progress:   0 %
    Progress:  60 %
    Progress:  30 %
    Progress:  20 %
    Progress:  80 %
    Progress:  40 %
    Progress:  70 %
    Progress:  70 %
    Progress:  10 %
    Progress:  40 %
    Progress:  50 %
    Progress:  10 %
    Progress:  30 %
    Progress:  20 %
    Progress:  80 %
    Progress:  50 %
    Progress:  80 %
    Progress:  20 %
    Progress:  90 %
    Progress:  40 %
    Progress:  60 %
    Progress:  30 %
    Progress: 100 %
    Finished in: 9.4 seconds
  Scanning redshifts for template STAR:::K
    Progress:   0 %
    Progress:  50 %
    Progress:  60 %
    Progress:  30 %
    Progress:  70 %
    Progress:  90 %
    Progress:  40 %
    Progress:  90 %
    Progress:  70 %
    Progress:  40 %
    Progress:  10 %
    Progress:  60 %
    Progress: 100 %
    Finished in: 9.4 seconds
  Scanning redshifts for template STAR:::K
    Progress:   0 %
    Progress:  80 %
    Progress:  50 %
    Progress: 100 %
    Finished in: 9.4 seconds
  Scanning redshifts for template STAR:::K
    Progress:   0 %
    Progress:  50 %
    Progress:  80 %
    Progress:  20 %
    Progress:  70 %
    Progress:  10 %
    Progress:  60 %
    Progress:  10 %
    Progress:  60 %
    Progress:  90 %
    Progress:  80 %
    Progress:  30 %
    Progress:  20 %
    Progress:  70 %
    Progress:  20 %
    Progress:  90 %
    Progress:  70 %
    Progress:  40 %
    Progress: 100 %
    Finished in: 9.4 seconds
  Scanning redshifts for template STAR:::M
    Progress:   0 %
    Progress:  80 %
    Progress:  30 %
    Progress: 100 %
    Finished in: 9.3 seconds
  Scanning redshifts for template STAR:::M
    Progress:   0 %
    Progress:  30 %
    Progress:  50 %
    Progress:  90 %
    Progress:  80 %
    Progress:  10 %
    Progress:  40 %
    Progress:  40 %
    Progress: 100 %
    Finished in: 9.3 seconds
  Scanning redshifts for template STAR:::M
    Progress:   0 %
    Progress:  10 %
    Progress:  20 %
    Progress:  60 %
    Progress:  50 %
    Progress:  90 %
    Progress:  50 %
    Progress:  20 %
    Progress:  90 %
    Progress:  70 %
    Progress:  10 %
    Progress:  30 %
    Progress: 100 %
    Finished in: 9.4 seconds
  Scanning redshifts for template STAR:::M
    Progress:   0 %
    Progress:  60 %
    Progress: 100 %
    Finished in: 9.3 seconds
  Scanning redshifts for template STAR:::M
    Progress:   0 %
    Progress:  60 %
    Progress:  30 %
    Progress:  20 %
    Progress:  80 %
    Progress:  40 %
    Progress:  70 %
    Progress:  10 %
    Progress:  70 %
    Progress:  40 %
    Progress:  50 %
    Progress:  10 %
    Progress:  30 %
    Progress:  20 %
    Progress:  80 %
    Progress:  50 %
    Progress:  20 %
    Progress:  80 %
    Progress:  90 %
    Progress:  40 %
    Progress:  60 %
    Progress:  30 %
    Progress:  50 %
    Progress: 100 %
    Finished in: 9.4 seconds
  Scanning redshifts for template STAR:::M
    Progress:   0 %
    Progress:  60 %
    Progress:  30 %
    Progress:  70 %
    Progress:  90 %
    Progress:  40 %
    Progress:  90 %
    Progress:  70 %
    Progress:  40 %
    Progress:  60 %
    Progress:  10 %
    Progress: 100 %
    Finished in: 9.4 seconds
  Scanning redshifts for template STAR:::M
    Progress:   0 %
    Progress:  80 %
    Progress:  50 %
    Progress: 100 %
    Finished in: 9.4 seconds
  Scanning redshifts for template STAR:::M
    Progress:   0 %
    Progress:  50 %
    Progress:  80 %
    Progress:  70 %
    Progress:  20 %
    Progress:  10 %
    Progress:  60 %
    Progress:  10 %
    Progress:  60 %
    Progress:  90 %
    Progress:  80 %
    Progress:  30 %
    Progress:  70 %
    Progress:  20 %
    Progress:  90 %
    Progress:  20 %
    Progress:  70 %
    Progress: 100 %
    Finished in: 9.4 seconds
  Finding best fits for template BC03
    Progress:  40 %
    Progress:  80 %
    Progress:  30 %
    Progress: 100 %
    Finished in: 9.3 seconds
  Finding best fits for template BC03
    Progress:  50 %
    Progress:  90 %
    Progress:  30 %
    Progress:  80 %
    Progress:  40 %
    Progress:  40 %
    Progress: 100 %
    Finished in: 9.3 seconds
  Finding best fits for template BC03
    Progress:  60 %
    Progress:  50 %
    Progress:  90 %
    Progress:  50 %
    Progress:  90 %
    Progress:  70 %
    Progress: 100 %
    Finished in: 9.3 seconds
  Finding best fits for template BC03
    Progress:  60 %
    Progress: 100 %
    Finished in: 9.3 seconds
  Finding best fits for template BC03
    Progress:  60 %
    Progress:  80 %
    Progress:  70 %
    Progress:  70 %
    Progress:  80 %
    Progress:  80 %
    Progress:  90 %
    Progress: 100 %
    Finished in: 9.4 seconds
  Finding best fits for template BC03
    Progress:  90 %
    Progress:  90 %
    Progress: 100 %
    Finished in: 9.4 seconds
  Finding best fits for template BC03
    Progress: 100 %
    Finished in: 9.4 seconds
  Finding best fits for template BC03
    Finished in: 21.4 seconds
  Finding best fits for template GALAXY
    Finished in: 22.1 seconds
  Finding best fits for template GALAXY
    Finished in: 21.8 seconds
  Finding best fits for template GALAXY
    Finished in: 21.3 seconds
  Finding best fits for template GALAXY
    Finished in: 21.6 seconds
  Finding best fits for template GALAXY
    Finished in: 21.8 seconds
  Finding best fits for template GALAXY
    Finished in: 20.9 seconds
  Finding best fits for template GALAXY
    Finished in: 21.8 seconds
  Finding best fits for template GALAXY
    Finished in: 39.0 seconds
  Finding best fits for template LBG
    Finished in: 39.1 seconds
  Finding best fits for template LBG
    Finished in: 40.0 seconds
  Finding best fits for template LBG
    Finished in: 39.3 seconds
  Finding best fits for template LBG
    Finished in: 39.2 seconds
  Finding best fits for template LBG
    Finished in: 38.9 seconds
  Finding best fits for template LBG
    Finished in: 39.5 seconds
  Finding best fits for template LBG
    Finished in: 39.8 seconds
  Finding best fits for template LBG
    Finished in: 21.5 seconds
  Finding best fits for template QSO
    Finished in: 21.6 seconds
  Finding best fits for template QSO
    Finished in: 21.4 seconds
  Finding best fits for template QSO
    Finished in: 22.0 seconds
  Finding best fits for template QSO
    Finished in: 21.7 seconds
  Finding best fits for template QSO
    Finished in: 21.5 seconds
  Finding best fits for template QSO
    Finished in: 21.3 seconds
  Finding best fits for template QSO
    Finished in: 21.6 seconds
  Finding best fits for template QSO
    Finished in: 11.2 seconds
  Finding best fits for template STAR:::A
    Finished in: 11.5 seconds
  Finding best fits for template STAR:::A
    Finished in: 11.0 seconds
  Finding best fits for template STAR:::A
    Finished in: 11.0 seconds
  Finding best fits for template STAR:::A
    Finished in: 11.3 seconds
  Finding best fits for template STAR:::A
    Finished in: 11.0 seconds
  Finding best fits for template STAR:::A
    Finished in: 11.4 seconds
  Finding best fits for template STAR:::A
    Finished in: 11.0 seconds
  Finding best fits for template STAR:::A
    Finished in: 11.1 seconds
  Finding best fits for template STAR:::B
    Finished in: 11.3 seconds
  Finding best fits for template STAR:::B
    Finished in: 10.9 seconds
  Finding best fits for template STAR:::B
    Finished in: 11.1 seconds
  Finding best fits for template STAR:::B
    Finished in: 11.0 seconds
  Finding best fits for template STAR:::B
    Finished in: 11.0 seconds
  Finding best fits for template STAR:::B
    Finished in: 11.0 seconds
  Finding best fits for template STAR:::B
    Finished in: 10.9 seconds
  Finding best fits for template STAR:::B
    Finished in: 11.4 seconds
  Finding best fits for template STAR:::F
    Finished in: 11.5 seconds
  Finding best fits for template STAR:::F
    Finished in: 11.1 seconds
  Finding best fits for template STAR:::F
    Finished in: 11.0 seconds
  Finding best fits for template STAR:::F
    Finished in: 11.7 seconds
  Finding best fits for template STAR:::F
    Finished in: 11.7 seconds
  Finding best fits for template STAR:::F
    Finished in: 11.3 seconds
  Finding best fits for template STAR:::F
    Finished in: 11.8 seconds
  Finding best fits for template STAR:::F
    Finished in: 11.5 seconds
  Finding best fits for template STAR:::K
    Finished in: 11.5 seconds
  Finding best fits for template STAR:::K
    Finished in: 11.5 seconds
  Finding best fits for template STAR:::K
    Finished in: 11.0 seconds
  Finding best fits for template STAR:::K
    Finished in: 11.4 seconds
  Finding best fits for template STAR:::K
    Finished in: 11.2 seconds
  Finding best fits for template STAR:::K
    Finished in: 11.4 seconds
  Finding best fits for template STAR:::K
    Finished in: 11.5 seconds
  Finding best fits for template STAR:::K
    Finished in: 10.7 seconds
  Finding best fits for template STAR:::M
    Finished in: 10.6 seconds
  Finding best fits for template STAR:::M
    Finished in: 10.7 seconds
  Finding best fits for template STAR:::M
    Finished in: 10.9 seconds
  Finding best fits for template STAR:::M
    Finished in: 11.1 seconds
  Finding best fits for template STAR:::M
    Finished in: 10.5 seconds
  Finding best fits for template STAR:::M
    Finished in: 10.8 seconds
  Finding best fits for template STAR:::M
    Finished in: 10.8 seconds
  Finding best fits for template STAR:::M
    Finished in: 12.0 seconds
    Finished in: 12.1 seconds
    Finished in: 11.9 seconds
    Finished in: 11.7 seconds
    Finished in: 12.0 seconds
    Finished in: 12.0 seconds
    Finished in: 12.0 seconds
    Finished in: 12.2 seconds
Computing redshifts took: 746.8 seconds
Computing redshifts took: 747.3 seconds
Computing redshifts took: 748.2 seconds
Computing redshifts took: 750.8 seconds
Computing redshifts took: 750.1 seconds
Computing redshifts took: 753.3 seconds
Computing redshifts took: 752.8 seconds
Writing zscan data took: 7.3 seconds
Writing zbest data took: 0.2 seconds
Total run time: 769.9 seconds
['/global/cscratch1/sd/mjwilson/desi/runs/three//lbg-desi-spectra-exp-9000.fits']
['/global/cscratch1/sd/mjwilson/desi/runs/three//lbg-desi-spectra-exp-9000.fits']
['/global/cscratch1/sd/mjwilson/desi/runs/three//lbg-desi-spectra-exp-9000.fits']
['/global/cscratch1/sd/mjwilson/desi/runs/three//lbg-desi-spectra-exp-9000.fits']
['/global/cscratch1/sd/mjwilson/desi/runs/three//lbg-desi-spectra-exp-9000.fits']
['/global/cscratch1/sd/mjwilson/desi/runs/three//lbg-desi-spectra-exp-9000.fits']
['/global/cscratch1/sd/mjwilson/desi/runs/three//lbg-desi-spectra-exp-9000.fits']
['/global/cscratch1/sd/mjwilson/desi/runs/three//lbg-desi-spectra-exp-9000.fits']
['/global/cscratch1/sd/mjwilson/desi/runs/three//lbg-desi-spectra-exp-9000.fits']
['/global/cscratch1/sd/mjwilson/desi/runs/three//lbg-desi-spectra-exp-9000.fits']
['/global/cscratch1/sd/mjwilson/desi/runs/three//lbg-desi-spectra-exp-9000.fits']
['/global/cscratch1/sd/mjwilson/desi/runs/three//lbg-desi-spectra-exp-9000.fits']
['/global/cscratch1/sd/mjwilson/desi/runs/three//lbg-desi-spectra-exp-9000.fits']
['/global/cscratch1/sd/mjwilson/desi/runs/three//lbg-desi-spectra-exp-9000.fits']
['/global/cscratch1/sd/mjwilson/desi/runs/three//lbg-desi-spectra-exp-9000.fits']
['/global/cscratch1/sd/mjwilson/desi/runs/three//lbg-desi-spectra-exp-9000.fits']
['/global/cscratch1/sd/mjwilson/desi/runs/three//lbg-desi-spectra-exp-9000.fits']
['/global/cscratch1/sd/mjwilson/desi/runs/three//lbg-desi-spectra-exp-9000.fits']
['/global/cscratch1/sd/mjwilson/desi/runs/three//lbg-desi-spectra-exp-9000.fits']
['/global/cscratch1/sd/mjwilson/desi/runs/three//lbg-desi-spectra-exp-9000.fits']
['/global/cscratch1/sd/mjwilson/desi/runs/three//lbg-desi-spectra-exp-9000.fits']
['/global/cscratch1/sd/mjwilson/desi/runs/three//lbg-desi-spectra-exp-9000.fits']
['/global/cscratch1/sd/mjwilson/desi/runs/three//lbg-desi-spectra-exp-9000.fits']
Writing zscan data took: 7.1 seconds
Writing zbest data took: 0.1 seconds
Total run time: 770.4 seconds
['/global/cscratch1/sd/mjwilson/desi/runs/three//lbg-desi-spectra-exp-7500.fits']
['/global/cscratch1/sd/mjwilson/desi/runs/three//lbg-desi-spectra-exp-7500.fits']
['/global/cscratch1/sd/mjwilson/desi/runs/three//lbg-desi-spectra-exp-7500.fits']
['/global/cscratch1/sd/mjwilson/desi/runs/three//lbg-desi-spectra-exp-7500.fits']
['/global/cscratch1/sd/mjwilson/desi/runs/three//lbg-desi-spectra-exp-7500.fits']
['/global/cscratch1/sd/mjwilson/desi/runs/three//lbg-desi-spectra-exp-7500.fits']
['/global/cscratch1/sd/mjwilson/desi/runs/three//lbg-desi-spectra-exp-7500.fits']
['/global/cscratch1/sd/mjwilson/desi/runs/three//lbg-desi-spectra-exp-7500.fits']
['/global/cscratch1/sd/mjwilson/desi/runs/three//lbg-desi-spectra-exp-7500.fits']
['/global/cscratch1/sd/mjwilson/desi/runs/three//lbg-desi-spectra-exp-7500.fits']
['/global/cscratch1/sd/mjwilson/desi/runs/three//lbg-desi-spectra-exp-7500.fits']
['/global/cscratch1/sd/mjwilson/desi/runs/three//lbg-desi-spectra-exp-7500.fits']
['/global/cscratch1/sd/mjwilson/desi/runs/three//lbg-desi-spectra-exp-7500.fits']
['/global/cscratch1/sd/mjwilson/desi/runs/three//lbg-desi-spectra-exp-7500.fits']
['/global/cscratch1/sd/mjwilson/desi/runs/three//lbg-desi-spectra-exp-7500.fits']
['/global/cscratch1/sd/mjwilson/desi/runs/three//lbg-desi-spectra-exp-7500.fits']
['/global/cscratch1/sd/mjwilson/desi/runs/three//lbg-desi-spectra-exp-7500.fits']
['/global/cscratch1/sd/mjwilson/desi/runs/three//lbg-desi-spectra-exp-7500.fits']
['/global/cscratch1/sd/mjwilson/desi/runs/three//lbg-desi-spectra-exp-7500.fits']
['/global/cscratch1/sd/mjwilson/desi/runs/three//lbg-desi-spectra-exp-7500.fits']
['/global/cscratch1/sd/mjwilson/desi/runs/three//lbg-desi-spectra-exp-7500.fits']
['/global/cscratch1/sd/mjwilson/desi/runs/three//lbg-desi-spectra-exp-7500.fits']
['/global/cscratch1/sd/mjwilson/desi/runs/three//lbg-desi-spectra-exp-7500.fits']
Computing redshifts took: 752.9 seconds
Writing zscan data took: 7.0 seconds
Writing zbest data took: 0.1 seconds
Total run time: 771.4 seconds
['/global/cscratch1/sd/mjwilson/desi/runs/three//lbg-desi-spectra-exp-1500.fits']
['/global/cscratch1/sd/mjwilson/desi/runs/three//lbg-desi-spectra-exp-1500.fits']
['/global/cscratch1/sd/mjwilson/desi/runs/three//lbg-desi-spectra-exp-1500.fits']
['/global/cscratch1/sd/mjwilson/desi/runs/three//lbg-desi-spectra-exp-1500.fits']
['/global/cscratch1/sd/mjwilson/desi/runs/three//lbg-desi-spectra-exp-1500.fits']
['/global/cscratch1/sd/mjwilson/desi/runs/three//lbg-desi-spectra-exp-1500.fits']
['/global/cscratch1/sd/mjwilson/desi/runs/three//lbg-desi-spectra-exp-1500.fits']
['/global/cscratch1/sd/mjwilson/desi/runs/three//lbg-desi-spectra-exp-1500.fits']
['/global/cscratch1/sd/mjwilson/desi/runs/three//lbg-desi-spectra-exp-1500.fits']
['/global/cscratch1/sd/mjwilson/desi/runs/three//lbg-desi-spectra-exp-1500.fits']
['/global/cscratch1/sd/mjwilson/desi/runs/three//lbg-desi-spectra-exp-1500.fits']
['/global/cscratch1/sd/mjwilson/desi/runs/three//lbg-desi-spectra-exp-1500.fits']
['/global/cscratch1/sd/mjwilson/desi/runs/three//lbg-desi-spectra-exp-1500.fits']
['/global/cscratch1/sd/mjwilson/desi/runs/three//lbg-desi-spectra-exp-1500.fits']
['/global/cscratch1/sd/mjwilson/desi/runs/three//lbg-desi-spectra-exp-1500.fits']
['/global/cscratch1/sd/mjwilson/desi/runs/three//lbg-desi-spectra-exp-1500.fits']
['/global/cscratch1/sd/mjwilson/desi/runs/three//lbg-desi-spectra-exp-1500.fits']
['/global/cscratch1/sd/mjwilson/desi/runs/three//lbg-desi-spectra-exp-1500.fits']
['/global/cscratch1/sd/mjwilson/desi/runs/three//lbg-desi-spectra-exp-1500.fits']
['/global/cscratch1/sd/mjwilson/desi/runs/three//lbg-desi-spectra-exp-1500.fits']
['/global/cscratch1/sd/mjwilson/desi/runs/three//lbg-desi-spectra-exp-1500.fits']
['/global/cscratch1/sd/mjwilson/desi/runs/three//lbg-desi-spectra-exp-1500.fits']
['/global/cscratch1/sd/mjwilson/desi/runs/three//lbg-desi-spectra-exp-1500.fits']
Writing zscan data took: 6.9 seconds
Writing zbest data took: 0.1 seconds
Total run time: 774.3 seconds
['/global/cscratch1/sd/mjwilson/desi/runs/three//lbg-desi-spectra-exp-4500.fits']
['/global/cscratch1/sd/mjwilson/desi/runs/three//lbg-desi-spectra-exp-4500.fits']
['/global/cscratch1/sd/mjwilson/desi/runs/three//lbg-desi-spectra-exp-4500.fits']
['/global/cscratch1/sd/mjwilson/desi/runs/three//lbg-desi-spectra-exp-4500.fits']
['/global/cscratch1/sd/mjwilson/desi/runs/three//lbg-desi-spectra-exp-4500.fits']
['/global/cscratch1/sd/mjwilson/desi/runs/three//lbg-desi-spectra-exp-4500.fits']
['/global/cscratch1/sd/mjwilson/desi/runs/three//lbg-desi-spectra-exp-4500.fits']
['/global/cscratch1/sd/mjwilson/desi/runs/three//lbg-desi-spectra-exp-4500.fits']
['/global/cscratch1/sd/mjwilson/desi/runs/three//lbg-desi-spectra-exp-4500.fits']
['/global/cscratch1/sd/mjwilson/desi/runs/three//lbg-desi-spectra-exp-4500.fits']
['/global/cscratch1/sd/mjwilson/desi/runs/three//lbg-desi-spectra-exp-4500.fits']
['/global/cscratch1/sd/mjwilson/desi/runs/three//lbg-desi-spectra-exp-4500.fits']
['/global/cscratch1/sd/mjwilson/desi/runs/three//lbg-desi-spectra-exp-4500.fits']
['/global/cscratch1/sd/mjwilson/desi/runs/three//lbg-desi-spectra-exp-4500.fits']
['/global/cscratch1/sd/mjwilson/desi/runs/three//lbg-desi-spectra-exp-4500.fits']
['/global/cscratch1/sd/mjwilson/desi/runs/three//lbg-desi-spectra-exp-4500.fits']
['/global/cscratch1/sd/mjwilson/desi/runs/three//lbg-desi-spectra-exp-4500.fits']
['/global/cscratch1/sd/mjwilson/desi/runs/three//lbg-desi-spectra-exp-4500.fits']
['/global/cscratch1/sd/mjwilson/desi/runs/three//lbg-desi-spectra-exp-4500.fits']
['/global/cscratch1/sd/mjwilson/desi/runs/three//lbg-desi-spectra-exp-4500.fits']
['/global/cscratch1/sd/mjwilson/desi/runs/three//lbg-desi-spectra-exp-4500.fits']
['/global/cscratch1/sd/mjwilson/desi/runs/three//lbg-desi-spectra-exp-4500.fits']
['/global/cscratch1/sd/mjwilson/desi/runs/three//lbg-desi-spectra-exp-4500.fits']
Writing zscan data took: 7.1 seconds
Writing zbest data took: 0.1 seconds
Total run time: 773.7 seconds
['/global/cscratch1/sd/mjwilson/desi/runs/three//lbg-desi-spectra-exp-10500.fits']
['/global/cscratch1/sd/mjwilson/desi/runs/three//lbg-desi-spectra-exp-10500.fits']
['/global/cscratch1/sd/mjwilson/desi/runs/three//lbg-desi-spectra-exp-10500.fits']
['/global/cscratch1/sd/mjwilson/desi/runs/three//lbg-desi-spectra-exp-10500.fits']
['/global/cscratch1/sd/mjwilson/desi/runs/three//lbg-desi-spectra-exp-10500.fits']
['/global/cscratch1/sd/mjwilson/desi/runs/three//lbg-desi-spectra-exp-10500.fits']
['/global/cscratch1/sd/mjwilson/desi/runs/three//lbg-desi-spectra-exp-10500.fits']
['/global/cscratch1/sd/mjwilson/desi/runs/three//lbg-desi-spectra-exp-10500.fits']
['/global/cscratch1/sd/mjwilson/desi/runs/three//lbg-desi-spectra-exp-10500.fits']
['/global/cscratch1/sd/mjwilson/desi/runs/three//lbg-desi-spectra-exp-10500.fits']
['/global/cscratch1/sd/mjwilson/desi/runs/three//lbg-desi-spectra-exp-10500.fits']
['/global/cscratch1/sd/mjwilson/desi/runs/three//lbg-desi-spectra-exp-10500.fits']
['/global/cscratch1/sd/mjwilson/desi/runs/three//lbg-desi-spectra-exp-10500.fits']
['/global/cscratch1/sd/mjwilson/desi/runs/three//lbg-desi-spectra-exp-10500.fits']
['/global/cscratch1/sd/mjwilson/desi/runs/three//lbg-desi-spectra-exp-10500.fits']
['/global/cscratch1/sd/mjwilson/desi/runs/three//lbg-desi-spectra-exp-10500.fits']
['/global/cscratch1/sd/mjwilson/desi/runs/three//lbg-desi-spectra-exp-10500.fits']
['/global/cscratch1/sd/mjwilson/desi/runs/three//lbg-desi-spectra-exp-10500.fits']
['/global/cscratch1/sd/mjwilson/desi/runs/three//lbg-desi-spectra-exp-10500.fits']
['/global/cscratch1/sd/mjwilson/desi/runs/three//lbg-desi-spectra-exp-10500.fits']
['/global/cscratch1/sd/mjwilson/desi/runs/three//lbg-desi-spectra-exp-10500.fits']
['/global/cscratch1/sd/mjwilson/desi/runs/three//lbg-desi-spectra-exp-10500.fits']
['/global/cscratch1/sd/mjwilson/desi/runs/three//lbg-desi-spectra-exp-10500.fits']
Writing zscan data took: 6.9 seconds
Writing zbest data took: 0.2 seconds
Total run time: 776.3 seconds
['/global/cscratch1/sd/mjwilson/desi/runs/three//lbg-desi-spectra-exp-6000.fits']
['/global/cscratch1/sd/mjwilson/desi/runs/three//lbg-desi-spectra-exp-6000.fits']
['/global/cscratch1/sd/mjwilson/desi/runs/three//lbg-desi-spectra-exp-6000.fits']
['/global/cscratch1/sd/mjwilson/desi/runs/three//lbg-desi-spectra-exp-6000.fits']
['/global/cscratch1/sd/mjwilson/desi/runs/three//lbg-desi-spectra-exp-6000.fits']
['/global/cscratch1/sd/mjwilson/desi/runs/three//lbg-desi-spectra-exp-6000.fits']
['/global/cscratch1/sd/mjwilson/desi/runs/three//lbg-desi-spectra-exp-6000.fits']
['/global/cscratch1/sd/mjwilson/desi/runs/three//lbg-desi-spectra-exp-6000.fits']
['/global/cscratch1/sd/mjwilson/desi/runs/three//lbg-desi-spectra-exp-6000.fits']
['/global/cscratch1/sd/mjwilson/desi/runs/three//lbg-desi-spectra-exp-6000.fits']
['/global/cscratch1/sd/mjwilson/desi/runs/three//lbg-desi-spectra-exp-6000.fits']
['/global/cscratch1/sd/mjwilson/desi/runs/three//lbg-desi-spectra-exp-6000.fits']
['/global/cscratch1/sd/mjwilson/desi/runs/three//lbg-desi-spectra-exp-6000.fits']
['/global/cscratch1/sd/mjwilson/desi/runs/three//lbg-desi-spectra-exp-6000.fits']
['/global/cscratch1/sd/mjwilson/desi/runs/three//lbg-desi-spectra-exp-6000.fits']
['/global/cscratch1/sd/mjwilson/desi/runs/three//lbg-desi-spectra-exp-6000.fits']
['/global/cscratch1/sd/mjwilson/desi/runs/three//lbg-desi-spectra-exp-6000.fits']
['/global/cscratch1/sd/mjwilson/desi/runs/three//lbg-desi-spectra-exp-6000.fits']
['/global/cscratch1/sd/mjwilson/desi/runs/three//lbg-desi-spectra-exp-6000.fits']
['/global/cscratch1/sd/mjwilson/desi/runs/three//lbg-desi-spectra-exp-6000.fits']
['/global/cscratch1/sd/mjwilson/desi/runs/three//lbg-desi-spectra-exp-6000.fits']
['/global/cscratch1/sd/mjwilson/desi/runs/three//lbg-desi-spectra-exp-6000.fits']
['/global/cscratch1/sd/mjwilson/desi/runs/three//lbg-desi-spectra-exp-6000.fits']
Writing zscan data took: 7.1 seconds
Writing zbest data took: 0.1 seconds
Total run time: 776.5 seconds
['/global/cscratch1/sd/mjwilson/desi/runs/three//lbg-desi-spectra-exp-3000.fits']
['/global/cscratch1/sd/mjwilson/desi/runs/three//lbg-desi-spectra-exp-3000.fits']
['/global/cscratch1/sd/mjwilson/desi/runs/three//lbg-desi-spectra-exp-3000.fits']
['/global/cscratch1/sd/mjwilson/desi/runs/three//lbg-desi-spectra-exp-3000.fits']
['/global/cscratch1/sd/mjwilson/desi/runs/three//lbg-desi-spectra-exp-3000.fits']
['/global/cscratch1/sd/mjwilson/desi/runs/three//lbg-desi-spectra-exp-3000.fits']
['/global/cscratch1/sd/mjwilson/desi/runs/three//lbg-desi-spectra-exp-3000.fits']
['/global/cscratch1/sd/mjwilson/desi/runs/three//lbg-desi-spectra-exp-3000.fits']
['/global/cscratch1/sd/mjwilson/desi/runs/three//lbg-desi-spectra-exp-3000.fits']
['/global/cscratch1/sd/mjwilson/desi/runs/three//lbg-desi-spectra-exp-3000.fits']
['/global/cscratch1/sd/mjwilson/desi/runs/three//lbg-desi-spectra-exp-3000.fits']
['/global/cscratch1/sd/mjwilson/desi/runs/three//lbg-desi-spectra-exp-3000.fits']
['/global/cscratch1/sd/mjwilson/desi/runs/three//lbg-desi-spectra-exp-3000.fits']
['/global/cscratch1/sd/mjwilson/desi/runs/three//lbg-desi-spectra-exp-3000.fits']
['/global/cscratch1/sd/mjwilson/desi/runs/three//lbg-desi-spectra-exp-3000.fits']
['/global/cscratch1/sd/mjwilson/desi/runs/three//lbg-desi-spectra-exp-3000.fits']
['/global/cscratch1/sd/mjwilson/desi/runs/three//lbg-desi-spectra-exp-3000.fits']
['/global/cscratch1/sd/mjwilson/desi/runs/three//lbg-desi-spectra-exp-3000.fits']
['/global/cscratch1/sd/mjwilson/desi/runs/three//lbg-desi-spectra-exp-3000.fits']
['/global/cscratch1/sd/mjwilson/desi/runs/three//lbg-desi-spectra-exp-3000.fits']
['/global/cscratch1/sd/mjwilson/desi/runs/three//lbg-desi-spectra-exp-3000.fits']
['/global/cscratch1/sd/mjwilson/desi/runs/three//lbg-desi-spectra-exp-3000.fits']
['/global/cscratch1/sd/mjwilson/desi/runs/three//lbg-desi-spectra-exp-3000.fits']
Writing zscan data took: 7.1 seconds
Writing zbest data took: 0.1 seconds
Total run time: 776.6 seconds
['/global/cscratch1/sd/mjwilson/desi/runs/three//lbg-desi-spectra-exp-12000.fits']
['/global/cscratch1/sd/mjwilson/desi/runs/three//lbg-desi-spectra-exp-12000.fits']
['/global/cscratch1/sd/mjwilson/desi/runs/three//lbg-desi-spectra-exp-12000.fits']
['/global/cscratch1/sd/mjwilson/desi/runs/three//lbg-desi-spectra-exp-12000.fits']
['/global/cscratch1/sd/mjwilson/desi/runs/three//lbg-desi-spectra-exp-12000.fits']
['/global/cscratch1/sd/mjwilson/desi/runs/three//lbg-desi-spectra-exp-12000.fits']
['/global/cscratch1/sd/mjwilson/desi/runs/three//lbg-desi-spectra-exp-12000.fits']
['/global/cscratch1/sd/mjwilson/desi/runs/three//lbg-desi-spectra-exp-12000.fits']
['/global/cscratch1/sd/mjwilson/desi/runs/three//lbg-desi-spectra-exp-12000.fits']
['/global/cscratch1/sd/mjwilson/desi/runs/three//lbg-desi-spectra-exp-12000.fits']
['/global/cscratch1/sd/mjwilson/desi/runs/three//lbg-desi-spectra-exp-12000.fits']
['/global/cscratch1/sd/mjwilson/desi/runs/three//lbg-desi-spectra-exp-12000.fits']
['/global/cscratch1/sd/mjwilson/desi/runs/three//lbg-desi-spectra-exp-12000.fits']
['/global/cscratch1/sd/mjwilson/desi/runs/three//lbg-desi-spectra-exp-12000.fits']
['/global/cscratch1/sd/mjwilson/desi/runs/three//lbg-desi-spectra-exp-12000.fits']
['/global/cscratch1/sd/mjwilson/desi/runs/three//lbg-desi-spectra-exp-12000.fits']
['/global/cscratch1/sd/mjwilson/desi/runs/three//lbg-desi-spectra-exp-12000.fits']
['/global/cscratch1/sd/mjwilson/desi/runs/three//lbg-desi-spectra-exp-12000.fits']
['/global/cscratch1/sd/mjwilson/desi/runs/three//lbg-desi-spectra-exp-12000.fits']
['/global/cscratch1/sd/mjwilson/desi/runs/three//lbg-desi-spectra-exp-12000.fits']
['/global/cscratch1/sd/mjwilson/desi/runs/three//lbg-desi-spectra-exp-12000.fits']
['/global/cscratch1/sd/mjwilson/desi/runs/three//lbg-desi-spectra-exp-12000.fits']
['/global/cscratch1/sd/mjwilson/desi/runs/three//lbg-desi-spectra-exp-12000.fits']
