NEW ENVIRONMENT SET.
cori

SOLVING FOR 1500 beast VANDELS
SOLVING FOR 3000 beast VANDELS
SOLVING FOR 4500 beast VANDELS
SOLVING FOR 10500 beast VANDELS
Running with 24 processes
Loading targets...
Running with 24 processes
Loading targets...
Running with 24 processes
Loading targets...
['/global/cscratch1/sd/mjwilson/desi/simspec/VANDELS-beast-spectra-exp-1500.fits']
Read and distribution of 598 targets: 4.4 seconds
['/global/cscratch1/sd/mjwilson/desi/simspec/VANDELS-beast-spectra-exp-10500.fits']
Read and distribution of 598 targets: 6.2 seconds
DEBUG: Read templates from /global/homes/m/mjwilson/desi/BEAST/desihub/redrock/py/redrock/templates
DEBUG: Using default redshift range 1.5000-3.9997 for rrtemplate-LBG.fits
DEBUG: Using default redshift range -0.0050-1.6997 for rrtemplate-galaxy.fits
DEBUG: Using default redshift range 0.0500-5.9934 for rrtemplate-qso.fits
DEBUG: Using default redshift range -0.0020-0.0020 for rrtemplate-star-A.fits
DEBUG: Using default redshift range -0.0020-0.0020 for rrtemplate-star-B.fits
DEBUG: Using default redshift range -0.0020-0.0020 for rrtemplate-star-F.fits
DEBUG: Using default redshift range -0.0020-0.0020 for rrtemplate-star-K.fits
DEBUG: Using default redshift range -0.0020-0.0020 for rrtemplate-star-M.fits
Read and broadcast of 8 templates: 1.0 seconds
DEBUG: Read templates from /global/homes/m/mjwilson/desi/BEAST/desihub/redrock/py/redrock/templates
DEBUG: Using default redshift range 1.5000-3.9997 for rrtemplate-LBG.fits
DEBUG: Using default redshift range -0.0050-1.6997 for rrtemplate-galaxy.fits
DEBUG: Using default redshift range 0.0500-5.9934 for rrtemplate-qso.fits
DEBUG: Using default redshift range -0.0020-0.0020 for rrtemplate-star-A.fits
DEBUG: Using default redshift range -0.0020-0.0020 for rrtemplate-star-B.fits
DEBUG: Using default redshift range -0.0020-0.0020 for rrtemplate-star-F.fits
DEBUG: Using default redshift range -0.0020-0.0020 for rrtemplate-star-K.fits
DEBUG: Using default redshift range -0.0020-0.0020 for rrtemplate-star-M.fits
Read and broadcast of 8 templates: 0.8 seconds
Running with 24 processes
Loading targets...
Rebinning templates: 2.7 seconds
Computing redshifts
  Scanning redshifts for template LBG
    Progress:   0 %
Rebinning templates: 2.4 seconds
Computing redshifts
  Scanning redshifts for template LBG
    Progress:   0 %
    Progress:  10 %
    Progress:  10 %
    Progress:  20 %
    Progress:  20 %
    Progress:  30 %
    Progress:  30 %
['/global/cscratch1/sd/mjwilson/desi/simspec/VANDELS-beast-spectra-exp-3000.fits']
Read and distribution of 598 targets: 11.5 seconds
    Progress:  40 %
DEBUG: Read templates from /global/homes/m/mjwilson/desi/BEAST/desihub/redrock/py/redrock/templates
DEBUG: Using default redshift range 1.5000-3.9997 for rrtemplate-LBG.fits
DEBUG: Using default redshift range -0.0050-1.6997 for rrtemplate-galaxy.fits
DEBUG: Using default redshift range 0.0500-5.9934 for rrtemplate-qso.fits
DEBUG: Using default redshift range -0.0020-0.0020 for rrtemplate-star-A.fits
DEBUG: Using default redshift range -0.0020-0.0020 for rrtemplate-star-B.fits
DEBUG: Using default redshift range -0.0020-0.0020 for rrtemplate-star-F.fits
DEBUG: Using default redshift range -0.0020-0.0020 for rrtemplate-star-K.fits
DEBUG: Using default redshift range -0.0020-0.0020 for rrtemplate-star-M.fits
Read and broadcast of 8 templates: 0.9 seconds
    Progress:  40 %
    Progress:  50 %
    Progress:  50 %
Rebinning templates: 1.6 seconds
Computing redshifts
  Scanning redshifts for template LBG
    Progress:   0 %
    Progress:  60 %
    Progress:  60 %
    Progress:  70 %
    Progress:  70 %
    Progress:  10 %
    Progress:  20 %
    Progress:  80 %
    Progress:  80 %
    Progress:  90 %
    Progress:  90 %
    Progress:  30 %
    Progress: 100 %
    Finished in: 15.9 seconds
  Scanning redshifts for template GALAXY
    Progress:   0 %
    Progress:  40 %
    Progress: 100 %
    Finished in: 16.0 seconds
  Scanning redshifts for template GALAXY
    Progress:   0 %
    Progress:  50 %
    Progress:  60 %
    Progress:  70 %
    Progress:  80 %
    Progress:  90 %
    Progress:  10 %
    Progress:  10 %
    Progress: 100 %
    Finished in: 15.9 seconds
  Scanning redshifts for template GALAXY
    Progress:   0 %
    Progress:  20 %
    Progress:  20 %
    Progress:  10 %
['/global/cscratch1/sd/mjwilson/desi/simspec/VANDELS-beast-spectra-exp-4500.fits']
Read and distribution of 598 targets: 38.7 seconds
    Progress:  30 %
    Progress:  30 %
DEBUG: Read templates from /global/homes/m/mjwilson/desi/BEAST/desihub/redrock/py/redrock/templates
DEBUG: Using default redshift range 1.5000-3.9997 for rrtemplate-LBG.fits
DEBUG: Using default redshift range -0.0050-1.6997 for rrtemplate-galaxy.fits
DEBUG: Using default redshift range 0.0500-5.9934 for rrtemplate-qso.fits
DEBUG: Using default redshift range -0.0020-0.0020 for rrtemplate-star-A.fits
DEBUG: Using default redshift range -0.0020-0.0020 for rrtemplate-star-B.fits
DEBUG: Using default redshift range -0.0020-0.0020 for rrtemplate-star-F.fits
DEBUG: Using default redshift range -0.0020-0.0020 for rrtemplate-star-K.fits
DEBUG: Using default redshift range -0.0020-0.0020 for rrtemplate-star-M.fits
Read and broadcast of 8 templates: 0.5 seconds
    Progress:  20 %
Rebinning templates: 2.6 seconds
Computing redshifts
  Scanning redshifts for template LBG
    Progress:   0 %
    Progress:  40 %
    Progress:  10 %
    Progress:  40 %
    Progress:  20 %
    Progress:  30 %
    Progress:  30 %
    Progress:  40 %
    Progress:  50 %
    Progress:  50 %
    Progress:  50 %
    Progress:  60 %
    Progress:  40 %
    Progress:  70 %
    Progress:  80 %
    Progress:  90 %
    Progress:  60 %
    Progress:  60 %
    Progress: 100 %
    Finished in: 16.1 seconds
  Scanning redshifts for template GALAXY
    Progress:   0 %
    Progress:  50 %
    Progress:  70 %
    Progress:  70 %
    Progress:  10 %
    Progress:  60 %
    Progress:  20 %
    Progress:  80 %
    Progress:  80 %
    Progress:  70 %
    Progress:  90 %
    Progress:  90 %
    Progress:  30 %
    Progress:  80 %
    Progress: 100 %
    Progress: 100 %
    Finished in: 64.5 seconds
  Scanning redshifts for template QSO
    Progress:   0 %
    Finished in: 65.2 seconds
  Scanning redshifts for template QSO
    Progress:   0 %
    Progress:  40 %
    Progress:  90 %
    Progress:  10 %
    Progress:  10 %
    Progress:  20 %
    Progress:  20 %
    Progress:  50 %
    Progress: 100 %
    Finished in: 64.7 seconds
  Scanning redshifts for template QSO
    Progress:   0 %
    Progress:  30 %
    Progress:  30 %
    Progress:  10 %
    Progress:  40 %
    Progress:  40 %
    Progress:  60 %
    Progress:  20 %
    Progress:  50 %
    Progress:  50 %
    Progress:  30 %
    Progress:  70 %
    Progress:  60 %
    Progress:  60 %
    Progress:  40 %
    Progress:  70 %
    Progress:  70 %
    Progress:  50 %
    Progress:  80 %
    Progress:  80 %
    Progress:  80 %
    Progress:  60 %
    Progress:  90 %
    Progress:  90 %
    Progress:  70 %
    Progress: 100 %
    Finished in: 34.0 seconds
  Scanning redshifts for template STAR:::A
    Progress:   0 %
    Progress:  10 %
    Progress: 100 %
    Progress:  20 %
    Progress:  90 %
    Progress:  30 %
    Finished in: 34.6 seconds
  Scanning redshifts for template STAR:::A
    Progress:   0 %
    Progress:  40 %
    Progress:  50 %
    Progress:  10 %
    Progress:  20 %
    Progress:  60 %
    Progress:  70 %
    Progress:  30 %
    Progress:  40 %
    Progress:  80 %
    Progress:  50 %
    Progress:  90 %
    Progress:  60 %
    Progress:  80 %
    Progress: 100 %
    Finished in: 2.9 seconds
  Scanning redshifts for template STAR:::B
    Progress:   0 %
    Progress:  70 %
    Progress:  10 %
    Progress:  80 %
    Progress:  20 %
    Progress:  90 %
    Progress:  30 %
    Progress: 100 %
    Finished in: 2.9 seconds
    Progress:  40 %
  Scanning redshifts for template STAR:::B
    Progress:   0 %
    Progress:  50 %
    Progress:  10 %
    Progress:  20 %
    Progress:  60 %
    Progress:  70 %
    Progress:  30 %
    Progress:  40 %
    Progress:  80 %
    Progress:  50 %
    Progress:  90 %
    Progress:  90 %
    Progress:  60 %
    Progress: 100 %
    Finished in: 2.9 seconds
  Scanning redshifts for template STAR:::F
    Progress:   0 %
    Progress:  70 %
    Progress:  10 %
    Progress: 100 %
    Progress:  80 %
    Progress:  20 %
    Finished in: 65.0 seconds
  Scanning redshifts for template QSO
    Progress:   0 %
    Progress:  90 %
    Progress:  30 %
    Progress: 100 %
    Finished in: 2.9 seconds
    Progress:  40 %
  Scanning redshifts for template STAR:::F
    Progress:   0 %
    Progress:  50 %
    Progress:  10 %
    Progress:  20 %
    Progress:  60 %
    Progress:  70 %
    Progress:  30 %
    Progress:  40 %
    Progress:  80 %
    Progress:  50 %
    Progress: 100 %
    Progress:  90 %
    Finished in: 33.6 seconds
  Scanning redshifts for template STAR:::A
    Progress:   0 %
    Progress:  60 %
    Progress: 100 %
    Finished in: 2.9 seconds
  Scanning redshifts for template STAR:::K
    Progress:   0 %
    Progress:  70 %
    Progress:  10 %
    Progress:  10 %
    Progress:  20 %
    Progress:  80 %
    Progress:  20 %
    Progress:  30 %
    Progress:  90 %
    Progress:  30 %
    Progress:  40 %
    Progress:  40 %
    Progress: 100 %
    Progress:  50 %
    Finished in: 2.9 seconds
  Scanning redshifts for template STAR:::K
    Progress:   0 %
    Progress:  50 %
    Progress:  10 %
    Progress:  60 %
    Progress:  60 %
    Progress:  70 %
    Progress:  20 %
    Progress:  70 %
    Progress:  80 %
    Progress:  30 %
    Progress:  10 %
    Progress:  80 %
    Progress:  40 %
    Progress:  50 %
    Progress:  90 %
    Progress:  90 %
    Progress: 100 %
    Finished in: 2.9 seconds
  Scanning redshifts for template STAR:::B
    Progress:   0 %
    Progress:  60 %
    Progress: 100 %
    Finished in: 2.9 seconds
  Scanning redshifts for template STAR:::M
    Progress:   0 %
    Progress:  70 %
    Progress:  10 %
    Progress:  10 %
    Progress:  20 %
    Progress:  80 %
    Progress:  20 %
    Progress:  30 %
    Progress:  90 %
    Progress:  30 %
    Progress:  40 %
    Progress:  40 %
    Progress:  50 %
    Progress: 100 %
    Finished in: 2.9 seconds
  Scanning redshifts for template STAR:::M
    Progress:   0 %
    Progress:  50 %
    Progress:  60 %
    Progress:  10 %
    Progress:  60 %
    Progress:  70 %
    Progress:  20 %
    Progress:  70 %
    Progress:  80 %
    Progress:  30 %
    Progress:  20 %
    Progress:  80 %
    Progress:  40 %
    Progress:  50 %
    Progress:  90 %
    Progress:  90 %
    Progress: 100 %
    Finished in: 2.8 seconds
  Scanning redshifts for template STAR:::F
    Progress:   0 %
    Progress:  60 %
    Progress: 100 %
    Finished in: 2.9 seconds
  Finding best fits for template GALAXY
    Progress:  70 %
    Progress:  10 %
    Progress:  20 %
    Progress:  80 %
    Progress:  30 %
    Progress:  40 %
    Progress:  90 %
    Progress:  50 %
    Progress: 100 %
    Finished in: 2.9 seconds
  Finding best fits for template GALAXY
    Progress:  60 %
    Progress:  70 %
    Progress:  80 %
    Progress:  90 %
    Progress: 100 %
    Finished in: 2.9 seconds
  Scanning redshifts for template STAR:::K
    Progress:   0 %
    Progress:  10 %
    Progress:  20 %
    Progress:  30 %
    Progress:  30 %
    Progress:  40 %
    Progress:  50 %
    Progress:  60 %
    Progress:  70 %
    Progress:  80 %
    Progress:  90 %
    Progress: 100 %
    Finished in: 2.9 seconds
  Scanning redshifts for template STAR:::M
    Progress:   0 %
    Progress:  10 %
    Progress:  20 %
    Progress:  40 %
    Progress:  30 %
    Progress:  40 %
    Progress:  50 %
    Progress:  60 %
    Progress:  70 %
    Progress:  80 %
    Progress:  90 %
    Progress: 100 %
    Finished in: 2.8 seconds
  Finding best fits for template GALAXY
    Progress:  50 %
    Finished in: 11.3 seconds
  Finding best fits for template LBG
    Finished in: 11.9 seconds
  Finding best fits for template LBG
    Progress:  60 %
    Progress:  70 %
    Finished in: 6.5 seconds
  Finding best fits for template QSO
    Finished in: 6.5 seconds
  Finding best fits for template QSO
    Finished in: 12.0 seconds
  Finding best fits for template LBG
    Progress:  80 %
    Finished in: 3.4 seconds
  Finding best fits for template STAR:::A
    Finished in: 3.4 seconds
  Finding best fits for template STAR:::A
    Progress:  90 %
    Finished in: 3.6 seconds
  Finding best fits for template STAR:::B
    Progress: 100 %
    Finished in: 34.1 seconds
  Scanning redshifts for template STAR:::A
    Progress:   0 %
    Progress:  10 %
    Finished in: 3.7 seconds
  Finding best fits for template STAR:::B
    Finished in: 6.4 seconds
  Finding best fits for template QSO
    Progress:  20 %
    Progress:  30 %
    Progress:  40 %
    Progress:  50 %
    Progress:  60 %
    Progress:  70 %
    Finished in: 3.5 seconds
  Finding best fits for template STAR:::F
    Progress:  80 %
    Progress:  90 %
    Progress: 100 %
    Finished in: 2.9 seconds
  Scanning redshifts for template STAR:::B
    Progress:   0 %
    Progress:  10 %
    Progress:  20 %
    Progress:  30 %
    Finished in: 3.5 seconds
  Finding best fits for template STAR:::F
    Progress:  40 %
    Finished in: 3.5 seconds
  Finding best fits for template STAR:::A
    Progress:  50 %
    Progress:  60 %
    Progress:  70 %
    Progress:  80 %
    Progress:  90 %
    Finished in: 3.6 seconds
  Finding best fits for template STAR:::K
    Progress: 100 %
    Finished in: 2.9 seconds
  Scanning redshifts for template STAR:::F
    Progress:   0 %
    Progress:  10 %
    Progress:  20 %
    Progress:  30 %
    Progress:  40 %
    Progress:  50 %
    Finished in: 3.4 seconds
  Finding best fits for template STAR:::K
    Progress:  60 %
    Progress:  70 %
    Finished in: 3.6 seconds
  Finding best fits for template STAR:::B
    Progress:  80 %
    Progress:  90 %
    Progress: 100 %
    Finished in: 2.9 seconds
  Scanning redshifts for template STAR:::K
    Progress:   0 %
    Finished in: 3.2 seconds
  Finding best fits for template STAR:::M
    Progress:  10 %
    Progress:  20 %
    Progress:  30 %
    Progress:  40 %
    Progress:  50 %
    Progress:  60 %
    Progress:  70 %
    Finished in: 3.4 seconds
  Finding best fits for template STAR:::M
    Progress:  80 %
    Progress:  90 %
    Finished in: 3.6 seconds
  Finding best fits for template STAR:::F
    Progress: 100 %
    Finished in: 2.9 seconds
  Scanning redshifts for template STAR:::M
    Progress:   0 %
    Progress:  10 %
    Progress:  20 %
    Progress:  30 %
    Progress:  40 %
    Finished in: 3.7 seconds
    Progress:  50 %
    Progress:  60 %
    Progress:  70 %
    Progress:  80 %
    Progress:  90 %
    Progress: 100 %
    Finished in: 2.9 seconds
  Finding best fits for template GALAXY
    Finished in: 3.7 seconds
    Finished in: 3.6 seconds
  Finding best fits for template STAR:::K
    Finished in: 3.3 seconds
  Finding best fits for template STAR:::M
    Finished in: 3.6 seconds
    Finished in: 11.7 seconds
  Finding best fits for template LBG
    Finished in: 6.6 seconds
  Finding best fits for template QSO
    Finished in: 3.4 seconds
  Finding best fits for template STAR:::A
    Finished in: 3.6 seconds
  Finding best fits for template STAR:::B
Computing redshifts took: 195.4 seconds
Computing redshifts took: 196.8 seconds
    Finished in: 3.4 seconds
  Finding best fits for template STAR:::F
    Finished in: 3.6 seconds
  Finding best fits for template STAR:::K
Computing redshifts took: 195.6 seconds
    Finished in: 3.4 seconds
  Finding best fits for template STAR:::M
    Finished in: 3.7 seconds
Writing zscan data took: 16.8 seconds
Writing zscan data took: 25.8 seconds
Writing zbest data took: 0.1 seconds
Total run time: 226.6 seconds
['/global/cscratch1/sd/mjwilson/desi/simspec/VANDELS-beast-spectra-exp-3000.fits']
['/global/cscratch1/sd/mjwilson/desi/simspec/VANDELS-beast-spectra-exp-3000.fits']
['/global/cscratch1/sd/mjwilson/desi/simspec/VANDELS-beast-spectra-exp-3000.fits']
['/global/cscratch1/sd/mjwilson/desi/simspec/VANDELS-beast-spectra-exp-3000.fits']
['/global/cscratch1/sd/mjwilson/desi/simspec/VANDELS-beast-spectra-exp-3000.fits']
['/global/cscratch1/sd/mjwilson/desi/simspec/VANDELS-beast-spectra-exp-3000.fits']
['/global/cscratch1/sd/mjwilson/desi/simspec/VANDELS-beast-spectra-exp-3000.fits']
['/global/cscratch1/sd/mjwilson/desi/simspec/VANDELS-beast-spectra-exp-3000.fits']
['/global/cscratch1/sd/mjwilson/desi/simspec/VANDELS-beast-spectra-exp-3000.fits']
['/global/cscratch1/sd/mjwilson/desi/simspec/VANDELS-beast-spectra-exp-3000.fits']
['/global/cscratch1/sd/mjwilson/desi/simspec/VANDELS-beast-spectra-exp-3000.fits']
['/global/cscratch1/sd/mjwilson/desi/simspec/VANDELS-beast-spectra-exp-3000.fits']
['/global/cscratch1/sd/mjwilson/desi/simspec/VANDELS-beast-spectra-exp-3000.fits']
['/global/cscratch1/sd/mjwilson/desi/simspec/VANDELS-beast-spectra-exp-3000.fits']
['/global/cscratch1/sd/mjwilson/desi/simspec/VANDELS-beast-spectra-exp-3000.fits']
Writing zbest data took: 0.1 seconds
Total run time: 230.7 seconds
['/global/cscratch1/sd/mjwilson/desi/simspec/VANDELS-beast-spectra-exp-10500.fits']
['/global/cscratch1/sd/mjwilson/desi/simspec/VANDELS-beast-spectra-exp-10500.fits']
['/global/cscratch1/sd/mjwilson/desi/simspec/VANDELS-beast-spectra-exp-10500.fits']
['/global/cscratch1/sd/mjwilson/desi/simspec/VANDELS-beast-spectra-exp-10500.fits']
['/global/cscratch1/sd/mjwilson/desi/simspec/VANDELS-beast-spectra-exp-10500.fits']
['/global/cscratch1/sd/mjwilson/desi/simspec/VANDELS-beast-spectra-exp-10500.fits']
['/global/cscratch1/sd/mjwilson/desi/simspec/VANDELS-beast-spectra-exp-10500.fits']
['/global/cscratch1/sd/mjwilson/desi/simspec/VANDELS-beast-spectra-exp-10500.fits']
['/global/cscratch1/sd/mjwilson/desi/simspec/VANDELS-beast-spectra-exp-10500.fits']
['/global/cscratch1/sd/mjwilson/desi/simspec/VANDELS-beast-spectra-exp-10500.fits']
['/global/cscratch1/sd/mjwilson/desi/simspec/VANDELS-beast-spectra-exp-10500.fits']
['/global/cscratch1/sd/mjwilson/desi/simspec/VANDELS-beast-spectra-exp-10500.fits']
['/global/cscratch1/sd/mjwilson/desi/simspec/VANDELS-beast-spectra-exp-10500.fits']
['/global/cscratch1/sd/mjwilson/desi/simspec/VANDELS-beast-spectra-exp-10500.fits']
['/global/cscratch1/sd/mjwilson/desi/simspec/VANDELS-beast-spectra-exp-10500.fits']
['/global/cscratch1/sd/mjwilson/desi/simspec/VANDELS-beast-spectra-exp-10500.fits']
['/global/cscratch1/sd/mjwilson/desi/simspec/VANDELS-beast-spectra-exp-10500.fits']
['/global/cscratch1/sd/mjwilson/desi/simspec/VANDELS-beast-spectra-exp-10500.fits']
['/global/cscratch1/sd/mjwilson/desi/simspec/VANDELS-beast-spectra-exp-10500.fits']
['/global/cscratch1/sd/mjwilson/desi/simspec/VANDELS-beast-spectra-exp-10500.fits']
['/global/cscratch1/sd/mjwilson/desi/simspec/VANDELS-beast-spectra-exp-10500.fits']
['/global/cscratch1/sd/mjwilson/desi/simspec/VANDELS-beast-spectra-exp-10500.fits']
['/global/cscratch1/sd/mjwilson/desi/simspec/VANDELS-beast-spectra-exp-10500.fits']
['/global/cscratch1/sd/mjwilson/desi/simspec/VANDELS-beast-spectra-exp-3000.fits']
['/global/cscratch1/sd/mjwilson/desi/simspec/VANDELS-beast-spectra-exp-3000.fits']
['/global/cscratch1/sd/mjwilson/desi/simspec/VANDELS-beast-spectra-exp-3000.fits']
['/global/cscratch1/sd/mjwilson/desi/simspec/VANDELS-beast-spectra-exp-3000.fits']
['/global/cscratch1/sd/mjwilson/desi/simspec/VANDELS-beast-spectra-exp-3000.fits']
['/global/cscratch1/sd/mjwilson/desi/simspec/VANDELS-beast-spectra-exp-3000.fits']
['/global/cscratch1/sd/mjwilson/desi/simspec/VANDELS-beast-spectra-exp-3000.fits']
['/global/cscratch1/sd/mjwilson/desi/simspec/VANDELS-beast-spectra-exp-3000.fits']
Writing zscan data took: 27.9 seconds
Writing zbest data took: 0.4 seconds
Total run time: 233.1 seconds
['/global/cscratch1/sd/mjwilson/desi/simspec/VANDELS-beast-spectra-exp-1500.fits']
['/global/cscratch1/sd/mjwilson/desi/simspec/VANDELS-beast-spectra-exp-1500.fits']
['/global/cscratch1/sd/mjwilson/desi/simspec/VANDELS-beast-spectra-exp-1500.fits']
['/global/cscratch1/sd/mjwilson/desi/simspec/VANDELS-beast-spectra-exp-1500.fits']
['/global/cscratch1/sd/mjwilson/desi/simspec/VANDELS-beast-spectra-exp-1500.fits']
['/global/cscratch1/sd/mjwilson/desi/simspec/VANDELS-beast-spectra-exp-1500.fits']
['/global/cscratch1/sd/mjwilson/desi/simspec/VANDELS-beast-spectra-exp-1500.fits']
['/global/cscratch1/sd/mjwilson/desi/simspec/VANDELS-beast-spectra-exp-1500.fits']
['/global/cscratch1/sd/mjwilson/desi/simspec/VANDELS-beast-spectra-exp-1500.fits']
['/global/cscratch1/sd/mjwilson/desi/simspec/VANDELS-beast-spectra-exp-1500.fits']
['/global/cscratch1/sd/mjwilson/desi/simspec/VANDELS-beast-spectra-exp-1500.fits']
['/global/cscratch1/sd/mjwilson/desi/simspec/VANDELS-beast-spectra-exp-1500.fits']
['/global/cscratch1/sd/mjwilson/desi/simspec/VANDELS-beast-spectra-exp-1500.fits']
['/global/cscratch1/sd/mjwilson/desi/simspec/VANDELS-beast-spectra-exp-1500.fits']
['/global/cscratch1/sd/mjwilson/desi/simspec/VANDELS-beast-spectra-exp-1500.fits']
['/global/cscratch1/sd/mjwilson/desi/simspec/VANDELS-beast-spectra-exp-1500.fits']
['/global/cscratch1/sd/mjwilson/desi/simspec/VANDELS-beast-spectra-exp-1500.fits']
['/global/cscratch1/sd/mjwilson/desi/simspec/VANDELS-beast-spectra-exp-1500.fits']
['/global/cscratch1/sd/mjwilson/desi/simspec/VANDELS-beast-spectra-exp-1500.fits']
['/global/cscratch1/sd/mjwilson/desi/simspec/VANDELS-beast-spectra-exp-1500.fits']
['/global/cscratch1/sd/mjwilson/desi/simspec/VANDELS-beast-spectra-exp-1500.fits']
['/global/cscratch1/sd/mjwilson/desi/simspec/VANDELS-beast-spectra-exp-1500.fits']
['/global/cscratch1/sd/mjwilson/desi/simspec/VANDELS-beast-spectra-exp-1500.fits']
Computing redshifts took: 196.6 seconds
Writing zscan data took: 2.5 seconds
Writing zbest data took: 0.3 seconds
Total run time: 241.2 seconds
['/global/cscratch1/sd/mjwilson/desi/simspec/VANDELS-beast-spectra-exp-4500.fits']
['/global/cscratch1/sd/mjwilson/desi/simspec/VANDELS-beast-spectra-exp-4500.fits']
['/global/cscratch1/sd/mjwilson/desi/simspec/VANDELS-beast-spectra-exp-4500.fits']
['/global/cscratch1/sd/mjwilson/desi/simspec/VANDELS-beast-spectra-exp-4500.fits']
['/global/cscratch1/sd/mjwilson/desi/simspec/VANDELS-beast-spectra-exp-4500.fits']
['/global/cscratch1/sd/mjwilson/desi/simspec/VANDELS-beast-spectra-exp-4500.fits']
['/global/cscratch1/sd/mjwilson/desi/simspec/VANDELS-beast-spectra-exp-4500.fits']
['/global/cscratch1/sd/mjwilson/desi/simspec/VANDELS-beast-spectra-exp-4500.fits']
['/global/cscratch1/sd/mjwilson/desi/simspec/VANDELS-beast-spectra-exp-4500.fits']
['/global/cscratch1/sd/mjwilson/desi/simspec/VANDELS-beast-spectra-exp-4500.fits']
['/global/cscratch1/sd/mjwilson/desi/simspec/VANDELS-beast-spectra-exp-4500.fits']
['/global/cscratch1/sd/mjwilson/desi/simspec/VANDELS-beast-spectra-exp-4500.fits']
['/global/cscratch1/sd/mjwilson/desi/simspec/VANDELS-beast-spectra-exp-4500.fits']
['/global/cscratch1/sd/mjwilson/desi/simspec/VANDELS-beast-spectra-exp-4500.fits']
['/global/cscratch1/sd/mjwilson/desi/simspec/VANDELS-beast-spectra-exp-4500.fits']
['/global/cscratch1/sd/mjwilson/desi/simspec/VANDELS-beast-spectra-exp-4500.fits']
['/global/cscratch1/sd/mjwilson/desi/simspec/VANDELS-beast-spectra-exp-4500.fits']
['/global/cscratch1/sd/mjwilson/desi/simspec/VANDELS-beast-spectra-exp-4500.fits']
['/global/cscratch1/sd/mjwilson/desi/simspec/VANDELS-beast-spectra-exp-4500.fits']
['/global/cscratch1/sd/mjwilson/desi/simspec/VANDELS-beast-spectra-exp-4500.fits']
['/global/cscratch1/sd/mjwilson/desi/simspec/VANDELS-beast-spectra-exp-4500.fits']
['/global/cscratch1/sd/mjwilson/desi/simspec/VANDELS-beast-spectra-exp-4500.fits']
['/global/cscratch1/sd/mjwilson/desi/simspec/VANDELS-beast-spectra-exp-4500.fits']
