NEW ENVIRONMENT SET.
edison
SOLVING FOR 1000 beast elg
SOLVING FOR 2000 beast elg
SOLVING FOR 3000 beast elg
SOLVING FOR 4000 beast elg
SOLVING FOR 5000 beast elg
SOLVING FOR 6000 beast elg
SOLVING FOR 7000 beast elg
SOLVING FOR 8000 beast elg
SOLVING FOR 9000 beast elg
SOLVING FOR 10000 beast elg
Traceback (most recent call last):
  File "/global/homes/m/mjwilson/desi/BEAST/desihub//redrock/bin/rrdesi_mpi", line 9, in <module>
Traceback (most recent call last):
  File "/global/homes/m/mjwilson/desi/BEAST/desihub//redrock/bin/rrdesi_mpi", line 9, in <module>
    from redrock.utils import nersc_login_node
ImportError: No module named redrock.utils
Traceback (most recent call last):
  File "/global/homes/m/mjwilson/desi/BEAST/desihub//redrock/bin/rrdesi_mpi", line 9, in <module>
Traceback (most recent call last):
  File "/global/homes/m/mjwilson/desi/BEAST/desihub//redrock/bin/rrdesi_mpi", line 9, in <module>
Traceback (most recent call last):
  File "/global/homes/m/mjwilson/desi/BEAST/desihub//redrock/bin/rrdesi_mpi", line 9, in <module>
    from redrock.utils import nersc_login_node
    from redrock.utils import nersc_login_node
ImportError: No module named redrock.utils
ImportError: No module named redrock.utils
    from redrock.utils import nersc_login_node
ImportError: No module named redrock.utils
Traceback (most recent call last):
  File "/global/homes/m/mjwilson/desi/BEAST/desihub//redrock/bin/rrdesi_mpi", line 9, in <module>
Traceback (most recent call last):
  File "/global/homes/m/mjwilson/desi/BEAST/desihub//redrock/bin/rrdesi_mpi", line 9, in <module>
    from redrock.utils import nersc_login_node
ImportError: No module named redrock.utils
Traceback (most recent call last):
  File "/global/homes/m/mjwilson/desi/BEAST/desihub//redrock/bin/rrdesi_mpi", line 9, in <module>
Traceback (most recent call last):
  File "/global/homes/m/mjwilson/desi/BEAST/desihub//redrock/bin/rrdesi_mpi", line 9, in <module>
Traceback (most recent call last):
  File "/global/homes/m/mjwilson/desi/BEAST/desihub//redrock/bin/rrdesi_mpi", line 9, in <module>
    from redrock.utils import nersc_login_node
    from redrock.utils import nersc_login_node
Traceback (most recent call last):
  File "/global/homes/m/mjwilson/desi/BEAST/desihub//redrock/bin/rrdesi_mpi", line 9, in <module>
    from redrock.utils import nersc_login_node
Traceback (most recent call last):
  File "/global/homes/m/mjwilson/desi/BEAST/desihub//redrock/bin/rrdesi_mpi", line 9, in <module>
ImportError: No module named redrock.utils
Traceback (most recent call last):
  File "/global/homes/m/mjwilson/desi/BEAST/desihub//redrock/bin/rrdesi_mpi", line 9, in <module>
ImportError: No module named redrock.utils
    from redrock.utils import nersc_login_node
Traceback (most recent call last):
  File "/global/homes/m/mjwilson/desi/BEAST/desihub//redrock/bin/rrdesi_mpi", line 9, in <module>
ImportError: No module named redrock.utils
Traceback (most recent call last):
  File "/global/homes/m/mjwilson/desi/BEAST/desihub//redrock/bin/rrdesi_mpi", line 9, in <module>
    from redrock.utils import nersc_login_node
Traceback (most recent call last):
  File "/global/homes/m/mjwilson/desi/BEAST/desihub//redrock/bin/rrdesi_mpi", line 9, in <module>
ImportError: No module named redrock.utils
    from redrock.utils import nersc_login_node
Traceback (most recent call last):
  File "/global/homes/m/mjwilson/desi/BEAST/desihub//redrock/bin/rrdesi_mpi", line 9, in <module>
    from redrock.utils import nersc_login_node
ImportError: No module named redrock.utils
    from redrock.utils import nersc_login_node
    from redrock.utils import nersc_login_node
ImportError: No module named redrock.utils
ImportError: No module named redrock.utils
ImportError: No module named redrock.utils
    from redrock.utils import nersc_login_node
ImportError: No module named redrock.utils
    from redrock.utils import nersc_login_node
ImportError: No module named redrock.utils
ImportError: No module named redrock.utils
Traceback (most recent call last):
  File "/global/homes/m/mjwilson/desi/BEAST/desihub//redrock/bin/rrdesi_mpi", line 9, in <module>
    from redrock.utils import nersc_login_node
ImportError: No module named redrock.utils
    from redrock.utils import nersc_login_node
ImportError: No module named redrock.utils
Traceback (most recent call last):
  File "/global/homes/m/mjwilson/desi/BEAST/desihub//redrock/bin/rrdesi_mpi", line 9, in <module>
Traceback (most recent call last):
  File "/global/homes/m/mjwilson/desi/BEAST/desihub//redrock/bin/rrdesi_mpi", line 9, in <module>
Traceback (most recent call last):
  File "/global/homes/m/mjwilson/desi/BEAST/desihub//redrock/bin/rrdesi_mpi", line 9, in <module>
    from redrock.utils import nersc_login_node
    from redrock.utils import nersc_login_node
ImportError: No module named redrock.utils
Traceback (most recent call last):
  File "/global/homes/m/mjwilson/desi/BEAST/desihub//redrock/bin/rrdesi_mpi", line 9, in <module>
ImportError: No module named redrock.utils
    from redrock.utils import nersc_login_node
ImportError: No module named redrock.utils
Traceback (most recent call last):
  File "/global/homes/m/mjwilson/desi/BEAST/desihub//redrock/bin/rrdesi_mpi", line 9, in <module>
    from redrock.utils import nersc_login_node
Traceback (most recent call last):
  File "/global/homes/m/mjwilson/desi/BEAST/desihub//redrock/bin/rrdesi_mpi", line 9, in <module>
ImportError: No module named redrock.utils
Traceback (most recent call last):
  File "/global/homes/m/mjwilson/desi/BEAST/desihub//redrock/bin/rrdesi_mpi", line 9, in <module>
    from redrock.utils import nersc_login_node
ImportError: No module named redrock.utils
Traceback (most recent call last):
  File "/global/homes/m/mjwilson/desi/BEAST/desihub//redrock/bin/rrdesi_mpi", line 9, in <module>
Traceback (most recent call last):
  File "/global/homes/m/mjwilson/desi/BEAST/desihub//redrock/bin/rrdesi_mpi", line 9, in <module>
    from redrock.utils import nersc_login_node
ImportError: No module named redrock.utils
    from redrock.utils import nersc_login_node
Traceback (most recent call last):
  File "/global/homes/m/mjwilson/desi/BEAST/desihub//redrock/bin/rrdesi_mpi", line 9, in <module>
ImportError: No module named redrock.utils
    from redrock.utils import nersc_login_node
ImportError: No module named redrock.utils
Traceback (most recent call last):
  File "/global/homes/m/mjwilson/desi/BEAST/desihub//redrock/bin/rrdesi_mpi", line 9, in <module>
    from redrock.utils import nersc_login_node
ImportError: No module named redrock.utils
Traceback (most recent call last):
  File "/global/homes/m/mjwilson/desi/BEAST/desihub//redrock/bin/rrdesi_mpi", line 9, in <module>
Traceback (most recent call last):
  File "/global/homes/m/mjwilson/desi/BEAST/desihub//redrock/bin/rrdesi_mpi", line 9, in <module>
    from redrock.utils import nersc_login_node
Traceback (most recent call last):
  File "/global/homes/m/mjwilson/desi/BEAST/desihub//redrock/bin/rrdesi_mpi", line 9, in <module>
ImportError: No module named redrock.utils
    from redrock.utils import nersc_login_node
    from redrock.utils import nersc_login_node
ImportError: No module named redrock.utils
ImportError: No module named redrock.utils
    from redrock.utils import nersc_login_node
    from redrock.utils import nersc_login_node
ImportError: No module named redrock.utils
ImportError: No module named redrock.utils
Traceback (most recent call last):
  File "/global/homes/m/mjwilson/desi/BEAST/desihub//redrock/bin/rrdesi_mpi", line 9, in <module>
    from redrock.utils import nersc_login_node
ImportError: No module named redrock.utils
Traceback (most recent call last):
  File "/global/homes/m/mjwilson/desi/BEAST/desihub//redrock/bin/rrdesi_mpi", line 9, in <module>
    from redrock.utils import nersc_login_node
ImportError: No module named redrock.utils
Traceback (most recent call last):
  File "/global/homes/m/mjwilson/desi/BEAST/desihub//redrock/bin/rrdesi_mpi", line 9, in <module>
    from redrock.utils import nersc_login_node
ImportError: No module named redrock.utils
Traceback (most recent call last):
  File "/global/homes/m/mjwilson/desi/BEAST/desihub//redrock/bin/rrdesi_mpi", line 9, in <module>
    from redrock.utils import nersc_login_node
ImportError: No module named redrock.utils
Traceback (most recent call last):
  File "/global/homes/m/mjwilson/desi/BEAST/desihub//redrock/bin/rrdesi_mpi", line 9, in <module>
Traceback (most recent call last):
  File "/global/homes/m/mjwilson/desi/BEAST/desihub//redrock/bin/rrdesi_mpi", line 9, in <module>
    from redrock.utils import nersc_login_node
ImportError: No module named redrock.utils
    from redrock.utils import nersc_login_node
Traceback (most recent call last):
  File "/global/homes/m/mjwilson/desi/BEAST/desihub//redrock/bin/rrdesi_mpi", line 9, in <module>
Traceback (most recent call last):
  File "/global/homes/m/mjwilson/desi/BEAST/desihub//redrock/bin/rrdesi_mpi", line 9, in <module>
ImportError: No module named redrock.utils
    from redrock.utils import nersc_login_node
Traceback (most recent call last):
  File "/global/homes/m/mjwilson/desi/BEAST/desihub//redrock/bin/rrdesi_mpi", line 9, in <module>
    from redrock.utils import nersc_login_node
ImportError: No module named redrock.utils
ImportError: No module named redrock.utils
Traceback (most recent call last):
  File "/global/homes/m/mjwilson/desi/BEAST/desihub//redrock/bin/rrdesi_mpi", line 9, in <module>
    from redrock.utils import nersc_login_node
Traceback (most recent call last):
  File "/global/homes/m/mjwilson/desi/BEAST/desihub//redrock/bin/rrdesi_mpi", line 9, in <module>
Traceback (most recent call last):
  File "/global/homes/m/mjwilson/desi/BEAST/desihub//redrock/bin/rrdesi_mpi", line 9, in <module>
ImportError: No module named redrock.utils
Traceback (most recent call last):
  File "/global/homes/m/mjwilson/desi/BEAST/desihub//redrock/bin/rrdesi_mpi", line 9, in <module>
    from redrock.utils import nersc_login_node
Traceback (most recent call last):
  File "/global/homes/m/mjwilson/desi/BEAST/desihub//redrock/bin/rrdesi_mpi", line 9, in <module>
Traceback (most recent call last):
  File "/global/homes/m/mjwilson/desi/BEAST/desihub//redrock/bin/rrdesi_mpi", line 9, in <module>
Traceback (most recent call last):
  File "/global/homes/m/mjwilson/desi/BEAST/desihub//redrock/bin/rrdesi_mpi", line 9, in <module>
    from redrock.utils import nersc_login_node
ImportError: No module named redrock.utils
    from redrock.utils import nersc_login_node
    from redrock.utils import nersc_login_node
    from redrock.utils import nersc_login_node
    from redrock.utils import nersc_login_node
ImportError: No module named redrock.utils
ImportError: No module named redrock.utils
ImportError: No module named redrock.utils
ImportError: No module named redrock.utils
ImportError: No module named redrock.utils
    from redrock.utils import nersc_login_node
ImportError: No module named redrock.utils
Traceback (most recent call last):
  File "/global/homes/m/mjwilson/desi/BEAST/desihub//redrock/bin/rrdesi_mpi", line 9, in <module>
    from redrock.utils import nersc_login_node
ImportError: No module named redrock.utils
Traceback (most recent call last):
  File "/global/homes/m/mjwilson/desi/BEAST/desihub//redrock/bin/rrdesi_mpi", line 9, in <module>
    from redrock.utils import nersc_login_node
ImportError: No module named redrock.utils
Traceback (most recent call last):
  File "/global/homes/m/mjwilson/desi/BEAST/desihub//redrock/bin/rrdesi_mpi", line 9, in <module>
Traceback (most recent call last):
  File "/global/homes/m/mjwilson/desi/BEAST/desihub//redrock/bin/rrdesi_mpi", line 9, in <module>
    from redrock.utils import nersc_login_node
ImportError: No module named redrock.utils
    from redrock.utils import nersc_login_node
ImportError: No module named redrock.utils
Traceback (most recent call last):
  File "/global/homes/m/mjwilson/desi/BEAST/desihub//redrock/bin/rrdesi_mpi", line 9, in <module>
Traceback (most recent call last):
  File "/global/homes/m/mjwilson/desi/BEAST/desihub//redrock/bin/rrdesi_mpi", line 9, in <module>
Traceback (most recent call last):
  File "/global/homes/m/mjwilson/desi/BEAST/desihub//redrock/bin/rrdesi_mpi", line 9, in <module>
Traceback (most recent call last):
  File "/global/homes/m/mjwilson/desi/BEAST/desihub//redrock/bin/rrdesi_mpi", line 9, in <module>
    from redrock.utils import nersc_login_node
Traceback (most recent call last):
  File "/global/homes/m/mjwilson/desi/BEAST/desihub//redrock/bin/rrdesi_mpi", line 9, in <module>
    from redrock.utils import nersc_login_node
Traceback (most recent call last):
  File "/global/homes/m/mjwilson/desi/BEAST/desihub//redrock/bin/rrdesi_mpi", line 9, in <module>
Traceback (most recent call last):
  File "/global/homes/m/mjwilson/desi/BEAST/desihub//redrock/bin/rrdesi_mpi", line 9, in <module>
ImportError: No module named redrock.utils
ImportError: No module named redrock.utils
    from redrock.utils import nersc_login_node
Traceback (most recent call last):
  File "/global/homes/m/mjwilson/desi/BEAST/desihub//redrock/bin/rrdesi_mpi", line 9, in <module>
Traceback (most recent call last):
  File "/global/homes/m/mjwilson/desi/BEAST/desihub//redrock/bin/rrdesi_mpi", line 9, in <module>
    from redrock.utils import nersc_login_node
Traceback (most recent call last):
  File "/global/homes/m/mjwilson/desi/BEAST/desihub//redrock/bin/rrdesi_mpi", line 9, in <module>
    from redrock.utils import nersc_login_node
Traceback (most recent call last):
  File "/global/homes/m/mjwilson/desi/BEAST/desihub//redrock/bin/rrdesi_mpi", line 9, in <module>
Traceback (most recent call last):
  File "/global/homes/m/mjwilson/desi/BEAST/desihub//redrock/bin/rrdesi_mpi", line 9, in <module>
ImportError: No module named redrock.utils
ImportError: No module named redrock.utils
ImportError: No module named redrock.utils
    from redrock.utils import nersc_login_node
    from redrock.utils import nersc_login_node
    from redrock.utils import nersc_login_node
ImportError: No module named redrock.utils
    from redrock.utils import nersc_login_node
    from redrock.utils import nersc_login_node
ImportError: No module named redrock.utils
ImportError: No module named redrock.utils
ImportError: No module named redrock.utils
    from redrock.utils import nersc_login_node
ImportError: No module named redrock.utils
    from redrock.utils import nersc_login_node
ImportError: No module named redrock.utils
ImportError: No module named redrock.utils
Traceback (most recent call last):
  File "/global/homes/m/mjwilson/desi/BEAST/desihub//redrock/bin/rrdesi_mpi", line 9, in <module>
Traceback (most recent call last):
  File "/global/homes/m/mjwilson/desi/BEAST/desihub//redrock/bin/rrdesi_mpi", line 9, in <module>
Traceback (most recent call last):
  File "/global/homes/m/mjwilson/desi/BEAST/desihub//redrock/bin/rrdesi_mpi", line 9, in <module>
Traceback (most recent call last):
  File "/global/homes/m/mjwilson/desi/BEAST/desihub//redrock/bin/rrdesi_mpi", line 9, in <module>
Traceback (most recent call last):
  File "/global/homes/m/mjwilson/desi/BEAST/desihub//redrock/bin/rrdesi_mpi", line 9, in <module>
Traceback (most recent call last):
  File "/global/homes/m/mjwilson/desi/BEAST/desihub//redrock/bin/rrdesi_mpi", line 9, in <module>
Traceback (most recent call last):
  File "/global/homes/m/mjwilson/desi/BEAST/desihub//redrock/bin/rrdesi_mpi", line 9, in <module>
Traceback (most recent call last):
  File "/global/homes/m/mjwilson/desi/BEAST/desihub//redrock/bin/rrdesi_mpi", line 9, in <module>
    from redrock.utils import nersc_login_node
Traceback (most recent call last):
  File "/global/homes/m/mjwilson/desi/BEAST/desihub//redrock/bin/rrdesi_mpi", line 9, in <module>
    from redrock.utils import nersc_login_node
Traceback (most recent call last):
  File "/global/homes/m/mjwilson/desi/BEAST/desihub//redrock/bin/rrdesi_mpi", line 9, in <module>
    from redrock.utils import nersc_login_node
Traceback (most recent call last):
  File "/global/homes/m/mjwilson/desi/BEAST/desihub//redrock/bin/rrdesi_mpi", line 9, in <module>
Traceback (most recent call last):
  File "/global/homes/m/mjwilson/desi/BEAST/desihub//redrock/bin/rrdesi_mpi", line 9, in <module>
    from redrock.utils import nersc_login_node
    from redrock.utils import nersc_login_node
Traceback (most recent call last):
  File "/global/homes/m/mjwilson/desi/BEAST/desihub//redrock/bin/rrdesi_mpi", line 9, in <module>
Traceback (most recent call last):
  File "/global/homes/m/mjwilson/desi/BEAST/desihub//redrock/bin/rrdesi_mpi", line 9, in <module>
    from redrock.utils import nersc_login_node
Traceback (most recent call last):
  File "/global/homes/m/mjwilson/desi/BEAST/desihub//redrock/bin/rrdesi_mpi", line 9, in <module>
Traceback (most recent call last):
  File "/global/homes/m/mjwilson/desi/BEAST/desihub//redrock/bin/rrdesi_mpi", line 9, in <module>
    from redrock.utils import nersc_login_node
ImportError: No module named redrock.utils
    from redrock.utils import nersc_login_node
    from redrock.utils import nersc_login_node
ImportError: No module named redrock.utils
    from redrock.utils import nersc_login_node
ImportError: No module named redrock.utils
    from redrock.utils import nersc_login_node
    from redrock.utils import nersc_login_node
ImportError: No module named redrock.utils
ImportError: No module named redrock.utils
    from redrock.utils import nersc_login_node
ImportError: No module named redrock.utils
    from redrock.utils import nersc_login_node
ImportError: No module named redrock.utils
    from redrock.utils import nersc_login_node
ImportError: No module named redrock.utils
ImportError: No module named redrock.utils
ImportError: No module named redrock.utils
ImportError: No module named redrock.utils
ImportError: No module named redrock.utils
ImportError: No module named redrock.utils
ImportError: No module named redrock.utils
ImportError: No module named redrock.utils
    from redrock.utils import nersc_login_node
ImportError: No module named redrock.utils
Traceback (most recent call last):
  File "/global/homes/m/mjwilson/desi/BEAST/desihub//redrock/bin/rrdesi_mpi", line 9, in <module>
srun: error: nid00430: tasks 0-15: Exited with exit code 1
srun: Terminating job step 11735831.1
srun: error: nid00429: tasks 0-15: Exited with exit code 1
srun: Terminating job step 11735831.0
    from redrock.utils import nersc_login_node
ImportError: No module named redrock.utils
Traceback (most recent call last):
  File "/global/homes/m/mjwilson/desi/BEAST/desihub//redrock/bin/rrdesi_mpi", line 9, in <module>
Traceback (most recent call last):
  File "/global/homes/m/mjwilson/desi/BEAST/desihub//redrock/bin/rrdesi_mpi", line 9, in <module>
Traceback (most recent call last):
  File "/global/homes/m/mjwilson/desi/BEAST/desihub//redrock/bin/rrdesi_mpi", line 9, in <module>
    from redrock.utils import nersc_login_node
ImportError: No module named redrock.utils
    from redrock.utils import nersc_login_node
ImportError: No module named redrock.utils
    from redrock.utils import nersc_login_node
ImportError: No module named redrock.utils
Traceback (most recent call last):
  File "/global/homes/m/mjwilson/desi/BEAST/desihub//redrock/bin/rrdesi_mpi", line 9, in <module>
Traceback (most recent call last):
  File "/global/homes/m/mjwilson/desi/BEAST/desihub//redrock/bin/rrdesi_mpi", line 9, in <module>
    from redrock.utils import nersc_login_node
ImportError: No module named redrock.utils
    from redrock.utils import nersc_login_node
ImportError: No module named redrock.utils
Traceback (most recent call last):
  File "/global/homes/m/mjwilson/desi/BEAST/desihub//redrock/bin/rrdesi_mpi", line 9, in <module>
Traceback (most recent call last):
  File "/global/homes/m/mjwilson/desi/BEAST/desihub//redrock/bin/rrdesi_mpi", line 9, in <module>
Traceback (most recent call last):
  File "/global/homes/m/mjwilson/desi/BEAST/desihub//redrock/bin/rrdesi_mpi", line 9, in <module>
Traceback (most recent call last):
  File "/global/homes/m/mjwilson/desi/BEAST/desihub//redrock/bin/rrdesi_mpi", line 9, in <module>
    from redrock.utils import nersc_login_node
    from redrock.utils import nersc_login_node
Traceback (most recent call last):
  File "/global/homes/m/mjwilson/desi/BEAST/desihub//redrock/bin/rrdesi_mpi", line 9, in <module>
ImportError: No module named redrock.utils
Traceback (most recent call last):
  File "/global/homes/m/mjwilson/desi/BEAST/desihub//redrock/bin/rrdesi_mpi", line 9, in <module>
Traceback (most recent call last):
  File "/global/homes/m/mjwilson/desi/BEAST/desihub//redrock/bin/rrdesi_mpi", line 9, in <module>
ImportError: No module named redrock.utils
    from redrock.utils import nersc_login_node
Traceback (most recent call last):
  File "/global/homes/m/mjwilson/desi/BEAST/desihub//redrock/bin/rrdesi_mpi", line 9, in <module>
    from redrock.utils import nersc_login_node
Traceback (most recent call last):
  File "/global/homes/m/mjwilson/desi/BEAST/desihub//redrock/bin/rrdesi_mpi", line 9, in <module>
    from redrock.utils import nersc_login_node
Traceback (most recent call last):
  File "/global/homes/m/mjwilson/desi/BEAST/desihub//redrock/bin/rrdesi_mpi", line 9, in <module>
    from redrock.utils import nersc_login_node
ImportError: No module named redrock.utils
ImportError: No module named redrock.utils
    from redrock.utils import nersc_login_node
    from redrock.utils import nersc_login_node
ImportError: No module named redrock.utils
ImportError: No module named redrock.utils
ImportError: No module named redrock.utils
ImportError: No module named redrock.utils
    from redrock.utils import nersc_login_node
ImportError: No module named redrock.utils
    from redrock.utils import nersc_login_node
ImportError: No module named redrock.utils
srun: error: nid00538: tasks 0-15: Exited with exit code 1
srun: Terminating job step 11735831.2
Traceback (most recent call last):
  File "/global/homes/m/mjwilson/desi/BEAST/desihub//redrock/bin/rrdesi_mpi", line 9, in <module>
srun: error: nid00539: tasks 0-15: Exited with exit code 1
srun: Terminating job step 11735831.3
Traceback (most recent call last):
  File "/global/homes/m/mjwilson/desi/BEAST/desihub//redrock/bin/rrdesi_mpi", line 9, in <module>
Traceback (most recent call last):
  File "/global/homes/m/mjwilson/desi/BEAST/desihub//redrock/bin/rrdesi_mpi", line 9, in <module>
Traceback (most recent call last):
  File "/global/homes/m/mjwilson/desi/BEAST/desihub//redrock/bin/rrdesi_mpi", line 9, in <module>
Traceback (most recent call last):
  File "/global/homes/m/mjwilson/desi/BEAST/desihub//redrock/bin/rrdesi_mpi", line 9, in <module>
Traceback (most recent call last):
  File "/global/homes/m/mjwilson/desi/BEAST/desihub//redrock/bin/rrdesi_mpi", line 9, in <module>
Traceback (most recent call last):
  File "/global/homes/m/mjwilson/desi/BEAST/desihub//redrock/bin/rrdesi_mpi", line 9, in <module>
Traceback (most recent call last):
  File "/global/homes/m/mjwilson/desi/BEAST/desihub//redrock/bin/rrdesi_mpi", line 9, in <module>
Traceback (most recent call last):
  File "/global/homes/m/mjwilson/desi/BEAST/desihub//redrock/bin/rrdesi_mpi", line 9, in <module>
Traceback (most recent call last):
  File "/global/homes/m/mjwilson/desi/BEAST/desihub//redrock/bin/rrdesi_mpi", line 9, in <module>
Traceback (most recent call last):
  File "/global/homes/m/mjwilson/desi/BEAST/desihub//redrock/bin/rrdesi_mpi", line 9, in <module>
    from redrock.utils import nersc_login_node
    from redrock.utils import nersc_login_node
Traceback (most recent call last):
  File "/global/homes/m/mjwilson/desi/BEAST/desihub//redrock/bin/rrdesi_mpi", line 9, in <module>
Traceback (most recent call last):
  File "/global/homes/m/mjwilson/desi/BEAST/desihub//redrock/bin/rrdesi_mpi", line 9, in <module>
Traceback (most recent call last):
  File "/global/homes/m/mjwilson/desi/BEAST/desihub//redrock/bin/rrdesi_mpi", line 9, in <module>
    from redrock.utils import nersc_login_node
Traceback (most recent call last):
  File "/global/homes/m/mjwilson/desi/BEAST/desihub//redrock/bin/rrdesi_mpi", line 9, in <module>
    from redrock.utils import nersc_login_node
Traceback (most recent call last):
  File "/global/homes/m/mjwilson/desi/BEAST/desihub//redrock/bin/rrdesi_mpi", line 9, in <module>
    from redrock.utils import nersc_login_node
    from redrock.utils import nersc_login_node
    from redrock.utils import nersc_login_node
    from redrock.utils import nersc_login_node
    from redrock.utils import nersc_login_node
    from redrock.utils import nersc_login_node
ImportError: No module named redrock.utils
ImportError: No module named redrock.utils
ImportError: No module named redrock.utils
    from redrock.utils import nersc_login_node
ImportError: No module named redrock.utils
    from redrock.utils import nersc_login_node
    from redrock.utils import nersc_login_node
ImportError: No module named redrock.utils
    from redrock.utils import nersc_login_node
ImportError: No module named redrock.utils
ImportError: No module named redrock.utils
ImportError: No module named redrock.utils
ImportError: No module named redrock.utils
ImportError: No module named redrock.utils
ImportError: No module named redrock.utils
ImportError: No module named redrock.utils
ImportError: No module named redrock.utils
    from redrock.utils import nersc_login_node
ImportError: No module named redrock.utils
    from redrock.utils import nersc_login_node
ImportError: No module named redrock.utils
ImportError: No module named redrock.utils
srun: error: nid00543: tasks 0-15: Exited with exit code 1
srun: Terminating job step 11735831.4
srun: error: nid00544: tasks 0-15: Exited with exit code 1
srun: Terminating job step 11735831.5
srun: error: nid01042: tasks 0-15: Exited with exit code 1
srun: Terminating job step 11735831.6
Traceback (most recent call last):
  File "/global/homes/m/mjwilson/desi/BEAST/desihub//redrock/bin/rrdesi_mpi", line 9, in <module>
Traceback (most recent call last):
  File "/global/homes/m/mjwilson/desi/BEAST/desihub//redrock/bin/rrdesi_mpi", line 9, in <module>
    from redrock.utils import nersc_login_node
ImportError: No module named redrock.utils
    from redrock.utils import nersc_login_node
ImportError: No module named redrock.utils
Traceback (most recent call last):
  File "/global/homes/m/mjwilson/desi/BEAST/desihub//redrock/bin/rrdesi_mpi", line 9, in <module>
    from redrock.utils import nersc_login_node
ImportError: No module named redrock.utils
Traceback (most recent call last):
  File "/global/homes/m/mjwilson/desi/BEAST/desihub//redrock/bin/rrdesi_mpi", line 9, in <module>
Traceback (most recent call last):
  File "/global/homes/m/mjwilson/desi/BEAST/desihub//redrock/bin/rrdesi_mpi", line 9, in <module>
Traceback (most recent call last):
  File "/global/homes/m/mjwilson/desi/BEAST/desihub//redrock/bin/rrdesi_mpi", line 9, in <module>
Traceback (most recent call last):
  File "/global/homes/m/mjwilson/desi/BEAST/desihub//redrock/bin/rrdesi_mpi", line 9, in <module>
    from redrock.utils import nersc_login_node
    from redrock.utils import nersc_login_node
Traceback (most recent call last):
  File "/global/homes/m/mjwilson/desi/BEAST/desihub//redrock/bin/rrdesi_mpi", line 9, in <module>
ImportError: No module named redrock.utils
    from redrock.utils import nersc_login_node
ImportError: No module named redrock.utils
Traceback (most recent call last):
  File "/global/homes/m/mjwilson/desi/BEAST/desihub//redrock/bin/rrdesi_mpi", line 9, in <module>
    from redrock.utils import nersc_login_node
ImportError: No module named redrock.utils
ImportError: No module named redrock.utils
Traceback (most recent call last):
  File "/global/homes/m/mjwilson/desi/BEAST/desihub//redrock/bin/rrdesi_mpi", line 9, in <module>
    from redrock.utils import nersc_login_node
ImportError: No module named redrock.utils
    from redrock.utils import nersc_login_node
Traceback (most recent call last):
  File "/global/homes/m/mjwilson/desi/BEAST/desihub//redrock/bin/rrdesi_mpi", line 9, in <module>
ImportError: No module named redrock.utils
    from redrock.utils import nersc_login_node
Traceback (most recent call last):
  File "/global/homes/m/mjwilson/desi/BEAST/desihub//redrock/bin/rrdesi_mpi", line 9, in <module>
Traceback (most recent call last):
  File "/global/homes/m/mjwilson/desi/BEAST/desihub//redrock/bin/rrdesi_mpi", line 9, in <module>
ImportError: No module named redrock.utils
Traceback (most recent call last):
  File "/global/homes/m/mjwilson/desi/BEAST/desihub//redrock/bin/rrdesi_mpi", line 9, in <module>
    from redrock.utils import nersc_login_node
Traceback (most recent call last):
  File "/global/homes/m/mjwilson/desi/BEAST/desihub//redrock/bin/rrdesi_mpi", line 9, in <module>
Traceback (most recent call last):
  File "/global/homes/m/mjwilson/desi/BEAST/desihub//redrock/bin/rrdesi_mpi", line 9, in <module>
    from redrock.utils import nersc_login_node
ImportError: No module named redrock.utils
    from redrock.utils import nersc_login_node
    from redrock.utils import nersc_login_node
ImportError: No module named redrock.utils
    from redrock.utils import nersc_login_node
ImportError: No module named redrock.utils
ImportError: No module named redrock.utils
ImportError: No module named redrock.utils
    from redrock.utils import nersc_login_node
ImportError: No module named redrock.utils
Traceback (most recent call last):
  File "/global/homes/m/mjwilson/desi/BEAST/desihub//redrock/bin/rrdesi_mpi", line 9, in <module>
    from redrock.utils import nersc_login_node
ImportError: No module named redrock.utils
Traceback (most recent call last):
  File "/global/homes/m/mjwilson/desi/BEAST/desihub//redrock/bin/rrdesi_mpi", line 9, in <module>
Traceback (most recent call last):
  File "/global/homes/m/mjwilson/desi/BEAST/desihub//redrock/bin/rrdesi_mpi", line 9, in <module>
    from redrock.utils import nersc_login_node
ImportError: No module named redrock.utils
    from redrock.utils import nersc_login_node
ImportError: No module named redrock.utils
Traceback (most recent call last):
  File "/global/homes/m/mjwilson/desi/BEAST/desihub//redrock/bin/rrdesi_mpi", line 9, in <module>
Traceback (most recent call last):
  File "/global/homes/m/mjwilson/desi/BEAST/desihub//redrock/bin/rrdesi_mpi", line 9, in <module>
    from redrock.utils import nersc_login_node
Traceback (most recent call last):
  File "/global/homes/m/mjwilson/desi/BEAST/desihub//redrock/bin/rrdesi_mpi", line 9, in <module>
ImportError: No module named redrock.utils
    from redrock.utils import nersc_login_node
Traceback (most recent call last):
  File "/global/homes/m/mjwilson/desi/BEAST/desihub//redrock/bin/rrdesi_mpi", line 9, in <module>
Traceback (most recent call last):
  File "/global/homes/m/mjwilson/desi/BEAST/desihub//redrock/bin/rrdesi_mpi", line 9, in <module>
ImportError: No module named redrock.utils
Traceback (most recent call last):
  File "/global/homes/m/mjwilson/desi/BEAST/desihub//redrock/bin/rrdesi_mpi", line 9, in <module>
    from redrock.utils import nersc_login_node
Traceback (most recent call last):
  File "/global/homes/m/mjwilson/desi/BEAST/desihub//redrock/bin/rrdesi_mpi", line 9, in <module>
    from redrock.utils import nersc_login_node
Traceback (most recent call last):
  File "/global/homes/m/mjwilson/desi/BEAST/desihub//redrock/bin/rrdesi_mpi", line 9, in <module>
Traceback (most recent call last):
  File "/global/homes/m/mjwilson/desi/BEAST/desihub//redrock/bin/rrdesi_mpi", line 9, in <module>
ImportError: No module named redrock.utils
    from redrock.utils import nersc_login_node
    from redrock.utils import nersc_login_node
Traceback (most recent call last):
  File "/global/homes/m/mjwilson/desi/BEAST/desihub//redrock/bin/rrdesi_mpi", line 9, in <module>
Traceback (most recent call last):
  File "/global/homes/m/mjwilson/desi/BEAST/desihub//redrock/bin/rrdesi_mpi", line 9, in <module>
ImportError: No module named redrock.utils
    from redrock.utils import nersc_login_node
Traceback (most recent call last):
  File "/global/homes/m/mjwilson/desi/BEAST/desihub//redrock/bin/rrdesi_mpi", line 9, in <module>
    from redrock.utils import nersc_login_node
ImportError: No module named redrock.utils
ImportError: No module named redrock.utils
ImportError: No module named redrock.utils
    from redrock.utils import nersc_login_node
Traceback (most recent call last):
  File "/global/homes/m/mjwilson/desi/BEAST/desihub//redrock/bin/rrdesi_mpi", line 9, in <module>
    from redrock.utils import nersc_login_node
    from redrock.utils import nersc_login_node
ImportError: No module named redrock.utils
ImportError: No module named redrock.utils
    from redrock.utils import nersc_login_node
ImportError: No module named redrock.utils
ImportError: No module named redrock.utils
    from redrock.utils import nersc_login_node
ImportError: No module named redrock.utils
ImportError: No module named redrock.utils
srun: error: nid01043: tasks 0-15: Exited with exit code 1
srun: Terminating job step 11735831.7
srun: error: nid01372: tasks 0-15: Exited with exit code 1
srun: Terminating job step 11735831.8
Traceback (most recent call last):
  File "/global/homes/m/mjwilson/desi/BEAST/desihub//redrock/bin/rrdesi_mpi", line 9, in <module>
    from redrock.utils import nersc_login_node
ImportError: No module named redrock.utils
Traceback (most recent call last):
  File "/global/homes/m/mjwilson/desi/BEAST/desihub//redrock/bin/rrdesi_mpi", line 9, in <module>
    from redrock.utils import nersc_login_node
ImportError: No module named redrock.utils
Traceback (most recent call last):
  File "/global/homes/m/mjwilson/desi/BEAST/desihub//redrock/bin/rrdesi_mpi", line 9, in <module>
    from redrock.utils import nersc_login_node
ImportError: No module named redrock.utils
Traceback (most recent call last):
  File "/global/homes/m/mjwilson/desi/BEAST/desihub//redrock/bin/rrdesi_mpi", line 9, in <module>
Traceback (most recent call last):
  File "/global/homes/m/mjwilson/desi/BEAST/desihub//redrock/bin/rrdesi_mpi", line 9, in <module>
    from redrock.utils import nersc_login_node
Traceback (most recent call last):
  File "/global/homes/m/mjwilson/desi/BEAST/desihub//redrock/bin/rrdesi_mpi", line 9, in <module>
ImportError: No module named redrock.utils
    from redrock.utils import nersc_login_node
ImportError: No module named redrock.utils
    from redrock.utils import nersc_login_node
ImportError: No module named redrock.utils
Traceback (most recent call last):
  File "/global/homes/m/mjwilson/desi/BEAST/desihub//redrock/bin/rrdesi_mpi", line 9, in <module>
    from redrock.utils import nersc_login_node
ImportError: No module named redrock.utils
Traceback (most recent call last):
  File "/global/homes/m/mjwilson/desi/BEAST/desihub//redrock/bin/rrdesi_mpi", line 9, in <module>
Traceback (most recent call last):
  File "/global/homes/m/mjwilson/desi/BEAST/desihub//redrock/bin/rrdesi_mpi", line 9, in <module>
    from redrock.utils import nersc_login_node
Traceback (most recent call last):
  File "/global/homes/m/mjwilson/desi/BEAST/desihub//redrock/bin/rrdesi_mpi", line 9, in <module>
ImportError: No module named redrock.utils
    from redrock.utils import nersc_login_node
    from redrock.utils import nersc_login_node
ImportError: No module named redrock.utils
ImportError: No module named redrock.utils
Traceback (most recent call last):
  File "/global/homes/m/mjwilson/desi/BEAST/desihub//redrock/bin/rrdesi_mpi", line 9, in <module>
Traceback (most recent call last):
  File "/global/homes/m/mjwilson/desi/BEAST/desihub//redrock/bin/rrdesi_mpi", line 9, in <module>
    from redrock.utils import nersc_login_node
Traceback (most recent call last):
  File "/global/homes/m/mjwilson/desi/BEAST/desihub//redrock/bin/rrdesi_mpi", line 9, in <module>
    from redrock.utils import nersc_login_node
ImportError: No module named redrock.utils
Traceback (most recent call last):
  File "/global/homes/m/mjwilson/desi/BEAST/desihub//redrock/bin/rrdesi_mpi", line 9, in <module>
Traceback (most recent call last):
  File "/global/homes/m/mjwilson/desi/BEAST/desihub//redrock/bin/rrdesi_mpi", line 9, in <module>
ImportError: No module named redrock.utils
    from redrock.utils import nersc_login_node
Traceback (most recent call last):
  File "/global/homes/m/mjwilson/desi/BEAST/desihub//redrock/bin/rrdesi_mpi", line 9, in <module>
ImportError: No module named redrock.utils
    from redrock.utils import nersc_login_node
    from redrock.utils import nersc_login_node
ImportError: No module named redrock.utils
ImportError: No module named redrock.utils
    from redrock.utils import nersc_login_node
ImportError: No module named redrock.utils
srun: error: nid00429: tasks 0-15: Exited with exit code 1
srun: Terminating job step 11735831.9
